3 322491211 1241124196 0.0306 0.0000 76 1 0 19 32144 32144 19 282.42
4 322491211 1553760997 0.0306 0.0000 76 1 0 19 32144 32144 19 282.75
5 322491211 1866384219 0.0306 0.0000 76 1 0 10 28430 28430 10 420.17
6 322491211 1866384219 1.0000 0.0000 76 1 1 76 0 0 76 606.76
7 322490981 1866416902 0.9999 0.0000 77 2 1 76 3 3 76 494.09
8 322491211 1866449815 0.9999 0.0000 77 2 1 76 3 3 76 555.40
9 322491288 1866482805 0.9999 0.0000 77 2 1 76 3 3 76 595.10
10 322886575 2176848959 0.0388 0.0000 77 2 0 36 65635 65635 36 268.90
11 1073741824 3250590783 0.0000 0.0000 259 1 0 0 98514 98514 0 573.86
12 322886575 3376478051 0.6101 0.0000 101 28 0 78 11520 11520 78 504.26
13 68719476736 72095954787 0.0000 0.0000 16537 0 0 0 6309721 6309721 0 154.71
14 322886575 72095954787 1.0000 0.0000 101 28 0 101 0 0 101 569.51
15 323021589 72140780845 0.8612 0.0000 88 10 0 79 9407 9407 79 203.86
16 327390195 72257813785 0.6425 0.0000 117 40 9 103 24004 24004 103 254.13
17 310275700 72407262796 0.5183 0.0000 105 36 2 77 13679 13679 77 492.04
18 323431703 72407705478 0.9986 0.0000 89 11 0 88 84 84 88 251.10
19 323431703 72717120760 0.0433 0.0000 77 3 2 13 72893 72893 13 377.86
20 310275854 72865422064 0.5220 0.0000 151 76 2 130 30387 30387 130 191.69
21 324962258 72912671565 0.8546 0.0000 148 69 42 139 9813 9813 139 224.35
22 327213585 73024527006 0.6582 0.0000 190 112 50 257 22518 22518 257 206.55
23 327213585 73145445572 0.6305 0.0000 99 20 2 79 29175 29175 79 254.95
24 327213585 73145445572 1.0000 0.0000 99 20 16 99 0 0 99 378.39
25 327213585 73145716067 0.9992 0.0000 191 113 2 282 70 70 282 239.55
26 327213585 73460211488 0.0389 0.0000 79 3 2 15 76833 76833 15 289.59
27 327213585 73460211488 1.0000 0.0000 79 3 3 79 0 0 79 398.05
28 327213585 73460211488 1.0000 0.0000 79 3 3 79 0 0 79 381.10
29 327213585 73787402014 0.0001 0.0000 129 4 2 3 146 146 3 238.14
30 327213585 73787402014 1.0000 0.0000 129 4 4 129 0 0 129 648.26
31 327213585 74023079557 0.2797 0.0000 234 177 2 236 44573 44573 236 200.33
32 327213585 74023079557 1.0000 0.0000 234 177 111 294 0 0 294 253.28
33 322491215 74127108903 0.6774 0.0000 217 140 97 286 20858 20858 286 237.37
34 322491215 74127141820 0.9999 0.0000 77 2 0 76 3 3 76 583.55
35 313252166 74127177720 0.9999 0.0000 152 77 0 165 14 14 165 241.09
36 322491060 74127210482 0.9999 0.0000 218 141 62 326 10 10 326 229.81
37 322491060 74127243244 0.9999 0.0000 77 2 0 76 3 3 76 563.69
38 322491064 74127276010 0.9999 0.0000 77 2 1 76 3 3 76 542.06
39 313548990 74127308426 0.9999 0.0000 107 37 0 106 4 4 106 576.35
40 3356142916 77304896950 0.0532 0.0000 767 2 0 190 289378 289378 190 238.43
41 3356142916 77304896950 1.0000 0.0000 767 2 2 931 0 0 931 618.99
42 3382220352 79865191236 0.2430 0.0000 1063 288 2 771 233176 233176 771 439.24
43 3617180808 82653436902 0.2292 0.0000 1097 263 164 677 254092 254092 677 414.95
44 3617180808 82653436902 1.0000 0.0000 1097 263 263 1344 0 0 1344 605.70
45 131767722 82660843626 0.9438 0.0000 85 51 31 83 665 665 83 547.86
46 131767722 82660843626 1.0000 0.0000 85 51 23 85 0 0 85 544.25
47 418582958 82905611620 0.4152 0.0000 126 34 2 91 22330 22330 91 369.30
48 425910573 82954288284 0.8857 0.0000 138 41 21 131 4474 4474 131 562.03
49 433322175 82961746440 0.9828 0.0000 140 41 21 139 691 691 139 579.85
50 433322175 82961746440 1.0000 0.0000 140 41 22 141 0 0 141 575.68
51 433322175 82961746440 1.0000 0.0000 140 41 22 141 0 0 141 574.71
52 429906547 82961795805 0.9999 0.0000 141 43 22 141 6 6 141 563.44
53 423524064 82966784132 0.9882 0.0000 128 35 20 126 452 452 126 586.94
54 433893538 82967411730 0.9986 0.0000 141 42 20 141 56 56 141 525.31
0 428026506 402990376 0.0585 0.0000 97 0 0 28 36712 36712 28 588.78
1 423606150 450420442 0.8880 0.0000 109 9 0 101 4324 4324 101 581.81
2 430820014 453260597 0.9934 0.0000 98 0 0 97 266 266 97 588.09
3 432403960 454900869 0.9962 0.0000 99 1 0 98 157 157 98 552.05
4 373385288 601765678 0.6067 0.0000 126 42 0 103 13417 13417 103 359.66
0 373948138 353794070 0.0539 0.0000 86 1 0 18 32193 32193 18 554.12
0 374305357 353795560 0.0548 0.0000 86 1 0 15 32193 32193 15 593.51
0 373954636 354681439 0.0515 0.0000 86 1 0 14 32282 32282 14 588.97
0 374073651 354800454 0.0515 0.0000 86 1 0 15 32296 32296 15 586.24
0 373107975 352039892 0.0565 0.0000 85 0 0 21 32044 32044 21 417.84
0 375592233 355546514 0.0534 0.0000 86 0 0 16 32357 32357 16 596.28
0 373765851 354492654 0.0516 0.0000 86 1 0 18 32267 32267 18 595.22
0 373905660 353776924 0.0538 0.0000 86 1 0 20 32192 32192 20 546.87
0 476806095 451340417 0.0534 0.0000 109 0 0 29 40806 40806 29 591.15
1 476806095 451340417 1.0000 0.0000 109 0 0 109 0 0 109 591.15
0 187952228 181499299 0.0343 0.0000 44 0 0 5 16605 16605 5 574.73
0 480830548 449673549 0.0648 0.0000 109 1 0 24 40635 40635 24 536.96
1 480830548 449673549 1.0000 0.0000 109 1 1 109 0 0 109 596.29
0 180658726 177191957 0.0192 0.0000 43 0 0 6 16203 16203 6 578.98
0 51377716 51377716 0.0000 0.0000 13 1 0 0 4707 4707 0 501.56
0 186853536 180400607 0.0345 0.0000 44 1 0 5 16504 16504 5 540.66
0 477095975 451630297 0.0534 0.0000 109 0 0 30 40834 40834 30 557.54
0 114880534 111865963 0.0262 0.0000 27 0 0 4 10285 10285 4 522.17
0 484653724 459721890 0.0514 0.0000 111 0 0 6 41571 41571 6 591.39
1 481560591 658961228 0.5863 0.0000 130 19 0 84 18059 18059 84 509.99
2 1140280299 1720750343 0.0688 0.0000 257 1 0 37 95136 95136 37 553.85
3 2938976251 4468165222 0.0652 0.0000 664 3 1 166 247394 247394 166 430.47
4 6672144017 10631966347 0.0762 0.0000 1486 3 1 830 554102 554102 830 376.91
5 40175935897 39920315483 0.2710 0.0000 7054 6 2 26703 2559339 2559339 26703 272.19
6 89870263758 92097968999 0.4194 0.0000 12643 83 4 89339 4454407 4454407 89339 309.23
7 487488376 92098025798 0.9999 0.0000 114 2 0 113 7 7 113 504.56
11 488491574 92098087241 0.9999 0.0000 114 2 0 113 7 7 113 538.65
12 487305957 92098145312 0.9999 0.0000 114 2 1 113 6 6 113 549.75
13 487952674 92098199899 0.9999 0.0000 114 2 1 113 6 6 113 574.23
14 486949459 92098250368 0.9999 0.0000 114 2 1 113 6 6 113 593.06
15 480622647 92236756965 0.7118 0.0000 137 26 1 105 12555 12555 105 486.96
0 487525689 462593855 0.0511 0.0000 112 1 0 8 41826 41826 8 594.77
0 487840752 462908918 0.0511 0.0000 112 1 0 7 41857 41857 7 589.24
0 487911221 462979387 0.0511 0.0000 112 1 0 6 41862 41862 6 498.20
0 1097525452 1027695987 0.0636 0.0000 248 1 0 35 92172 92172 35 581.11
0 2944297419 2752755616 0.0651 0.0000 663 1 0 173 247905 247905 173 471.30
0 526227235 493045679 0.0631 0.0000 119 0 0 37 44566 44566 37 586.22
0 1193681735 1110609837 0.0696 0.0000 268 1 0 87 99684 99684 87 552.51
0 526227235 493045679 0.0631 0.0000 119 0 0 37 44566 44566 37 596.76
0 1193681735 1110609837 0.0696 0.0000 268 1 0 87 99684 99684 87 548.01
0 2902122242 2710889082 0.0659 0.0000 653 1 0 279 244222 244222 279 482.03
0 7068016647 6477054827 0.0836 0.0000 1559 0 0 2351 582487 582487 2351 440.99
0 526227235 493045679 0.0631 0.0000 119 0 0 37 44566 44566 37 581.74
0 1193681735 1110609837 0.0696 0.0000 268 1 0 87 99684 99684 87 562.66
0 526227235 493045679 0.0631 0.0000 119 0 0 37 44566 44566 37 573.45
0 1193681735 1110609837 0.0696 0.0000 268 1 0 87 99684 99684 87 553.78
0 526227235 493045679 0.0631 0.0000 119 0 0 37 44566 44566 37 587.64
0 1193681735 1110609837 0.0696 0.0000 268 1 0 87 99684 99684 87 557.56
0 526227235 493045679 0.0631 0.0000 119 0 0 37 44566 44566 37 579.83
0 1193681735 1110609837 0.0696 0.0000 268 1 0 87 99684 99684 87 555.19
0 526227235 493045679 0.0631 0.0000 119 0 0 37 44566 44566 37 594.57
0 1193681735 1110609837 0.0696 0.0000 268 1 0 87 99684 99684 87 564.81
0 526227235 493045679 0.0631 0.0000 119 0 0 37 44566 44566 37 585.13
0 1193681735 1110609837 0.0696 0.0000 268 1 0 87 99684 99684 87 565.78
0 526227235 493045679 0.0631 0.0000 119 0 0 37 44566 44566 37 587.64
0 1193681735 1110609837 0.0696 0.0000 268 1 0 87 99684 99684 87 564.67
0 526227235 493045679 0.0631 0.0000 119 0 0 37 44566 44566 37 578.27
0 1193681735 1110609837 0.0696 0.0000 268 1 0 87 99684 99684 87 577.13
0 526227235 493045679 0.0631 0.0000 119 0 0 37 44566 44566 37 561.20
0 1193681735 1110609837 0.0696 0.0000 268 1 0 87 99684 99684 87 571.03
0 526227235 493045679 0.0631 0.0000 119 0 0 37 44566 44566 37 587.84
0 1193681735 1110609837 0.0696 0.0000 268 1 0 87 99684 99684 87 560.45
0 526227235 493045679 0.0631 0.0000 119 0 0 37 44566 44566 37 547.15
0 1193681735 1110609837 0.0696 0.0000 268 1 0 87 99684 99684 87 568.55
0 2902122242 2710889082 0.0659 0.0000 653 1 0 279 244222 244222 279 490.42
0 7068016647 6477054827 0.0836 0.0000 1559 0 0 2351 582487 582487 2351 441.33
0 41750058965 30213446999 0.2763 0.0000 7272 1 0 106488 2639480 2639480 106488 394.24
0 91135254221 52458412731 0.4244 0.0000 12625 0 0 384220 4478218 4478218 384220 388.75
0 481627588 458458782 0.0481 0.0000 111 1 0 28 41438 41438 28 569.27
0 1105797655 1035065660 0.0640 0.0000 250 1 0 78 92882 92882 78 438.97
0 481461948 458293142 0.0481 0.0000 111 1 0 27 41423 41423 27 589.76
0 1097451746 1027622281 0.0636 0.0000 248 1 0 84 92162 92162 84 562.02
0 2855322392 2679628124 0.0615 0.0000 645 0 0 271 241365 241365 271 492.31
0 488752237 463578384 0.0515 0.0000 112 0 0 26 41917 41917 26 584.56
0 1098625666 1028796201 0.0636 0.0000 248 0 0 77 92267 92267 77 576.98
0 2936731167 2746047166 0.0649 0.0000 661 0 0 275 247282 247282 275 491.28
0 7065189800 6474263400 0.0836 0.0000 1559 1 0 2307 582238 582238 2307 440.27
0 41534026142 30092514309 0.2755 0.0000 7242 0 0 105313 2628843 2628843 105313 396.01
0 90239600826 52315205047 0.4203 0.0000 12591 1 0 381043 4465759 4465759 381043 399.25
2 311607601 52745297221 0.0422 0.0000 73 1 0 17 27175 27175 17 567.74
0 311607601 298457624 0.0422 0.0000 72 0 0 16 27176 27176 16 571.50
0 90239600826 52315205047 0.4203 0.0000 12591 1 0 381043 4465759 4465759 381043 397.95
0 90239600826 52807090554 0.4148 0.0000 12709 1 0 404046 4526474 4526474 404046 376.95
0 90239600826 52772436420 0.4152 0.0000 12701 1 0 396890 4523296 4523296 396890 379.13
0 90239600826 21760093883 0.7589 0.0000 9108 1 0 3408590 10646281 10646281 3408590 64.37
0 488752237 455065106 0.0689 0.0000 387 376 0 264 451481 451481 264 92.14
0 488752237 458878201 0.0611 0.0000 259 229 0 157 302283 302283 157 147.98
0 488752237 461581350 0.0556 0.0000 161 1 0 102 187775 187775 102 207.39
0 488752237 462841900 0.0530 0.0000 112 1 0 67 105080 105080 67 237.06
0 488752237 463363956 0.0519 0.0000 112 0 0 57 55776 55776 57 270.85
0 488752237 455065106 0.0689 0.0000 387 376 0 264 451481 451481 264 93.51
0 488752237 458878201 0.0611 0.0000 259 229 0 157 302283 302283 157 148.10
0 488752237 461581350 0.0556 0.0000 161 1 0 102 187775 187775 102 216.42
0 488752237 462841900 0.0530 0.0000 112 1 0 67 105080 105080 67 247.77
0 488752237 463363956 0.0519 0.0000 112 0 0 57 55776 55776 57 256.55
0 90239600826 5854398794 0.9351 0.0000 4312 1434 0 932250 5039946 5039946 932250 110.78
0 90239600826 9951642673 0.8897 0.0000 4197 7 0 817384 4905830 4905830 817384 134.23
0 90239600826 17358298475 0.8076 0.0000 4181 1 0 697105 4773403 4773403 697105 161.69
0 90239600826 29112523312 0.6774 0.0000 7004 1 0 589839 4454686 4454686 589839 200.39
0 90239600826 43961996741 0.5128 0.0000 10589 2 0 443876 3496855 3496855 443876 233.06
0 41534026142 5631201073 0.8644 0.0000 4099 1485 0 843042 4790585 4790585 843042 80.94
0 41534026142 9447118140 0.7725 0.0000 3944 3 0 601958 4610073 4610073 601958 103.39
0 41534026142 15215890060 0.6337 0.0000 3675 0 0 400035 4177643 4177643 400035 134.15
0 41534026142 20908274002 0.4966 0.0000 5030 1 0 275897 3376851 3376851 275897 183.72
0 41534026142 26583009841 0.3600 0.0000 6402 0 0 180534 2294451 2294451 180534 226.57
0 1117666824 1039094075 0.0703 0.0000 250 0 0 277 227275 227275 277 206.16
0 2936731167 2705167317 0.0789 0.0000 651 0 0 4248 579200 579200 4248 173.34
0 488752237 463578384 0.0515 0.0000 112 0 0 26 41917 41917 26 587.26
0 1117666824 1045613328 0.0645 0.0000 252 0 0 69 93701 93701 69 565.67
0 2936731167 2746047166 0.0649 0.0000 661 0 0 275 247282 247282 275 473.20
0 7065189800 6474263400 0.0836 0.0000 1559 1 0 2307 582238 582238 2307 424.29
0 41534026142 30092514309 0.2755 0.0000 7242 0 0 105313 2628843 2628843 105313 397.35
0 90239600826 52315205047 0.4203 0.0000 12591 1 0 381043 4465759 4465759 381043 384.76
0 484865124 457162306 0.0571 0.0000 111 1 0 29 41325 41325 29 520.71
0 1120120501 1047449739 0.0649 0.0000 253 1 0 72 93872 93872 72 559.54
0 496890479 468312670 0.0575 0.0000 113 0 0 32 42317 42317 32 505.05
0 1098712511 1028796634 0.0636 0.0000 248 0 0 80 92268 92268 80 526.40
0 498033930 469456121 0.0574 0.0000 113 0 0 33 42422 42422 33 439.33
0 1097174262 1027344797 0.0636 0.0000 248 1 0 77 92141 92141 77 487.44
0 2936731167 2743969157 0.0656 0.0000 661 1 0 736 285604 285604 736 406.62
1 2936731167 5384111539 0.1010 0.0000 841 4 0 7582 978904 978904 7582 148.69
2 2936731167 5384111539 1.0000 0.0000 661 1 0 1376 0 0 1376 598.78
3 2936731167 8089416360 0.0788 0.0000 1359 664 1 3114 812570 812570 3114 209.70
4 2936731167 9878986917 0.3906 0.0000 1494 957 5 8234 623491 623491 8234 184.80
5 2936731167 12257790915 0.1900 0.0000 1931 1359 122 4173 407241 407241 4173 295.02
6 2936731167 14240482309 0.3249 0.0000 1852 1375 3 11187 307168 307168 11187 189.21
0 498033930 469279651 0.0577 0.0000 113 0 0 46 80895 80895 46 472.90
0 498033930 461692615 0.0730 0.0000 372 354 0 239 433802 433802 239 99.29
0 1097174262 976412589 0.1101 0.0000 761 710 0 1982 888789 888789 1982 82.47
0 498033930 458592030 0.0792 0.0000 502 502 0 361 585765 585765 361 73.97
0 498033930 461692615 0.0730 0.0000 372 354 0 239 433802 433802 239 101.52
0 498033930 465187912 0.0660 0.0000 257 227 0 146 299607 299607 146 144.96
0 498033930 458549707 0.0793 0.0000 501 501 0 377 585125 585125 377 74.22
0 498033930 465911421 0.0645 0.0000 286 260 0 142 333585 333585 142 151.97
0 498033930 468430560 0.0594 0.0000 159 0 0 88 185662 185662 88 264.41
0 498033930 469089595 0.0581 0.0000 113 0 0 59 98041 98041 59 431.04
0 498033930 469345186 0.0576 0.0000 113 0 0 53 50454 50454 53 533.04
0 498033930 469341450 0.0576 0.0000 113 0 0 32 114716 114716 32 404.79
0 498033930 468778271 0.0587 0.0000 113 0 0 70 106505 106505 70 256.99
0 498033930 469300400 0.0577 0.0000 113 0 0 33 110573 110573 33 448.19
0 498033930 468778271 0.0587 0.0000 113 0 0 70 106441 106441 70 234.95
0 498033930 469089595 0.0581 0.0000 113 0 0 59 98041 98041 59 424.13
0 498033930 469341450 0.0576 0.0000 113 0 0 32 114716 114716 32 389.24
0 498033930 468778271 0.0587 0.0000 113 0 0 70 106505 106505 70 240.88
0 498033930 469300400 0.0577 0.0000 113 0 0 33 110573 110573 33 453.58
0 498033930 468778271 0.0587 0.0000 113 0 0 70 106441 106441 70 233.20
0 498033930 469089595 0.0581 0.0000 113 0 0 59 98041 98041 59 430.87
0 1097174262 1030720758 0.0606 0.0000 248 0 0 65 251915 251915 65 398.82
0 1097174262 1021669502 0.0688 0.0000 246 0 0 300 224226 224226 300 202.21
0 1097174262 1026192315 0.0647 0.0000 247 0 0 97 240682 240682 97 394.39
0 1097174262 1021669548 0.0688 0.0000 246 0 0 300 224095 224095 300 203.21
0 1097174262 1024776166 0.0660 0.0000 247 1 0 214 208059 208059 214 333.23
0 2936731167 2763314719 0.0591 0.0000 665 1 0 163 675188 675188 163 338.02
0 2936731167 2705167131 0.0789 0.0000 651 0 0 4253 579549 579549 4253 173.73
0 2936731167 2737265352 0.0679 0.0000 659 1 0 718 646269 646269 718 314.70
0 2936731167 2705167317 0.0789 0.0000 651 0 0 4248 579200 579200 4248 173.78
0 2936731167 2726754789 0.0715 0.0000 656 0 0 2660 546849 546849 2660 266.15
0 7065189800 6606566797 0.0649 0.0000 1589 1 0 548 1614688 1614688 548 311.59
0 7065189800 6200692152 0.1224 0.0000 1492 1 0 22997 1267103 1267103 22997 165.74
0 7065189800 6314870207 0.1062 0.0000 1519 1 0 6813 1471810 1471810 6813 242.49
0 7065189800 6200709610 0.1224 0.0000 1492 1 0 22985 1265981 1265981 22985 165.80
0 7065189800 6297541223 0.1087 0.0000 1515 1 0 15065 1236971 1236971 15065 234.68
0 41534026142 38405495741 0.0753 0.0000 9235 1 0 58195 9386987 9386987 58195 240.67
0 41534026142 20907963110 0.4966 0.0000 5030 1 0 276288 3384155 3384155 276288 191.99
0 41534026142 18548834993 0.5534 0.0000 4460 1 0 288277 4501455 4501455 288277 205.89
0 41534026142 20908274002 0.4966 0.0000 5030 1 0 275897 3376851 3376851 275897 185.66
0 41534026142 21642948355 0.4789 0.0000 5206 1 0 255586 3773398 3773398 255586 245.24
0 90239600826 42465278257 0.5294 0.0000 10210 0 0 1684268 10383751 10383751 1684268 119.79
0 90239600826 29102918228 0.6775 0.0000 7002 2 0 591448 4469983 4469983 591448 205.44
0 90239600826 23094117370 0.7441 0.0000 5554 2 0 559055 4712129 4712129 559055 271.62
0 90239600826 29112523312 0.6774 0.0000 7004 1 0 589839 4454686 4454686 589839 205.95
0 90239600826 28728395758 0.6816 0.0000 6910 1 0 557505 4678566 4678566 557505 302.57
0 90239600826 42465278257 0.5294 0.0000 10210 0 0 1684268 10383751 10383751 1684268 121.56
0 90239600826 42465278257 0.5294 0.0000 10210 0 0 1684268 10383751 10383751 1684268 117.19
0 90239600826 29102918228 0.6775 0.0000 7002 2 0 591448 4469983 4469983 591448 202.95
0 90239600826 23094117370 0.7441 0.0000 5554 2 0 559055 4712129 4712129 559055 265.04
0 90239600826 29112523312 0.6774 0.0000 7004 1 0 589839 4454686 4454686 589839 201.37
0 90239600826 28728395758 0.6816 0.0000 6910 1 0 557505 4678566 4678566 557505 308.87
0 90239600826 26590310460 0.7053 0.0000 6395 1 0 597736 4778798 4778798 597736 191.19
0 41534026142 5797972770 0.8604 0.0000 9697 8263 0 8307948 11335577 11335577 8307948 16.21
0 41534026142 5627530620 0.8645 0.0000 4102 1490 0 844536 4794389 4794389 844536 82.94
0 41534026142 3090011018 0.9256 0.0000 4171 3065 0 331663 4875248 4875248 331663 85.42
0 41534026142 5631201073 0.8644 0.0000 4099 1485 0 843042 4790585 4790585 843042 82.13
0 41534026142 4339701556 0.8955 0.0000 4200 2236 0 615462 4909277 4909277 615462 88.64
0 41534026142 10743942240 0.7413 0.0000 8987 7489 0 7571115 10504966 10504966 7571115 20.12
0 41534026142 9444694543 0.7726 0.0000 3949 3 0 602504 4615795 4615795 602504 109.21
0 41534026142 5704223205 0.8627 0.0000 4079 1471 0 328164 4767712 4767712 328164 124.92
0 41534026142 9447118140 0.7725 0.0000 3944 3 0 601958 4610073 4610073 601958 110.71
0 41534026142 8283322942 0.8006 0.0000 4067 189 0 479712 4753779 4753779 479712 116.46
0 41534026142 19964961465 0.5193 0.0000 8351 1 0 6446904 9761911 9761911 6446904 25.01
0 41534026142 15215656874 0.6337 0.0000 3676 0 0 400996 4184471 4184471 400996 132.88
0 41534026142 10642549406 0.7438 0.0000 3910 2 0 321827 4569613 4569613 321827 166.50
0 41534026142 15215890060 0.6337 0.0000 3675 0 0 400035 4177643 4177643 400035 135.89
0 41534026142 14120069526 0.6600 0.0000 3948 1 0 378192 4614328 4614328 378192 156.17
0 41534026142 38405495741 0.0753 0.0000 9235 1 0 58195 9386987 9386987 58195 237.26
0 41534026142 20907963110 0.4966 0.0000 5030 1 0 276288 3384155 3384155 276288 187.53
0 41534026142 18548834993 0.5534 0.0000 4460 1 0 288277 4501455 4501455 288277 204.84
0 41534026142 20908274002 0.4966 0.0000 5030 1 0 275897 3376851 3376851 275897 194.62
0 41534026142 21642948355 0.4789 0.0000 5206 1 0 255586 3773398 3773398 255586 246.77
0 41534026142 38742859276 0.0672 0.0000 9319 0 0 7223 4743562 4743562 7223 390.48
0 41534026142 26581374590 0.3600 0.0000 6402 0 0 180698 2302020 2302020 180698 235.03
0 41534026142 36209303788 0.1282 0.0000 8762 0 0 24168 847539 847539 24168 615.84
0 41534026142 26583009841 0.3600 0.0000 6402 0 0 180534 2294451 2294451 180534 224.40
0 41534026142 27609325166 0.3353 0.0000 6646 0 0 141692 2459545 2459545 141692 384.96
0 2147483648 2147483648 0.0000 0.0000 517 1 0 0 524288 524288 0 418.97
0 2147483648 2147483648 0.0000 0.0000 517 0 0 0 329540 329540 0 262.85
0 2147483648 2147483648 0.0000 0.0000 517 1 0 0 506266 506266 0 482.50
0 2147483648 2147483648 0.0000 0.0000 517 0 0 0 329539 329539 0 271.49
0 2147483648 2147483648 0.0000 0.0000 517 0 0 0 361388 361388 0 541.12
0 2147483648 2147483648 0.0000 0.0000 517 1 0 0 524288 524288 0 416.21
0 2147483648 2147483648 0.0000 0.0000 517 0 0 0 310531 310531 0 266.35
0 2147483648 2147483648 0.0000 0.0000 517 1 0 0 506589 506589 0 455.83
0 2147483648 2147483648 0.0000 0.0000 517 0 0 0 310529 310529 0 270.87
0 2147483648 2147483648 0.0000 0.0000 517 0 0 0 348821 348821 0 536.92
0 2147483648 2146111488 0.0006 0.0000 516 0 0 1 523953 523953 1 440.41
0 2147483648 2147483648 0.0000 0.0000 517 0 0 0 296921 296921 0 269.33
0 2147483648 2147483648 0.0000 0.0000 517 1 0 0 505657 505657 0 482.75
0 2147483648 2147483648 0.0000 0.0000 517 0 0 0 296919 296919 0 272.66
0 2147483648 2147483648 0.0000 0.0000 517 0 0 0 340329 340329 0 557.33
0 2147483648 2092494848 0.0256 0.0000 503 0 0 1 510863 510863 1 423.19
0 2147483648 2147483648 0.0000 0.0000 517 0 0 0 289007 289007 0 265.89
0 2147483648 2147478881 0.0000 0.0000 517 1 0 2 493042 493042 2 495.57
0 2147483648 2147483648 0.0000 0.0000 517 0 0 0 289005 289005 0 262.46
0 2147483648 2118259521 0.0136 0.0000 510 1 0 23 484284 484284 23 445.44
0 2147483648 1288306688 0.4001 0.0000 310 0 0 1 314528 314528 1 328.63
0 2147483648 2147483648 0.0000 0.0000 518 1 0 0 282952 282952 0 266.42
0 2147483648 1601937336 0.2540 0.0000 386 1 0 356 377046 377046 356 331.90
0 2147483648 2147483648 0.0000 0.0000 518 1 0 0 282943 282943 0 263.30
0 2147483648 1932036553 0.1003 0.0000 465 0 0 28 367469 367469 28 444.82
0 2147483648 1287839744 0.4003 0.0000 310 1 0 1 314414 314414 1 428.18
0 2147483648 1799888574 0.1619 0.0000 433 0 0 43 344491 344491 43 275.99
0 2147483648 1522545671 0.2910 0.0000 367 1 0 602 341243 341243 602 307.02
0 2147483648 1799888574 0.1619 0.0000 433 0 0 43 344491 344491 43 260.84
0 2147483648 1643314804 0.2348 0.0000 396 1 0 21 336401 336401 21 472.78
0 2147483648 2147483648 0.0000 0.0000 517 1 0 0 524288 524288 0 419.74
0 2147483648 2147483648 0.0000 0.0000 517 0 0 0 329540 329540 0 271.64
0 2147483648 2147483648 0.0000 0.0000 517 1 0 0 506266 506266 0 473.18
0 2147483648 2147483648 0.0000 0.0000 517 0 0 0 329539 329539 0 262.57
0 2147483648 2147483648 0.0000 0.0000 517 0 0 0 361388 361388 0 512.93
0 2147483648 2147483648 0.0000 0.0000 517 1 0 0 524288 524288 0 435.40
0 2147483648 2147483648 0.0000 0.0000 517 0 0 0 310531 310531 0 272.75
0 2147483648 2147483648 0.0000 0.0000 517 1 0 0 506589 506589 0 460.42
0 2147483648 2147483648 0.0000 0.0000 517 0 0 0 310529 310529 0 265.74
0 2147483648 2147483648 0.0000 0.0000 517 0 0 0 348821 348821 0 551.41
0 2147483648 2146111488 0.0006 0.0000 516 0 0 1 523953 523953 1 433.55
0 2147483648 2147483648 0.0000 0.0000 517 0 0 0 296921 296921 0 265.76
0 2147483648 2147483648 0.0000 0.0000 517 1 0 0 505657 505657 0 461.12
0 2147483648 2147483648 0.0000 0.0000 517 0 0 0 296919 296919 0 271.89
0 2147483648 2147483648 0.0000 0.0000 517 0 0 0 340329 340329 0 545.81
0 2147483648 2092494848 0.0256 0.0000 503 0 0 1 510863 510863 1 437.13
0 2147483648 2147483648 0.0000 0.0000 517 0 0 0 289007 289007 0 273.59
0 2147483648 2147478881 0.0000 0.0000 517 1 0 2 493042 493042 2 463.29
0 2147483648 2147483648 0.0000 0.0000 517 0 0 0 289005 289005 0 261.73
0 2147483648 2118259521 0.0136 0.0000 510 1 0 23 484284 484284 23 416.41
0 2147483648 1288306688 0.4001 0.0000 310 0 0 1 314528 314528 1 329.13
0 2147483648 2147483648 0.0000 0.0000 518 1 0 0 282952 282952 0 268.63
0 2147483648 1601937336 0.2540 0.0000 386 1 0 356 377046 377046 356 311.87
0 2147483648 2147483648 0.0000 0.0000 518 1 0 0 282943 282943 0 269.65
0 2147483648 1932036553 0.1003 0.0000 465 0 0 28 367469 367469 28 448.17
0 2147483648 1287839744 0.4003 0.0000 310 1 0 1 314414 314414 1 434.80
0 2147483648 1799888574 0.1619 0.0000 433 0 0 43 344491 344491 43 259.83
0 2147483648 1522545671 0.2910 0.0000 367 1 0 602 341243 341243 602 299.45
0 2147483648 1799888574 0.1619 0.0000 433 0 0 43 344491 344491 43 258.62
0 2147483648 1643314804 0.2348 0.0000 396 1 0 21 336401 336401 21 435.79
0 2147483648 2147483648 0.0000 0.0000 517 1 0 0 524288 524288 0 419.70
0 2147483648 2147483648 0.0000 0.0000 517 0 0 0 329540 329540 0 264.75
0 2147483648 2147483648 0.0000 0.0000 517 1 0 0 506266 506266 0 490.66
0 2147483648 2147483648 0.0000 0.0000 517 0 0 0 329539 329539 0 261.43
0 2147483648 2147483648 0.0000 0.0000 517 0 0 0 361388 361388 0 511.88
0 2147483648 2147483648 0.0000 0.0000 517 1 0 0 524288 524288 0 418.35
0 2147483648 2147483648 0.0000 0.0000 517 0 0 0 310531 310531 0 278.00
0 2147483648 2147483648 0.0000 0.0000 517 1 0 0 506589 506589 0 465.41
0 2147483648 2147483648 0.0000 0.0000 517 0 0 0 310529 310529 0 268.66
0 2147483648 2147483648 0.0000 0.0000 517 0 0 0 348821 348821 0 478.72
0 2147483648 2146111488 0.0006 0.0000 516 0 0 1 523953 523953 1 413.14
0 2147483648 2147483648 0.0000 0.0000 517 0 0 0 296921 296921 0 266.09
0 2147483648 2147483648 0.0000 0.0000 517 1 0 0 505657 505657 0 471.61
0 2147483648 2147483648 0.0000 0.0000 517 0 0 0 296919 296919 0 272.92
0 2147483648 2147483648 0.0000 0.0000 517 0 0 0 340329 340329 0 540.17
0 2147483648 2092494848 0.0256 0.0000 503 0 0 1 510863 510863 1 412.75
0 2147483648 2147483648 0.0000 0.0000 517 0 0 0 289007 289007 0 269.78
0 2147483648 2147478881 0.0000 0.0000 517 1 0 2 493042 493042 2 466.69
0 2147483648 2147483648 0.0000 0.0000 517 0 0 0 289005 289005 0 266.75
0 2147483648 2118259521 0.0136 0.0000 510 1 0 23 484284 484284 23 421.67
0 2147483648 1802412032 0.1607 0.0000 434 1 0 1 440042 440042 1 435.54
0 2147483648 2147483648 0.0000 0.0000 518 1 0 0 285547 285547 0 274.34
0 2147483648 2147483648 0.0000 0.0000 517 1 0 0 432595 432595 0 497.75
0 2147483648 2147483648 0.0000 0.0000 518 1 0 0 285541 285541 0 260.89
0 2147483648 2020691421 0.0590 0.0000 486 0 0 20 424980 424980 20 457.66
0 2147483648 1288306688 0.4001 0.0000 310 0 0 1 314528 314528 1 334.01
0 2147483648 2147483648 0.0000 0.0000 518 1 0 0 282952 282952 0 273.21
0 2147483648 1601937336 0.2540 0.0000 386 1 0 356 377046 377046 356 309.72
0 2147483648 2147483648 0.0000 0.0000 518 1 0 0 282943 282943 0 268.67
0 2147483648 1932036553 0.1003 0.0000 465 0 0 28 367469 367469 28 464.47
0 2147483648 1287839744 0.4003 0.0000 310 1 0 1 314414 314414 1 425.48
0 2147483648 1799888574 0.1619 0.0000 433 0 0 43 344491 344491 43 264.00
0 2147483648 1522545671 0.2910 0.0000 367 1 0 602 341243 341243 602 291.65
0 2147483648 1799888574 0.1619 0.0000 433 0 0 43 344491 344491 43 256.64
0 2147483648 1643314804 0.2348 0.0000 396 1 0 21 336401 336401 21 403.15
0 41534026142 1874036357 0.9549 0.0000 12528 11399 0 9144869 14644950 14644950 9144869 10.57
0 41534026142 1153689078 0.9722 0.0000 6009 5993 0 347281 7023555 7023555 347281 35.50
0 41534026142 3412262698 0.9178 0.0000 4890 4050 0 1290841 5715983 5715983 1290841 53.19
0 41534026142 3193904584 0.9231 0.0000 10680 9431 0 8935099 12484522 12484522 8935099 13.61
0 41534026142 1835751843 0.9558 0.0000 4512 4483 0 336137 5273488 5273488 336137 51.77
0 41534026142 3521229167 0.9152 0.0000 4393 3000 0 871933 5134410 5134410 871933 66.09
0 7065189800 1034966785 0.8535 0.0000 6918 5808 0 6121118 8086572 8086572 6121118 3.97
0 7065189800 884145880 0.8749 0.0000 3996 3963 0 93246 4671063 4671063 93246 27.51
0 7065189800 3319228903 0.5302 0.0000 4766 4467 0 1409417 5571233 5571233 1409417 14.64
0 7065189800 1928290940 0.7271 0.0000 6445 5319 0 5849378 7533587 7533587 5849378 4.62
0 7065189800 1507159960 0.7867 0.0000 3791 3752 0 90074 4430877 4430877 90074 36.84
0 7065189800 3492261215 0.5057 0.0000 4318 3975 0 702986 5046782 5046782 702986 22.81
0 7065189800 3607848825 0.4893 0.0000 6030 5071 0 5552811 7048026 7048026 5552811 5.25
0 7065189800 4534646585 0.3582 0.0000 3435 2475 0 268203 4015321 4015321 268203 44.80
0 7065189800 2821442488 0.6007 0.0000 3827 3643 0 87706 4473392 4473392 87706 50.79
0 7065189800 4535022647 0.3581 0.0000 3435 2467 0 268126 4014662 4014662 268126 45.01
0 7065189800 3938145095 0.4426 0.0000 3881 3264 0 324861 4535868 4535868 324861 38.63
0 7065189800 6558142937 0.0718 0.0000 5480 5269 0 44576 6406032 6406032 44576 64.59
0 7065189800 5268011429 0.2544 0.0000 2594 502 0 106267 3031820 3031820 106267 79.70
0 7065189800 5028083961 0.2883 0.0000 4121 3182 0 75295 4817081 4817081 75295 64.15
0 7065189800 5268294292 0.2543 0.0000 2593 513 0 106000 3030984 3030984 106000 81.92
0 7065189800 5359743288 0.2414 0.0000 3010 1561 0 71563 3518032 3518032 71563 81.42
0 7065189800 6606566797 0.0649 0.0000 1589 1 0 548 1614688 1614688 548 315.90
0 7065189800 6200692152 0.1224 0.0000 1492 1 0 22997 1267103 1267103 22997 166.55
0 7065189800 6314870207 0.1062 0.0000 1519 1 0 6813 1471810 1471810 6813 254.35
0 7065189800 6200709610 0.1224 0.0000 1492 1 0 22985 1265981 1265981 22985 164.47
0 7065189800 6297541223 0.1087 0.0000 1515 1 0 15065 1236971 1236971 15065 230.94
0 7065189800 6607725965 0.0647 0.0000 1590 1 0 489 808149 808149 489 414.35
0 7065189800 6375257157 0.0977 0.0000 1535 0 0 13409 717392 717392 13409 211.02
0 7065189800 6515598440 0.0778 0.0000 1575 0 0 1463 270781 270781 1463 516.03
0 7065189800 6375299229 0.0976 0.0000 1535 0 0 13399 716332 716332 13399 208.13
0 7065189800 6437925343 0.0888 0.0000 1550 0 0 7289 632527 632527 7289 388.41
0 7065189800 6605343431 0.0651 0.0000 2761 1 0 911 3226579 3226579 911 165.36
0 7065189800 5871564061 0.1689 0.0000 1746 0 0 43216 2040777 2040777 43216 123.07
0 7065189800 6158813576 0.1283 0.0000 1882 1 0 14254 2198324 2198324 14254 181.98
0 7065189800 5871613796 0.1689 0.0000 1745 0 0 43230 2039619 2039619 43230 124.16
0 7065189800 5985480290 0.1528 0.0000 1888 1 0 29257 2206363 2206363 29257 153.92
