+ /pmem/dedupDir/rebuild
Clean dir.
+ destor /dbRepo/FIO128 '-pchunk-algorithm fixed' '-pchunk-avg-size 4096'
chunck algorithm:0.
Init recipe store successfully
container file:/pmem/dedupDir//container.pool
Init container store successfully
Init index module successfully
==== backup begin ====
Read 0 inherited sparse containers
job 0, 2147483648 bytes, 524288 chunks, 1 files processed
read phase stops successfully!
chunk phase stops successfully!
hash phase stops successfully!
dedup phase stops successfully: 512 segments of 1024 chunks on average
Dedup time(s) 4.879
rewrite phase stops successfully!
Record 1 sparse containers, and 0 of them are inherited
CMA: update 517 records.
filter phase stops successfully!
flushing hash table!
flushing hash table successfully!
append phase stops successfully!
==== backup end ====
job id: 0
backup path: /dbRepo/FIO128/
number of files: 1
number of chunks: 524288 (4096 bytes on average)
number of unique chunks: 524288
total size(B): 2147483648
stored data size(B): 2147483648
deduplication ratio: 0.0000, 1.0000
Total time(s): 4.880
throughput(MB/s): 419.70
number of zero chunks: 0
size of zero chunks: 0
number of rewritten chunks: 0
size of rewritten chunks: 0
rewritten rate in size: 0.000
read_time : 0.557s, 3676.70MB/s
chunk_time : 0.022s, 91448.98MB/s
hash_time : 2.824s, 725.11MB/s
dedup_time : 0.289s, 7076.83MB/s
rewrite_time : 0.027s, 75477.26MB/s
filter_time : 2.627s, 779.63MB/s
write_time : 1.741s, 1176.10MB/s
+ du -sb /pmem/dedupDir/backup.log /pmem/dedupDir/container.pool /pmem/dedupDir/destor.stat /pmem/dedupDir/index /pmem/dedupDir/manifest /pmem/dedupDir/rebuild /pmem/dedupDir/recipes
118	/pmem/dedupDir/backup.log
2168455176	/pmem/dedupDir/container.pool
80	/pmem/dedupDir/destor.stat
16781316	/pmem/dedupDir/index
2992	/pmem/dedupDir/manifest
242	/pmem/dedupDir/rebuild
16818374	/pmem/dedupDir/recipes
+ set +o xtrace


+ /pmem/dedupDir/rebuild
Clean dir.
+ destor /dbRepo/FIO128 '-pchunk-algorithm tttd' '-pchunk-avg-size 4096'
chunck algorithm:5.
Init recipe store successfully
container file:/pmem/dedupDir//container.pool
Init container store successfully
Init index module successfully
==== backup begin ====
Read 0 inherited sparse containers
job 0, 2147483648 bytes, 329540 chunks, 1 files processed
read phase stops successfully!
chunk phase stops successfully!
hash phase stops successfully!
dedup phase stops successfully: 322 segments of 1023 chunks on average
Dedup time(s) 7.735
rewrite phase stops successfully!
Record 0 sparse containers, and 0 of them are inherited
CMA: update 517 records.
filter phase stops successfully!
flushing hash table!
flushing hash table successfully!
append phase stops successfully!
==== backup end ====
job id: 0
backup path: /dbRepo/FIO128/
number of files: 1
number of chunks: 329540 (6516 bytes on average)
number of unique chunks: 329540
total size(B): 2147483648
stored data size(B): 2147483648
deduplication ratio: 0.0000, 1.0000
Total time(s): 7.736
throughput(MB/s): 264.75
number of zero chunks: 0
size of zero chunks: 0
number of rewritten chunks: 0
size of rewritten chunks: 0
rewritten rate in size: 0.000
read_time : 0.601s, 3408.95MB/s
chunk_time : 6.200s, 330.32MB/s
hash_time : 2.957s, 692.59MB/s
dedup_time : 0.268s, 7647.27MB/s
rewrite_time : 0.028s, 73381.35MB/s
filter_time : 2.160s, 948.28MB/s
write_time : 2.093s, 978.61MB/s
+ du -sb /pmem/dedupDir/backup.log /pmem/dedupDir/container.pool /pmem/dedupDir/destor.stat /pmem/dedupDir/index /pmem/dedupDir/manifest /pmem/dedupDir/rebuild /pmem/dedupDir/recipes
118	/pmem/dedupDir/backup.log
2168455176	/pmem/dedupDir/container.pool
80	/pmem/dedupDir/destor.stat
10549380	/pmem/dedupDir/index
2992	/pmem/dedupDir/manifest
242	/pmem/dedupDir/rebuild
10574203	/pmem/dedupDir/recipes
+ set +o xtrace


+ /pmem/dedupDir/rebuild
Clean dir.
+ destor /dbRepo/FIO128 '-pchunk-algorithm ae' '-pchunk-avg-size 4096'
chunck algorithm:4.
Init recipe store successfully
container file:/pmem/dedupDir//container.pool
Init container store successfully
Init index module successfully
==== backup begin ====
Read 0 inherited sparse containers
job 0, 2147483648 bytes, 506266 chunks, 1 files processed
read phase stops successfully!
chunk phase stops successfully!
hash phase stops successfully!
dedup phase stops successfully: 495 segments of 1022 chunks on average
Dedup time(s) 4.173
rewrite phase stops successfully!
Record 1 sparse containers, and 0 of them are inherited
CMA: update 517 records.
filter phase stops successfully!
flushing hash table!
flushing hash table successfully!
append phase stops successfully!
==== backup end ====
job id: 0
backup path: /dbRepo/FIO128/
number of files: 1
number of chunks: 506266 (4241 bytes on average)
number of unique chunks: 506266
total size(B): 2147483648
stored data size(B): 2147483648
deduplication ratio: 0.0000, 1.0000
Total time(s): 4.174
throughput(MB/s): 490.66
number of zero chunks: 0
size of zero chunks: 0
number of rewritten chunks: 0
size of rewritten chunks: 0
rewritten rate in size: 0.000
read_time : 0.521s, 3934.25MB/s
chunk_time : 2.416s, 847.78MB/s
hash_time : 2.805s, 730.22MB/s
dedup_time : 0.225s, 9096.93MB/s
rewrite_time : 0.025s, 82544.03MB/s
filter_time : 2.439s, 839.58MB/s
write_time : 1.564s, 1309.65MB/s
+ du -sb /pmem/dedupDir/backup.log /pmem/dedupDir/container.pool /pmem/dedupDir/destor.stat /pmem/dedupDir/index /pmem/dedupDir/manifest /pmem/dedupDir/rebuild /pmem/dedupDir/recipes
118	/pmem/dedupDir/backup.log
2168455176	/pmem/dedupDir/container.pool
80	/pmem/dedupDir/destor.stat
16204612	/pmem/dedupDir/index
2992	/pmem/dedupDir/manifest
242	/pmem/dedupDir/rebuild
16240519	/pmem/dedupDir/recipes
+ set +o xtrace


+ /pmem/dedupDir/rebuild
Clean dir.
+ destor /dbRepo/FIO128 '-pchunk-algorithm rabin' '-pchunk-avg-size 4096'
chunck algorithm:1.
Init recipe store successfully
container file:/pmem/dedupDir//container.pool
Init container store successfully
Init index module successfully
==== backup begin ====
Read 0 inherited sparse containers
job 0, 2147483648 bytes, 329539 chunks, 1 files processed
read phase stops successfully!
chunk phase stops successfully!
hash phase stops successfully!
dedup phase stops successfully: 322 segments of 1023 chunks on average
Dedup time(s) 7.833
rewrite phase stops successfully!
Record 0 sparse containers, and 0 of them are inherited
CMA: update 517 records.
filter phase stops successfully!
flushing hash table!
flushing hash table successfully!
append phase stops successfully!
==== backup end ====
job id: 0
backup path: /dbRepo/FIO128/
number of files: 1
number of chunks: 329539 (6516 bytes on average)
number of unique chunks: 329539
total size(B): 2147483648
stored data size(B): 2147483648
deduplication ratio: 0.0000, 1.0000
Total time(s): 7.834
throughput(MB/s): 261.43
number of zero chunks: 0
size of zero chunks: 0
number of rewritten chunks: 0
size of rewritten chunks: 0
rewritten rate in size: 0.000
read_time : 0.597s, 3428.04MB/s
chunk_time : 6.280s, 326.13MB/s
hash_time : 2.945s, 695.48MB/s
dedup_time : 0.285s, 7198.01MB/s
rewrite_time : 0.028s, 74326.78MB/s
filter_time : 2.282s, 897.37MB/s
write_time : 2.246s, 911.96MB/s
+ du -sb /pmem/dedupDir/backup.log /pmem/dedupDir/container.pool /pmem/dedupDir/destor.stat /pmem/dedupDir/index /pmem/dedupDir/manifest /pmem/dedupDir/rebuild /pmem/dedupDir/recipes
118	/pmem/dedupDir/backup.log
2168455176	/pmem/dedupDir/container.pool
80	/pmem/dedupDir/destor.stat
10549348	/pmem/dedupDir/index
2992	/pmem/dedupDir/manifest
242	/pmem/dedupDir/rebuild
10574171	/pmem/dedupDir/recipes
+ set +o xtrace


+ /pmem/dedupDir/rebuild
Clean dir.
+ destor /dbRepo/FIO128 '-pchunk-algorithm fastcdc' '-pchunk-avg-size 4096'
chunck algorithm:6.
Init recipe store successfully
container file:/pmem/dedupDir//container.pool
Init container store successfully
Init index module successfully
==== backup begin ====
Read 0 inherited sparse containers
job 0, 2147483648 bytes, 361388 chunks, 1 files processed
read phase stops successfully!
chunk phase stops successfully!
hash phase stops successfully!
dedup phase stops successfully: 353 segments of 1023 chunks on average
Dedup time(s) 4.000
rewrite phase stops successfully!
Record 0 sparse containers, and 0 of them are inherited
CMA: update 517 records.
filter phase stops successfully!
flushing hash table!
flushing hash table successfully!
append phase stops successfully!
==== backup end ====
job id: 0
backup path: /dbRepo/FIO128/
number of files: 1
number of chunks: 361388 (5942 bytes on average)
number of unique chunks: 361388
total size(B): 2147483648
stored data size(B): 2147483648
deduplication ratio: 0.0000, 1.0000
Total time(s): 4.001
throughput(MB/s): 511.88
number of zero chunks: 0
size of zero chunks: 0
number of rewritten chunks: 0
size of rewritten chunks: 0
rewritten rate in size: 0.000
read_time : 0.464s, 4416.09MB/s
chunk_time : 1.365s, 1499.99MB/s
hash_time : 2.801s, 731.17MB/s
dedup_time : 0.205s, 9989.07MB/s
rewrite_time : 0.019s, 109688.82MB/s
filter_time : 2.129s, 962.16MB/s
write_time : 1.600s, 1280.06MB/s
+ du -sb /pmem/dedupDir/backup.log /pmem/dedupDir/container.pool /pmem/dedupDir/destor.stat /pmem/dedupDir/index /pmem/dedupDir/manifest /pmem/dedupDir/rebuild /pmem/dedupDir/recipes
118	/pmem/dedupDir/backup.log
2168455176	/pmem/dedupDir/container.pool
80	/pmem/dedupDir/destor.stat
11568516	/pmem/dedupDir/index
2992	/pmem/dedupDir/manifest
242	/pmem/dedupDir/rebuild
11595323	/pmem/dedupDir/recipes
+ set +o xtrace


+ /pmem/dedupDir/rebuild
Clean dir.
+ destor /dbRepo/FIO256 '-pchunk-algorithm fixed' '-pchunk-avg-size 4096'
chunck algorithm:0.
Init recipe store successfully
container file:/pmem/dedupDir//container.pool
Init container store successfully
Init index module successfully
==== backup begin ====
Read 0 inherited sparse containers
job 0, 2147483648 bytes, 524288 chunks, 1 files processed
read phase stops successfully!
chunk phase stops successfully!
hash phase stops successfully!
dedup phase stops successfully: 512 segments of 1024 chunks on average
Dedup time(s) 4.895
rewrite phase stops successfully!
Record 1 sparse containers, and 0 of them are inherited
CMA: update 517 records.
filter phase stops successfully!
flushing hash table!
flushing hash table successfully!
append phase stops successfully!
==== backup end ====
job id: 0
backup path: /dbRepo/FIO256/
number of files: 1
number of chunks: 524288 (4096 bytes on average)
number of unique chunks: 524288
total size(B): 2147483648
stored data size(B): 2147483648
deduplication ratio: 0.0000, 1.0000
Total time(s): 4.895
throughput(MB/s): 418.35
number of zero chunks: 0
size of zero chunks: 0
number of rewritten chunks: 0
size of rewritten chunks: 0
rewritten rate in size: 0.000
read_time : 0.544s, 3766.80MB/s
chunk_time : 0.019s, 109665.33MB/s
hash_time : 2.796s, 732.47MB/s
dedup_time : 0.301s, 6799.31MB/s
rewrite_time : 0.027s, 75277.51MB/s
filter_time : 2.614s, 783.46MB/s
write_time : 1.638s, 1249.95MB/s
+ du -sb /pmem/dedupDir/backup.log /pmem/dedupDir/container.pool /pmem/dedupDir/destor.stat /pmem/dedupDir/index /pmem/dedupDir/manifest /pmem/dedupDir/rebuild /pmem/dedupDir/recipes
118	/pmem/dedupDir/backup.log
2168455176	/pmem/dedupDir/container.pool
80	/pmem/dedupDir/destor.stat
16781316	/pmem/dedupDir/index
2992	/pmem/dedupDir/manifest
242	/pmem/dedupDir/rebuild
16818374	/pmem/dedupDir/recipes
+ set +o xtrace


+ /pmem/dedupDir/rebuild
Clean dir.
+ destor /dbRepo/FIO256 '-pchunk-algorithm tttd' '-pchunk-avg-size 4096'
chunck algorithm:5.
Init recipe store successfully
container file:/pmem/dedupDir//container.pool
Init container store successfully
Init index module successfully
==== backup begin ====
Read 0 inherited sparse containers
job 0, 2147483648 bytes, 310531 chunks, 1 files processed
read phase stops successfully!
chunk phase stops successfully!
hash phase stops successfully!
dedup phase stops successfully: 304 segments of 1021 chunks on average
Dedup time(s) 7.367
rewrite phase stops successfully!
Record 0 sparse containers, and 0 of them are inherited
CMA: update 517 records.
filter phase stops successfully!
flushing hash table!
flushing hash table successfully!
append phase stops successfully!
==== backup end ====
job id: 0
backup path: /dbRepo/FIO256/
number of files: 1
number of chunks: 310531 (6915 bytes on average)
number of unique chunks: 310531
total size(B): 2147483648
stored data size(B): 2147483648
deduplication ratio: 0.0000, 1.0000
Total time(s): 7.367
throughput(MB/s): 278.00
number of zero chunks: 0
size of zero chunks: 0
number of rewritten chunks: 0
size of rewritten chunks: 0
rewritten rate in size: 0.000
read_time : 0.593s, 3450.98MB/s
chunk_time : 6.211s, 329.74MB/s
hash_time : 2.916s, 702.35MB/s
dedup_time : 0.241s, 8507.74MB/s
rewrite_time : 0.025s, 83336.72MB/s
filter_time : 2.144s, 955.07MB/s
write_time : 2.206s, 928.51MB/s
+ du -sb /pmem/dedupDir/backup.log /pmem/dedupDir/container.pool /pmem/dedupDir/destor.stat /pmem/dedupDir/index /pmem/dedupDir/manifest /pmem/dedupDir/rebuild /pmem/dedupDir/recipes
118	/pmem/dedupDir/backup.log
2168455176	/pmem/dedupDir/container.pool
80	/pmem/dedupDir/destor.stat
9941092	/pmem/dedupDir/index
2992	/pmem/dedupDir/manifest
242	/pmem/dedupDir/rebuild
9964763	/pmem/dedupDir/recipes
+ set +o xtrace


+ /pmem/dedupDir/rebuild
Clean dir.
+ destor /dbRepo/FIO256 '-pchunk-algorithm ae' '-pchunk-avg-size 4096'
chunck algorithm:4.
Init recipe store successfully
container file:/pmem/dedupDir//container.pool
Init container store successfully
Init index module successfully
==== backup begin ====
Read 0 inherited sparse containers
job 0, 2147483648 bytes, 506589 chunks, 1 files processed
read phase stops successfully!
chunk phase stops successfully!
hash phase stops successfully!
dedup phase stops successfully: 495 segments of 1023 chunks on average
Dedup time(s) 4.400
rewrite phase stops successfully!
Record 1 sparse containers, and 0 of them are inherited
CMA: update 517 records.
filter phase stops successfully!
flushing hash table!
flushing hash table successfully!
append phase stops successfully!
==== backup end ====
job id: 0
backup path: /dbRepo/FIO256/
number of files: 1
number of chunks: 506589 (4239 bytes on average)
number of unique chunks: 506589
total size(B): 2147483648
stored data size(B): 2147483648
deduplication ratio: 0.0000, 1.0000
Total time(s): 4.400
throughput(MB/s): 465.41
number of zero chunks: 0
size of zero chunks: 0
number of rewritten chunks: 0
size of rewritten chunks: 0
rewritten rate in size: 0.000
read_time : 0.523s, 3918.70MB/s
chunk_time : 2.419s, 846.50MB/s
hash_time : 2.803s, 730.62MB/s
dedup_time : 0.282s, 7269.22MB/s
rewrite_time : 0.025s, 81147.48MB/s
filter_time : 2.599s, 788.15MB/s
write_time : 1.559s, 1313.57MB/s
+ du -sb /pmem/dedupDir/backup.log /pmem/dedupDir/container.pool /pmem/dedupDir/destor.stat /pmem/dedupDir/index /pmem/dedupDir/manifest /pmem/dedupDir/rebuild /pmem/dedupDir/recipes
118	/pmem/dedupDir/backup.log
2168455176	/pmem/dedupDir/container.pool
80	/pmem/dedupDir/destor.stat
16214948	/pmem/dedupDir/index
2992	/pmem/dedupDir/manifest
242	/pmem/dedupDir/rebuild
16250855	/pmem/dedupDir/recipes
+ set +o xtrace


+ /pmem/dedupDir/rebuild
Clean dir.
+ destor /dbRepo/FIO256 '-pchunk-algorithm rabin' '-pchunk-avg-size 4096'
chunck algorithm:1.
Init recipe store successfully
container file:/pmem/dedupDir//container.pool
Init container store successfully
Init index module successfully
==== backup begin ====
Read 0 inherited sparse containers
job 0, 2147483648 bytes, 310529 chunks, 1 files processed
read phase stops successfully!
chunk phase stops successfully!
hash phase stops successfully!
dedup phase stops successfully: 304 segments of 1021 chunks on average
Dedup time(s) 7.622
rewrite phase stops successfully!
Record 0 sparse containers, and 0 of them are inherited
CMA: update 517 records.
filter phase stops successfully!
flushing hash table!
flushing hash table successfully!
append phase stops successfully!
==== backup end ====
job id: 0
backup path: /dbRepo/FIO256/
number of files: 1
number of chunks: 310529 (6915 bytes on average)
number of unique chunks: 310529
total size(B): 2147483648
stored data size(B): 2147483648
deduplication ratio: 0.0000, 1.0000
Total time(s): 7.623
throughput(MB/s): 268.66
number of zero chunks: 0
size of zero chunks: 0
number of rewritten chunks: 0
size of rewritten chunks: 0
rewritten rate in size: 0.000
read_time : 0.594s, 3447.75MB/s
chunk_time : 6.306s, 324.79MB/s
hash_time : 2.951s, 694.07MB/s
dedup_time : 0.254s, 8050.54MB/s
rewrite_time : 0.026s, 79100.85MB/s
filter_time : 2.146s, 954.18MB/s
write_time : 2.035s, 1006.23MB/s
+ du -sb /pmem/dedupDir/backup.log /pmem/dedupDir/container.pool /pmem/dedupDir/destor.stat /pmem/dedupDir/index /pmem/dedupDir/manifest /pmem/dedupDir/rebuild /pmem/dedupDir/recipes
118	/pmem/dedupDir/backup.log
2168455176	/pmem/dedupDir/container.pool
80	/pmem/dedupDir/destor.stat
9941028	/pmem/dedupDir/index
2992	/pmem/dedupDir/manifest
242	/pmem/dedupDir/rebuild
9964699	/pmem/dedupDir/recipes
+ set +o xtrace


+ /pmem/dedupDir/rebuild
Clean dir.
+ destor /dbRepo/FIO256 '-pchunk-algorithm fastcdc' '-pchunk-avg-size 4096'
chunck algorithm:6.
Init recipe store successfully
container file:/pmem/dedupDir//container.pool
Init container store successfully
Init index module successfully
==== backup begin ====
Read 0 inherited sparse containers
job 0, 2147483648 bytes, 348821 chunks, 1 files processed
read phase stops successfully!
chunk phase stops successfully!
hash phase stops successfully!
dedup phase stops successfully: 341 segments of 1022 chunks on average
Dedup time(s) 4.277
rewrite phase stops successfully!
Record 0 sparse containers, and 0 of them are inherited
CMA: update 517 records.
filter phase stops successfully!
flushing hash table!
flushing hash table successfully!
append phase stops successfully!
==== backup end ====
job id: 0
backup path: /dbRepo/FIO256/
number of files: 1
number of chunks: 348821 (6156 bytes on average)
number of unique chunks: 348821
total size(B): 2147483648
stored data size(B): 2147483648
deduplication ratio: 0.0000, 1.0000
Total time(s): 4.278
throughput(MB/s): 478.72
number of zero chunks: 0
size of zero chunks: 0
number of rewritten chunks: 0
size of rewritten chunks: 0
rewritten rate in size: 0.000
read_time : 0.500s, 4094.10MB/s
chunk_time : 1.352s, 1514.78MB/s
hash_time : 2.803s, 730.59MB/s
dedup_time : 0.212s, 9667.03MB/s
rewrite_time : 0.019s, 109688.82MB/s
filter_time : 2.235s, 916.48MB/s
write_time : 1.719s, 1191.60MB/s
+ du -sb /pmem/dedupDir/backup.log /pmem/dedupDir/container.pool /pmem/dedupDir/destor.stat /pmem/dedupDir/index /pmem/dedupDir/manifest /pmem/dedupDir/rebuild /pmem/dedupDir/recipes
118	/pmem/dedupDir/backup.log
2168455176	/pmem/dedupDir/container.pool
80	/pmem/dedupDir/destor.stat
11166372	/pmem/dedupDir/index
2992	/pmem/dedupDir/manifest
242	/pmem/dedupDir/rebuild
11192411	/pmem/dedupDir/recipes
+ set +o xtrace


+ /pmem/dedupDir/rebuild
Clean dir.
+ destor /dbRepo/FIO512 '-pchunk-algorithm fixed' '-pchunk-avg-size 4096'
chunck algorithm:0.
Init recipe store successfully
container file:/pmem/dedupDir//container.pool
Init container store successfully
Init index module successfully
==== backup begin ====
Read 0 inherited sparse containers
job 0, 2147483648 bytes, 524288 chunks, 1 files processed
read phase stops successfully!
chunk phase stops successfully!
hash phase stops successfully!
dedup phase stops successfully: 512 segments of 1024 chunks on average
Dedup time(s) 4.957
rewrite phase stops successfully!
Record 0 sparse containers, and 0 of them are inherited
CMA: update 516 records.
filter phase stops successfully!
flushing hash table!
flushing hash table successfully!
append phase stops successfully!
==== backup end ====
job id: 0
backup path: /dbRepo/FIO512/
number of files: 1
number of chunks: 524288 (4096 bytes on average)
number of unique chunks: 523953
total size(B): 2147483648
stored data size(B): 2146111488
deduplication ratio: 0.0006, 1.0006
Total time(s): 4.957
throughput(MB/s): 413.14
number of zero chunks: 0
size of zero chunks: 0
number of rewritten chunks: 0
size of rewritten chunks: 0
rewritten rate in size: 0.000
read_time : 0.547s, 3746.92MB/s
chunk_time : 0.017s, 120378.53MB/s
hash_time : 2.801s, 731.06MB/s
dedup_time : 0.298s, 6877.79MB/s
rewrite_time : 0.027s, 74853.80MB/s
filter_time : 2.570s, 797.01MB/s
write_time : 1.658s, 1235.34MB/s
+ du -sb /pmem/dedupDir/backup.log /pmem/dedupDir/container.pool /pmem/dedupDir/destor.stat /pmem/dedupDir/index /pmem/dedupDir/manifest /pmem/dedupDir/rebuild /pmem/dedupDir/recipes
118	/pmem/dedupDir/backup.log
2164260872	/pmem/dedupDir/container.pool
80	/pmem/dedupDir/destor.stat
16770596	/pmem/dedupDir/index
2986	/pmem/dedupDir/manifest
242	/pmem/dedupDir/rebuild
16823699	/pmem/dedupDir/recipes
+ set +o xtrace


+ /pmem/dedupDir/rebuild
Clean dir.
+ destor /dbRepo/FIO512 '-pchunk-algorithm tttd' '-pchunk-avg-size 4096'
chunck algorithm:5.
Init recipe store successfully
container file:/pmem/dedupDir//container.pool
Init container store successfully
Init index module successfully
==== backup begin ====
Read 0 inherited sparse containers
job 0, 2147483648 bytes, 296921 chunks, 1 files processed
read phase stops successfully!
chunk phase stops successfully!
hash phase stops successfully!
dedup phase stops successfully: 290 segments of 1023 chunks on average
Dedup time(s) 7.695
rewrite phase stops successfully!
Record 0 sparse containers, and 0 of them are inherited
CMA: update 517 records.
filter phase stops successfully!
flushing hash table!
flushing hash table successfully!
append phase stops successfully!
==== backup end ====
job id: 0
backup path: /dbRepo/FIO512/
number of files: 1
number of chunks: 296921 (7232 bytes on average)
number of unique chunks: 296921
total size(B): 2147483648
stored data size(B): 2147483648
deduplication ratio: 0.0000, 1.0000
Total time(s): 7.697
throughput(MB/s): 266.09
number of zero chunks: 0
size of zero chunks: 0
number of rewritten chunks: 0
size of rewritten chunks: 0
rewritten rate in size: 0.000
read_time : 0.593s, 3451.69MB/s
chunk_time : 6.252s, 327.55MB/s
hash_time : 2.971s, 689.35MB/s
dedup_time : 0.258s, 7943.65MB/s
rewrite_time : 0.026s, 77578.70MB/s
filter_time : 2.127s, 962.75MB/s
write_time : 2.105s, 972.75MB/s
+ du -sb /pmem/dedupDir/backup.log /pmem/dedupDir/container.pool /pmem/dedupDir/destor.stat /pmem/dedupDir/index /pmem/dedupDir/manifest /pmem/dedupDir/rebuild /pmem/dedupDir/recipes
118	/pmem/dedupDir/backup.log
2168455176	/pmem/dedupDir/container.pool
80	/pmem/dedupDir/destor.stat
9505572	/pmem/dedupDir/index
2992	/pmem/dedupDir/manifest
242	/pmem/dedupDir/rebuild
9528347	/pmem/dedupDir/recipes
+ set +o xtrace


+ /pmem/dedupDir/rebuild
Clean dir.
+ destor /dbRepo/FIO512 '-pchunk-algorithm ae' '-pchunk-avg-size 4096'
chunck algorithm:4.
Init recipe store successfully
container file:/pmem/dedupDir//container.pool
Init container store successfully
Init index module successfully
==== backup begin ====
Read 0 inherited sparse containers
job 0, 2147483648 bytes, 505657 chunks, 1 files processed
read phase stops successfully!
chunk phase stops successfully!
hash phase stops successfully!
dedup phase stops successfully: 494 segments of 1023 chunks on average
Dedup time(s) 4.342
rewrite phase stops successfully!
Record 1 sparse containers, and 0 of them are inherited
CMA: update 517 records.
filter phase stops successfully!
flushing hash table!
flushing hash table successfully!
append phase stops successfully!
==== backup end ====
job id: 0
backup path: /dbRepo/FIO512/
number of files: 1
number of chunks: 505657 (4246 bytes on average)
number of unique chunks: 505657
total size(B): 2147483648
stored data size(B): 2147483648
deduplication ratio: 0.0000, 1.0000
Total time(s): 4.343
throughput(MB/s): 471.61
number of zero chunks: 0
size of zero chunks: 0
number of rewritten chunks: 0
size of rewritten chunks: 0
rewritten rate in size: 0.000
read_time : 0.506s, 4049.39MB/s
chunk_time : 2.421s, 845.76MB/s
hash_time : 2.798s, 731.86MB/s
dedup_time : 0.304s, 6745.92MB/s
rewrite_time : 0.026s, 79540.16MB/s
filter_time : 2.667s, 767.89MB/s
write_time : 1.555s, 1316.74MB/s
+ du -sb /pmem/dedupDir/backup.log /pmem/dedupDir/container.pool /pmem/dedupDir/destor.stat /pmem/dedupDir/index /pmem/dedupDir/manifest /pmem/dedupDir/rebuild /pmem/dedupDir/recipes
118	/pmem/dedupDir/backup.log
2168455176	/pmem/dedupDir/container.pool
80	/pmem/dedupDir/destor.stat
16185124	/pmem/dedupDir/index
2992	/pmem/dedupDir/manifest
242	/pmem/dedupDir/rebuild
16220967	/pmem/dedupDir/recipes
+ set +o xtrace


+ /pmem/dedupDir/rebuild
Clean dir.
+ destor /dbRepo/FIO512 '-pchunk-algorithm rabin' '-pchunk-avg-size 4096'
chunck algorithm:1.
Init recipe store successfully
container file:/pmem/dedupDir//container.pool
Init container store successfully
Init index module successfully
==== backup begin ====
Read 0 inherited sparse containers
job 0, 2147483648 bytes, 296919 chunks, 1 files processed
read phase stops successfully!
chunk phase stops successfully!
hash phase stops successfully!
dedup phase stops successfully: 290 segments of 1023 chunks on average
Dedup time(s) 7.503
rewrite phase stops successfully!
Record 0 sparse containers, and 0 of them are inherited
CMA: update 517 records.
filter phase stops successfully!
flushing hash table!
flushing hash table successfully!
append phase stops successfully!
==== backup end ====
job id: 0
backup path: /dbRepo/FIO512/
number of files: 1
number of chunks: 296919 (7232 bytes on average)
number of unique chunks: 296919
total size(B): 2147483648
stored data size(B): 2147483648
deduplication ratio: 0.0000, 1.0000
Total time(s): 7.504
throughput(MB/s): 272.92
number of zero chunks: 0
size of zero chunks: 0
number of rewritten chunks: 0
size of rewritten chunks: 0
rewritten rate in size: 0.000
read_time : 0.616s, 3322.00MB/s
chunk_time : 6.322s, 323.94MB/s
hash_time : 2.994s, 684.07MB/s
dedup_time : 0.248s, 8250.38MB/s
rewrite_time : 0.026s, 78212.72MB/s
filter_time : 2.019s, 1014.56MB/s
write_time : 2.117s, 967.47MB/s
+ du -sb /pmem/dedupDir/backup.log /pmem/dedupDir/container.pool /pmem/dedupDir/destor.stat /pmem/dedupDir/index /pmem/dedupDir/manifest /pmem/dedupDir/rebuild /pmem/dedupDir/recipes
118	/pmem/dedupDir/backup.log
2168455176	/pmem/dedupDir/container.pool
80	/pmem/dedupDir/destor.stat
9505508	/pmem/dedupDir/index
2992	/pmem/dedupDir/manifest
242	/pmem/dedupDir/rebuild
9528283	/pmem/dedupDir/recipes
+ set +o xtrace


+ /pmem/dedupDir/rebuild
Clean dir.
+ destor /dbRepo/FIO512 '-pchunk-algorithm fastcdc' '-pchunk-avg-size 4096'
chunck algorithm:6.
Init recipe store successfully
container file:/pmem/dedupDir//container.pool
Init container store successfully
Init index module successfully
==== backup begin ====
Read 0 inherited sparse containers
job 0, 2147483648 bytes, 340329 chunks, 1 files processed
read phase stops successfully!
chunk phase stops successfully!
hash phase stops successfully!
dedup phase stops successfully: 333 segments of 1022 chunks on average
Dedup time(s) 3.791
rewrite phase stops successfully!
Record 0 sparse containers, and 0 of them are inherited
CMA: update 517 records.
filter phase stops successfully!
flushing hash table!
flushing hash table successfully!
append phase stops successfully!
==== backup end ====
job id: 0
backup path: /dbRepo/FIO512/
number of files: 1
number of chunks: 340329 (6310 bytes on average)
number of unique chunks: 340329
total size(B): 2147483648
stored data size(B): 2147483648
deduplication ratio: 0.0000, 1.0000
Total time(s): 3.791
throughput(MB/s): 540.17
number of zero chunks: 0
size of zero chunks: 0
number of rewritten chunks: 0
size of rewritten chunks: 0
rewritten rate in size: 0.000
read_time : 0.489s, 4186.69MB/s
chunk_time : 1.353s, 1513.79MB/s
hash_time : 2.787s, 734.95MB/s
dedup_time : 0.157s, 13085.93MB/s
rewrite_time : 0.018s, 116888.31MB/s
filter_time : 1.814s, 1128.96MB/s
write_time : 1.553s, 1318.41MB/s
+ du -sb /pmem/dedupDir/backup.log /pmem/dedupDir/container.pool /pmem/dedupDir/destor.stat /pmem/dedupDir/index /pmem/dedupDir/manifest /pmem/dedupDir/rebuild /pmem/dedupDir/recipes
118	/pmem/dedupDir/backup.log
2168455176	/pmem/dedupDir/container.pool
80	/pmem/dedupDir/destor.stat
10894628	/pmem/dedupDir/index
2992	/pmem/dedupDir/manifest
242	/pmem/dedupDir/rebuild
10920155	/pmem/dedupDir/recipes
+ set +o xtrace


+ /pmem/dedupDir/rebuild
Clean dir.
+ destor /dbRepo/FIO1024 '-pchunk-algorithm fixed' '-pchunk-avg-size 4096'
chunck algorithm:0.
Init recipe store successfully
container file:/pmem/dedupDir//container.pool
Init container store successfully
Init index module successfully
==== backup begin ====
Read 0 inherited sparse containers
job 0, 2147483648 bytes, 524288 chunks, 1 files processed
read phase stops successfully!
chunk phase stops successfully!
hash phase stops successfully!
dedup phase stops successfully: 512 segments of 1024 chunks on average
Dedup time(s) 4.961
rewrite phase stops successfully!
Record 0 sparse containers, and 0 of them are inherited
CMA: update 503 records.
filter phase stops successfully!
flushing hash table!
flushing hash table successfully!
append phase stops successfully!
==== backup end ====
job id: 0
backup path: /dbRepo/FIO1024/
number of files: 1
number of chunks: 524288 (4096 bytes on average)
number of unique chunks: 510863
total size(B): 2147483648
stored data size(B): 2092494848
deduplication ratio: 0.0256, 1.0263
Total time(s): 4.962
throughput(MB/s): 412.75
number of zero chunks: 0
size of zero chunks: 0
number of rewritten chunks: 0
size of rewritten chunks: 0
rewritten rate in size: 0.000
read_time : 0.543s, 3773.58MB/s
chunk_time : 0.018s, 113727.23MB/s
hash_time : 2.804s, 730.35MB/s
dedup_time : 0.307s, 6661.51MB/s
rewrite_time : 0.027s, 76885.54MB/s
filter_time : 2.569s, 797.24MB/s
write_time : 1.617s, 1266.68MB/s
+ du -sb /pmem/dedupDir/backup.log /pmem/dedupDir/container.pool /pmem/dedupDir/destor.stat /pmem/dedupDir/index /pmem/dedupDir/manifest /pmem/dedupDir/rebuild /pmem/dedupDir/recipes
118	/pmem/dedupDir/backup.log
2109734920	/pmem/dedupDir/container.pool
80	/pmem/dedupDir/destor.stat
16351716	/pmem/dedupDir/index
2908	/pmem/dedupDir/manifest
242	/pmem/dedupDir/rebuild
17027524	/pmem/dedupDir/recipes
+ set +o xtrace


+ /pmem/dedupDir/rebuild
Clean dir.
+ destor /dbRepo/FIO1024 '-pchunk-algorithm tttd' '-pchunk-avg-size 4096'
chunck algorithm:5.
Init recipe store successfully
container file:/pmem/dedupDir//container.pool
Init container store successfully
Init index module successfully
==== backup begin ====
Read 0 inherited sparse containers
job 0, 2147483648 bytes, 289007 chunks, 1 files processed
read phase stops successfully!
chunk phase stops successfully!
hash phase stops successfully!
dedup phase stops successfully: 283 segments of 1021 chunks on average
Dedup time(s) 7.591
rewrite phase stops successfully!
Record 0 sparse containers, and 0 of them are inherited
CMA: update 517 records.
filter phase stops successfully!
flushing hash table!
flushing hash table successfully!
append phase stops successfully!
==== backup end ====
job id: 0
backup path: /dbRepo/FIO1024/
number of files: 1
number of chunks: 289007 (7430 bytes on average)
number of unique chunks: 289007
total size(B): 2147483648
stored data size(B): 2147483648
deduplication ratio: 0.0000, 1.0000
Total time(s): 7.591
throughput(MB/s): 269.78
number of zero chunks: 0
size of zero chunks: 0
number of rewritten chunks: 0
size of rewritten chunks: 0
rewritten rate in size: 0.000
read_time : 0.637s, 3214.60MB/s
chunk_time : 6.250s, 327.67MB/s
hash_time : 2.960s, 691.92MB/s
dedup_time : 0.269s, 7620.24MB/s
rewrite_time : 0.026s, 77702.32MB/s
filter_time : 2.229s, 918.86MB/s
write_time : 2.078s, 985.73MB/s
+ du -sb /pmem/dedupDir/backup.log /pmem/dedupDir/container.pool /pmem/dedupDir/destor.stat /pmem/dedupDir/index /pmem/dedupDir/manifest /pmem/dedupDir/rebuild /pmem/dedupDir/recipes
118	/pmem/dedupDir/backup.log
2168455176	/pmem/dedupDir/container.pool
80	/pmem/dedupDir/destor.stat
9252324	/pmem/dedupDir/index
2992	/pmem/dedupDir/manifest
242	/pmem/dedupDir/rebuild
9274652	/pmem/dedupDir/recipes
+ set +o xtrace


+ /pmem/dedupDir/rebuild
Clean dir.
+ destor /dbRepo/FIO1024 '-pchunk-algorithm ae' '-pchunk-avg-size 4096'
chunck algorithm:4.
Init recipe store successfully
container file:/pmem/dedupDir//container.pool
Init container store successfully
Init index module successfully
==== backup begin ====
Read 0 inherited sparse containers
job 0, 2147483648 bytes, 493044 chunks, 1 files processed
read phase stops successfully!
chunk phase stops successfully!
hash phase stops successfully!
dedup phase stops successfully: 482 segments of 1022 chunks on average
Dedup time(s) 4.388
rewrite phase stops successfully!
Record 1 sparse containers, and 0 of them are inherited
CMA: update 517 records.
filter phase stops successfully!
flushing hash table!
flushing hash table successfully!
append phase stops successfully!
==== backup end ====
job id: 0
backup path: /dbRepo/FIO1024/
number of files: 1
number of chunks: 493044 (4355 bytes on average)
number of unique chunks: 493042
total size(B): 2147483648
stored data size(B): 2147478881
deduplication ratio: 0.0000, 1.0000
Total time(s): 4.388
throughput(MB/s): 466.69
number of zero chunks: 0
size of zero chunks: 0
number of rewritten chunks: 0
size of rewritten chunks: 0
rewritten rate in size: 0.000
read_time : 0.556s, 3684.49MB/s
chunk_time : 2.422s, 845.42MB/s
hash_time : 2.775s, 737.91MB/s
dedup_time : 0.310s, 6607.56MB/s
rewrite_time : 0.026s, 79847.17MB/s
filter_time : 2.236s, 916.06MB/s
write_time : 1.585s, 1292.01MB/s
+ du -sb /pmem/dedupDir/backup.log /pmem/dedupDir/container.pool /pmem/dedupDir/destor.stat /pmem/dedupDir/index /pmem/dedupDir/manifest /pmem/dedupDir/rebuild /pmem/dedupDir/recipes
118	/pmem/dedupDir/backup.log
2168455176	/pmem/dedupDir/container.pool
80	/pmem/dedupDir/destor.stat
15781444	/pmem/dedupDir/index
2992	/pmem/dedupDir/manifest
242	/pmem/dedupDir/rebuild
15816616	/pmem/dedupDir/recipes
+ set +o xtrace


+ /pmem/dedupDir/rebuild
Clean dir.
+ destor /dbRepo/FIO1024 '-pchunk-algorithm rabin' '-pchunk-avg-size 4096'
chunck algorithm:1.
Init recipe store successfully
container file:/pmem/dedupDir//container.pool
Init container store successfully
Init index module successfully
==== backup begin ====
Read 0 inherited sparse containers
job 0, 2147483648 bytes, 289005 chunks, 1 files processed
read phase stops successfully!
chunk phase stops successfully!
hash phase stops successfully!
dedup phase stops successfully: 283 segments of 1021 chunks on average
Dedup time(s) 7.677
rewrite phase stops successfully!
Record 0 sparse containers, and 0 of them are inherited
CMA: update 517 records.
filter phase stops successfully!
flushing hash table!
flushing hash table successfully!
append phase stops successfully!
==== backup end ====
job id: 0
backup path: /dbRepo/FIO1024/
number of files: 1
number of chunks: 289005 (7430 bytes on average)
number of unique chunks: 289005
total size(B): 2147483648
stored data size(B): 2147483648
deduplication ratio: 0.0000, 1.0000
Total time(s): 7.678
throughput(MB/s): 266.75
number of zero chunks: 0
size of zero chunks: 0
number of rewritten chunks: 0
size of rewritten chunks: 0
rewritten rate in size: 0.000
read_time : 0.588s, 3482.73MB/s
chunk_time : 6.343s, 322.90MB/s
hash_time : 3.028s, 676.46MB/s
dedup_time : 0.244s, 8400.02MB/s
rewrite_time : 0.025s, 81344.08MB/s
filter_time : 2.157s, 949.62MB/s
write_time : 2.104s, 973.47MB/s
+ du -sb /pmem/dedupDir/backup.log /pmem/dedupDir/container.pool /pmem/dedupDir/destor.stat /pmem/dedupDir/index /pmem/dedupDir/manifest /pmem/dedupDir/rebuild /pmem/dedupDir/recipes
118	/pmem/dedupDir/backup.log
2168455176	/pmem/dedupDir/container.pool
80	/pmem/dedupDir/destor.stat
9252260	/pmem/dedupDir/index
2992	/pmem/dedupDir/manifest
242	/pmem/dedupDir/rebuild
9274588	/pmem/dedupDir/recipes
+ set +o xtrace


+ /pmem/dedupDir/rebuild
Clean dir.
+ destor /dbRepo/FIO1024 '-pchunk-algorithm fastcdc' '-pchunk-avg-size 4096'
chunck algorithm:6.
Init recipe store successfully
container file:/pmem/dedupDir//container.pool
Init container store successfully
Init index module successfully
==== backup begin ====
Read 0 inherited sparse containers
job 0, 2147483648 bytes, 491409 chunks, 1 files processed
read phase stops successfully!
chunk phase stops successfully!
hash phase stops successfully!
dedup phase stops successfully: 480 segments of 1023 chunks on average
Dedup time(s) 4.856
rewrite phase stops successfully!
Record 1 sparse containers, and 0 of them are inherited
CMA: update 510 records.
filter phase stops successfully!
flushing hash table!
flushing hash table successfully!
append phase stops successfully!
==== backup end ====
job id: 0
backup path: /dbRepo/FIO1024/
number of files: 1
number of chunks: 491409 (4370 bytes on average)
number of unique chunks: 484284
total size(B): 2147483648
stored data size(B): 2118259521
deduplication ratio: 0.0136, 1.0138
Total time(s): 4.857
throughput(MB/s): 421.67
number of zero chunks: 0
size of zero chunks: 0
number of rewritten chunks: 0
size of rewritten chunks: 0
rewritten rate in size: 0.000
read_time : 0.532s, 3846.31MB/s
chunk_time : 1.300s, 1575.41MB/s
hash_time : 2.839s, 721.27MB/s
dedup_time : 0.597s, 3428.47MB/s
rewrite_time : 0.024s, 84457.09MB/s
filter_time : 2.629s, 779.11MB/s
write_time : 1.691s, 1210.91MB/s
+ du -sb /pmem/dedupDir/backup.log /pmem/dedupDir/container.pool /pmem/dedupDir/destor.stat /pmem/dedupDir/index /pmem/dedupDir/manifest /pmem/dedupDir/rebuild /pmem/dedupDir/recipes
118	/pmem/dedupDir/backup.log
2139095048	/pmem/dedupDir/container.pool
80	/pmem/dedupDir/destor.stat
15501188	/pmem/dedupDir/index
2950	/pmem/dedupDir/manifest
242	/pmem/dedupDir/rebuild
15875040	/pmem/dedupDir/recipes
+ set +o xtrace


+ /pmem/dedupDir/rebuild
Clean dir.
+ destor /dbRepo/FIO2048 '-pchunk-algorithm fixed' '-pchunk-avg-size 4096'
chunck algorithm:0.
Init recipe store successfully
container file:/pmem/dedupDir//container.pool
Init container store successfully
Init index module successfully
==== backup begin ====
Read 0 inherited sparse containers
job 0, 2147483648 bytes, 524288 chunks, 1 files processed
read phase stops successfully!
chunk phase stops successfully!
hash phase stops successfully!
dedup phase stops successfully: 512 segments of 1024 chunks on average
Dedup time(s) 4.702
rewrite phase stops successfully!
Record 1 sparse containers, and 0 of them are inherited
CMA: update 434 records.
filter phase stops successfully!
flushing hash table!
flushing hash table successfully!
append phase stops successfully!
==== backup end ====
job id: 0
backup path: /dbRepo/FIO2048/
number of files: 1
number of chunks: 524288 (4096 bytes on average)
number of unique chunks: 440042
total size(B): 2147483648
stored data size(B): 1802412032
deduplication ratio: 0.1607, 1.1914
Total time(s): 4.702
throughput(MB/s): 435.54
number of zero chunks: 0
size of zero chunks: 0
number of rewritten chunks: 0
size of rewritten chunks: 0
rewritten rate in size: 0.000
read_time : 0.787s, 2600.98MB/s
chunk_time : 0.017s, 117088.79MB/s
hash_time : 2.806s, 729.83MB/s
dedup_time : 0.237s, 8635.96MB/s
rewrite_time : 0.026s, 78072.58MB/s
filter_time : 2.264s, 904.43MB/s
write_time : 1.411s, 1451.37MB/s
+ du -sb /pmem/dedupDir/backup.log /pmem/dedupDir/container.pool /pmem/dedupDir/destor.stat /pmem/dedupDir/index /pmem/dedupDir/manifest /pmem/dedupDir/rebuild /pmem/dedupDir/recipes
118	/pmem/dedupDir/backup.log
1820327944	/pmem/dedupDir/container.pool
80	/pmem/dedupDir/destor.stat
14085444	/pmem/dedupDir/index
2494	/pmem/dedupDir/manifest
242	/pmem/dedupDir/rebuild
17942423	/pmem/dedupDir/recipes
+ set +o xtrace


+ /pmem/dedupDir/rebuild
Clean dir.
+ destor /dbRepo/FIO2048 '-pchunk-algorithm tttd' '-pchunk-avg-size 4096'
chunck algorithm:5.
Init recipe store successfully
container file:/pmem/dedupDir//container.pool
Init container store successfully
Init index module successfully
==== backup begin ====
Read 0 inherited sparse containers
job 0, 2147483648 bytes, 285547 chunks, 1 files processed
read phase stops successfully!
chunk phase stops successfully!
hash phase stops successfully!
dedup phase stops successfully: 279 segments of 1023 chunks on average
Dedup time(s) 7.464
rewrite phase stops successfully!
Record 1 sparse containers, and 0 of them are inherited
CMA: update 518 records.
filter phase stops successfully!
flushing hash table!
flushing hash table successfully!
append phase stops successfully!
==== backup end ====
job id: 0
backup path: /dbRepo/FIO2048/
number of files: 1
number of chunks: 285547 (7520 bytes on average)
number of unique chunks: 285547
total size(B): 2147483648
stored data size(B): 2147483648
deduplication ratio: 0.0000, 1.0000
Total time(s): 7.465
throughput(MB/s): 274.34
number of zero chunks: 0
size of zero chunks: 0
number of rewritten chunks: 0
size of rewritten chunks: 0
rewritten rate in size: 0.000
read_time : 0.906s, 2260.03MB/s
chunk_time : 6.258s, 327.24MB/s
hash_time : 2.966s, 690.53MB/s
dedup_time : 0.246s, 8326.25MB/s
rewrite_time : 0.026s, 79158.94MB/s
filter_time : 2.079s, 984.97MB/s
write_time : 2.207s, 927.99MB/s
+ du -sb /pmem/dedupDir/backup.log /pmem/dedupDir/container.pool /pmem/dedupDir/destor.stat /pmem/dedupDir/index /pmem/dedupDir/manifest /pmem/dedupDir/rebuild /pmem/dedupDir/recipes
118	/pmem/dedupDir/backup.log
2172649480	/pmem/dedupDir/container.pool
80	/pmem/dedupDir/destor.stat
9141604	/pmem/dedupDir/index
2998	/pmem/dedupDir/manifest
242	/pmem/dedupDir/rebuild
9163694	/pmem/dedupDir/recipes
+ set +o xtrace


+ /pmem/dedupDir/rebuild
Clean dir.
+ destor /dbRepo/FIO2048 '-pchunk-algorithm ae' '-pchunk-avg-size 4096'
chunck algorithm:4.
Init recipe store successfully
container file:/pmem/dedupDir//container.pool
Init container store successfully
Init index module successfully
==== backup begin ====
Read 0 inherited sparse containers
job 0, 2147483648 bytes, 432595 chunks, 1 files processed
read phase stops successfully!
chunk phase stops successfully!
hash phase stops successfully!
dedup phase stops successfully: 423 segments of 1022 chunks on average
Dedup time(s) 4.114
rewrite phase stops successfully!
Record 1 sparse containers, and 0 of them are inherited
CMA: update 517 records.
filter phase stops successfully!
flushing hash table!
flushing hash table successfully!
append phase stops successfully!
==== backup end ====
job id: 0
backup path: /dbRepo/FIO2048/
number of files: 1
number of chunks: 432595 (4964 bytes on average)
number of unique chunks: 432595
total size(B): 2147483648
stored data size(B): 2147483648
deduplication ratio: 0.0000, 1.0000
Total time(s): 4.115
throughput(MB/s): 497.75
number of zero chunks: 0
size of zero chunks: 0
number of rewritten chunks: 0
size of rewritten chunks: 0
rewritten rate in size: 0.000
read_time : 0.559s, 3665.58MB/s
chunk_time : 2.426s, 844.13MB/s
hash_time : 2.793s, 733.21MB/s
dedup_time : 0.229s, 8947.96MB/s
rewrite_time : 0.022s, 93124.77MB/s
filter_time : 2.348s, 872.20MB/s
write_time : 1.532s, 1337.00MB/s
+ du -sb /pmem/dedupDir/backup.log /pmem/dedupDir/container.pool /pmem/dedupDir/destor.stat /pmem/dedupDir/index /pmem/dedupDir/manifest /pmem/dedupDir/rebuild /pmem/dedupDir/recipes
118	/pmem/dedupDir/backup.log
2168455176	/pmem/dedupDir/container.pool
80	/pmem/dedupDir/destor.stat
13847140	/pmem/dedupDir/index
2992	/pmem/dedupDir/manifest
242	/pmem/dedupDir/rebuild
13878440	/pmem/dedupDir/recipes
+ set +o xtrace


+ /pmem/dedupDir/rebuild
Clean dir.
+ destor /dbRepo/FIO2048 '-pchunk-algorithm rabin' '-pchunk-avg-size 4096'
chunck algorithm:1.
Init recipe store successfully
container file:/pmem/dedupDir//container.pool
Init container store successfully
Init index module successfully
==== backup begin ====
Read 0 inherited sparse containers
job 0, 2147483648 bytes, 285541 chunks, 1 files processed
read phase stops successfully!
chunk phase stops successfully!
hash phase stops successfully!
dedup phase stops successfully: 279 segments of 1023 chunks on average
Dedup time(s) 7.850
rewrite phase stops successfully!
Record 1 sparse containers, and 0 of them are inherited
CMA: update 518 records.
filter phase stops successfully!
flushing hash table!
flushing hash table successfully!
append phase stops successfully!
==== backup end ====
job id: 0
backup path: /dbRepo/FIO2048/
number of files: 1
number of chunks: 285541 (7520 bytes on average)
number of unique chunks: 285541
total size(B): 2147483648
stored data size(B): 2147483648
deduplication ratio: 0.0000, 1.0000
Total time(s): 7.850
throughput(MB/s): 260.89
number of zero chunks: 0
size of zero chunks: 0
number of rewritten chunks: 0
size of rewritten chunks: 0
rewritten rate in size: 0.000
read_time : 0.651s, 3145.81MB/s
chunk_time : 6.364s, 321.83MB/s
hash_time : 3.029s, 676.19MB/s
dedup_time : 0.261s, 7860.96MB/s
rewrite_time : 0.026s, 78936.21MB/s
filter_time : 2.093s, 978.56MB/s
write_time : 2.121s, 965.61MB/s
+ du -sb /pmem/dedupDir/backup.log /pmem/dedupDir/container.pool /pmem/dedupDir/destor.stat /pmem/dedupDir/index /pmem/dedupDir/manifest /pmem/dedupDir/rebuild /pmem/dedupDir/recipes
118	/pmem/dedupDir/backup.log
2172649480	/pmem/dedupDir/container.pool
80	/pmem/dedupDir/destor.stat
9141412	/pmem/dedupDir/index
2998	/pmem/dedupDir/manifest
242	/pmem/dedupDir/rebuild
9163502	/pmem/dedupDir/recipes
+ set +o xtrace


+ /pmem/dedupDir/rebuild
Clean dir.
+ destor /dbRepo/FIO2048 '-pchunk-algorithm fastcdc' '-pchunk-avg-size 4096'
chunck algorithm:6.
Init recipe store successfully
container file:/pmem/dedupDir//container.pool
Init container store successfully
Init index module successfully
==== backup begin ====
Read 0 inherited sparse containers
job 0, 2147483648 bytes, 455878 chunks, 1 files processed
read phase stops successfully!
chunk phase stops successfully!
hash phase stops successfully!
dedup phase stops successfully: 446 segments of 1022 chunks on average
Dedup time(s) 4.474
rewrite phase stops successfully!
Record 0 sparse containers, and 0 of them are inherited
CMA: update 486 records.
filter phase stops successfully!
flushing hash table!
flushing hash table successfully!
append phase stops successfully!
==== backup end ====
job id: 0
backup path: /dbRepo/FIO2048/
number of files: 1
number of chunks: 455878 (4710 bytes on average)
number of unique chunks: 424980
total size(B): 2147483648
stored data size(B): 2020691421
deduplication ratio: 0.0590, 1.0627
Total time(s): 4.475
throughput(MB/s): 457.66
number of zero chunks: 0
size of zero chunks: 0
number of rewritten chunks: 0
size of rewritten chunks: 0
rewritten rate in size: 0.000
read_time : 0.569s, 3602.09MB/s
chunk_time : 1.312s, 1560.42MB/s
hash_time : 2.830s, 723.74MB/s
dedup_time : 0.533s, 3841.25MB/s
rewrite_time : 0.024s, 86831.17MB/s
filter_time : 2.179s, 940.01MB/s
write_time : 1.568s, 1306.10MB/s
+ du -sb /pmem/dedupDir/backup.log /pmem/dedupDir/container.pool /pmem/dedupDir/destor.stat /pmem/dedupDir/index /pmem/dedupDir/manifest /pmem/dedupDir/rebuild /pmem/dedupDir/recipes
118	/pmem/dedupDir/backup.log
2038431752	/pmem/dedupDir/container.pool
80	/pmem/dedupDir/destor.stat
13603460	/pmem/dedupDir/index
2806	/pmem/dedupDir/manifest
242	/pmem/dedupDir/rebuild
15037036	/pmem/dedupDir/recipes
+ set +o xtrace


+ /pmem/dedupDir/rebuild
Clean dir.
+ destor /dbRepo/FIO4096 '-pchunk-algorithm fixed' '-pchunk-avg-size 4096'
chunck algorithm:0.
Init recipe store successfully
container file:/pmem/dedupDir//container.pool
Init container store successfully
Init index module successfully
==== backup begin ====
Read 0 inherited sparse containers
job 0, 2147483648 bytes, 524288 chunks, 1 files processed
read phase stops successfully!
chunk phase stops successfully!
hash phase stops successfully!
dedup phase stops successfully: 512 segments of 1024 chunks on average
Dedup time(s) 6.131
rewrite phase stops successfully!
Record 0 sparse containers, and 0 of them are inherited
CMA: update 310 records.
filter phase stops successfully!
flushing hash table!
flushing hash table successfully!
append phase stops successfully!
==== backup end ====
job id: 0
backup path: /dbRepo/FIO4096/
number of files: 1
number of chunks: 524288 (4096 bytes on average)
number of unique chunks: 314528
total size(B): 2147483648
stored data size(B): 1288306688
deduplication ratio: 0.4001, 1.6669
Total time(s): 6.132
throughput(MB/s): 334.01
number of zero chunks: 0
size of zero chunks: 0
number of rewritten chunks: 0
size of rewritten chunks: 0
rewritten rate in size: 0.000
read_time : 0.587s, 3488.77MB/s
chunk_time : 0.019s, 109900.72MB/s
hash_time : 2.797s, 732.32MB/s
dedup_time : 0.307s, 6661.03MB/s
rewrite_time : 0.026s, 77891.45MB/s
filter_time : 5.044s, 406.01MB/s
write_time : 1.385s, 1478.72MB/s
+ du -sb /pmem/dedupDir/backup.log /pmem/dedupDir/container.pool /pmem/dedupDir/destor.stat /pmem/dedupDir/index /pmem/dedupDir/manifest /pmem/dedupDir/rebuild /pmem/dedupDir/recipes
118	/pmem/dedupDir/backup.log
1300234248	/pmem/dedupDir/container.pool
80	/pmem/dedupDir/destor.stat
10068996	/pmem/dedupDir/index
1750	/pmem/dedupDir/manifest
242	/pmem/dedupDir/rebuild
18817124	/pmem/dedupDir/recipes
+ set +o xtrace


+ /pmem/dedupDir/rebuild
Clean dir.
+ destor /dbRepo/FIO4096 '-pchunk-algorithm tttd' '-pchunk-avg-size 4096'
chunck algorithm:5.
Init recipe store successfully
container file:/pmem/dedupDir//container.pool
Init container store successfully
Init index module successfully
==== backup begin ====
Read 0 inherited sparse containers
job 0, 2147483648 bytes, 282952 chunks, 1 files processed
read phase stops successfully!
chunk phase stops successfully!
hash phase stops successfully!
dedup phase stops successfully: 277 segments of 1021 chunks on average
Dedup time(s) 7.496
rewrite phase stops successfully!
Record 1 sparse containers, and 0 of them are inherited
CMA: update 518 records.
filter phase stops successfully!
flushing hash table!
flushing hash table successfully!
append phase stops successfully!
==== backup end ====
job id: 0
backup path: /dbRepo/FIO4096/
number of files: 1
number of chunks: 282952 (7589 bytes on average)
number of unique chunks: 282952
total size(B): 2147483648
stored data size(B): 2147483648
deduplication ratio: 0.0000, 1.0000
Total time(s): 7.496
throughput(MB/s): 273.21
number of zero chunks: 0
size of zero chunks: 0
number of rewritten chunks: 0
size of rewritten chunks: 0
rewritten rate in size: 0.000
read_time : 0.636s, 3221.54MB/s
chunk_time : 6.274s, 326.44MB/s
hash_time : 3.021s, 677.92MB/s
dedup_time : 0.271s, 7545.95MB/s
rewrite_time : 0.025s, 81736.91MB/s
filter_time : 2.106s, 972.39MB/s
write_time : 2.339s, 875.74MB/s
+ du -sb /pmem/dedupDir/backup.log /pmem/dedupDir/container.pool /pmem/dedupDir/destor.stat /pmem/dedupDir/index /pmem/dedupDir/manifest /pmem/dedupDir/rebuild /pmem/dedupDir/recipes
118	/pmem/dedupDir/backup.log
2172649480	/pmem/dedupDir/container.pool
80	/pmem/dedupDir/destor.stat
9058564	/pmem/dedupDir/index
2998	/pmem/dedupDir/manifest
242	/pmem/dedupDir/rebuild
9080527	/pmem/dedupDir/recipes
+ set +o xtrace


+ /pmem/dedupDir/rebuild
Clean dir.
+ destor /dbRepo/FIO4096 '-pchunk-algorithm ae' '-pchunk-avg-size 4096'
chunck algorithm:4.
Init recipe store successfully
container file:/pmem/dedupDir//container.pool
Init container store successfully
Init index module successfully
==== backup begin ====
Read 0 inherited sparse containers
job 0, 2147483648 bytes, 514372 chunks, 1 files processed
read phase stops successfully!
chunk phase stops successfully!
hash phase stops successfully!
dedup phase stops successfully: 503 segments of 1022 chunks on average
Dedup time(s) 6.612
rewrite phase stops successfully!
Record 1 sparse containers, and 0 of them are inherited
CMA: update 386 records.
filter phase stops successfully!
flushing hash table!
flushing hash table successfully!
append phase stops successfully!
==== backup end ====
job id: 0
backup path: /dbRepo/FIO4096/
number of files: 1
number of chunks: 514372 (4174 bytes on average)
number of unique chunks: 377046
total size(B): 2147483648
stored data size(B): 1601937336
deduplication ratio: 0.2540, 1.3406
Total time(s): 6.612
throughput(MB/s): 309.72
number of zero chunks: 0
size of zero chunks: 0
number of rewritten chunks: 0
size of rewritten chunks: 0
rewritten rate in size: 0.000
read_time : 0.580s, 3531.70MB/s
chunk_time : 2.442s, 838.68MB/s
hash_time : 2.890s, 708.77MB/s
dedup_time : 2.225s, 920.48MB/s
rewrite_time : 0.032s, 64548.66MB/s
filter_time : 2.486s, 823.93MB/s
write_time : 1.567s, 1306.81MB/s
+ du -sb /pmem/dedupDir/backup.log /pmem/dedupDir/container.pool /pmem/dedupDir/destor.stat /pmem/dedupDir/index /pmem/dedupDir/manifest /pmem/dedupDir/rebuild /pmem/dedupDir/recipes
118	/pmem/dedupDir/backup.log
1619001352	/pmem/dedupDir/container.pool
80	/pmem/dedupDir/destor.stat
12069572	/pmem/dedupDir/index
2206	/pmem/dedupDir/manifest
242	/pmem/dedupDir/rebuild
18033383	/pmem/dedupDir/recipes
+ set +o xtrace


+ /pmem/dedupDir/rebuild
Clean dir.
+ destor /dbRepo/FIO4096 '-pchunk-algorithm rabin' '-pchunk-avg-size 4096'
chunck algorithm:1.
Init recipe store successfully
container file:/pmem/dedupDir//container.pool
Init container store successfully
Init index module successfully
==== backup begin ====
Read 0 inherited sparse containers
job 0, 2147483648 bytes, 282943 chunks, 1 files processed
read phase stops successfully!
chunk phase stops successfully!
hash phase stops successfully!
dedup phase stops successfully: 277 segments of 1021 chunks on average
Dedup time(s) 7.622
rewrite phase stops successfully!
Record 1 sparse containers, and 0 of them are inherited
CMA: update 518 records.
filter phase stops successfully!
flushing hash table!
flushing hash table successfully!
append phase stops successfully!
==== backup end ====
job id: 0
backup path: /dbRepo/FIO4096/
number of files: 1
number of chunks: 282943 (7589 bytes on average)
number of unique chunks: 282943
total size(B): 2147483648
stored data size(B): 2147483648
deduplication ratio: 0.0000, 1.0000
Total time(s): 7.623
throughput(MB/s): 268.67
number of zero chunks: 0
size of zero chunks: 0
number of rewritten chunks: 0
size of rewritten chunks: 0
rewritten rate in size: 0.000
read_time : 0.588s, 3484.85MB/s
chunk_time : 6.351s, 322.48MB/s
hash_time : 3.036s, 674.68MB/s
dedup_time : 0.276s, 7410.25MB/s
rewrite_time : 0.025s, 82764.19MB/s
filter_time : 2.085s, 982.06MB/s
write_time : 2.115s, 968.43MB/s
+ du -sb /pmem/dedupDir/backup.log /pmem/dedupDir/container.pool /pmem/dedupDir/destor.stat /pmem/dedupDir/index /pmem/dedupDir/manifest /pmem/dedupDir/rebuild /pmem/dedupDir/recipes
118	/pmem/dedupDir/backup.log
2172649480	/pmem/dedupDir/container.pool
80	/pmem/dedupDir/destor.stat
9058276	/pmem/dedupDir/index
2998	/pmem/dedupDir/manifest
242	/pmem/dedupDir/rebuild
9080239	/pmem/dedupDir/recipes
+ set +o xtrace


+ /pmem/dedupDir/rebuild
Clean dir.
+ destor /dbRepo/FIO4096 '-pchunk-algorithm fastcdc' '-pchunk-avg-size 4096'
chunck algorithm:6.
Init recipe store successfully
container file:/pmem/dedupDir//container.pool
Init container store successfully
Init index module successfully
==== backup begin ====
Read 0 inherited sparse containers
job 0, 2147483648 bytes, 419987 chunks, 1 files processed
read phase stops successfully!
chunk phase stops successfully!
hash phase stops successfully!
dedup phase stops successfully: 411 segments of 1021 chunks on average
Dedup time(s) 4.409
rewrite phase stops successfully!
Record 0 sparse containers, and 0 of them are inherited
CMA: update 465 records.
filter phase stops successfully!
flushing hash table!
flushing hash table successfully!
append phase stops successfully!
==== backup end ====
job id: 0
backup path: /dbRepo/FIO4096/
number of files: 1
number of chunks: 419987 (5113 bytes on average)
number of unique chunks: 367469
total size(B): 2147483648
stored data size(B): 1932036553
deduplication ratio: 0.1003, 1.1115
Total time(s): 4.409
throughput(MB/s): 464.47
number of zero chunks: 0
size of zero chunks: 0
number of rewritten chunks: 0
size of rewritten chunks: 0
rewritten rate in size: 0.000
read_time : 0.519s, 3948.55MB/s
chunk_time : 1.318s, 1553.91MB/s
hash_time : 2.806s, 729.90MB/s
dedup_time : 0.527s, 3888.57MB/s
rewrite_time : 0.022s, 92959.92MB/s
filter_time : 1.996s, 1025.88MB/s
write_time : 1.523s, 1344.60MB/s
+ du -sb /pmem/dedupDir/backup.log /pmem/dedupDir/container.pool /pmem/dedupDir/destor.stat /pmem/dedupDir/index /pmem/dedupDir/manifest /pmem/dedupDir/rebuild /pmem/dedupDir/recipes
118	/pmem/dedupDir/backup.log
1950351368	/pmem/dedupDir/container.pool
80	/pmem/dedupDir/destor.stat
11763108	/pmem/dedupDir/index
2680	/pmem/dedupDir/manifest
242	/pmem/dedupDir/rebuild
13975252	/pmem/dedupDir/recipes
+ set +o xtrace


+ /pmem/dedupDir/rebuild
Clean dir.
+ destor /dbRepo/FIO8192 '-pchunk-algorithm fixed' '-pchunk-avg-size 4096'
chunck algorithm:0.
Init recipe store successfully
container file:/pmem/dedupDir//container.pool
Init container store successfully
Init index module successfully
==== backup begin ====
Read 0 inherited sparse containers
job 0, 2147483648 bytes, 524288 chunks, 1 files processed
read phase stops successfully!
chunk phase stops successfully!
hash phase stops successfully!
dedup phase stops successfully: 512 segments of 1024 chunks on average
Dedup time(s) 4.813
rewrite phase stops successfully!
Record 1 sparse containers, and 0 of them are inherited
CMA: update 310 records.
filter phase stops successfully!
flushing hash table!
flushing hash table successfully!
append phase stops successfully!
==== backup end ====
job id: 0
backup path: /dbRepo/FIO8192/
number of files: 1
number of chunks: 524288 (4096 bytes on average)
number of unique chunks: 314414
total size(B): 2147483648
stored data size(B): 1287839744
deduplication ratio: 0.4003, 1.6675
Total time(s): 4.813
throughput(MB/s): 425.48
number of zero chunks: 0
size of zero chunks: 0
number of rewritten chunks: 0
size of rewritten chunks: 0
rewritten rate in size: 0.000
read_time : 0.531s, 3857.78MB/s
chunk_time : 0.016s, 129694.13MB/s
hash_time : 2.796s, 732.40MB/s
dedup_time : 0.233s, 8771.33MB/s
rewrite_time : 0.026s, 79048.94MB/s
filter_time : 2.781s, 736.51MB/s
write_time : 1.216s, 1683.67MB/s
+ du -sb /pmem/dedupDir/backup.log /pmem/dedupDir/container.pool /pmem/dedupDir/destor.stat /pmem/dedupDir/index /pmem/dedupDir/manifest /pmem/dedupDir/rebuild /pmem/dedupDir/recipes
118	/pmem/dedupDir/backup.log
1300234248	/pmem/dedupDir/container.pool
80	/pmem/dedupDir/destor.stat
10065348	/pmem/dedupDir/index
1750	/pmem/dedupDir/manifest
242	/pmem/dedupDir/rebuild
17820200	/pmem/dedupDir/recipes
+ set +o xtrace


+ /pmem/dedupDir/rebuild
Clean dir.
+ destor /dbRepo/FIO8192 '-pchunk-algorithm tttd' '-pchunk-avg-size 4096'
chunck algorithm:5.
Init recipe store successfully
container file:/pmem/dedupDir//container.pool
Init container store successfully
Init index module successfully
==== backup begin ====
Read 0 inherited sparse containers
job 0, 2147483648 bytes, 387080 chunks, 1 files processed
read phase stops successfully!
chunk phase stops successfully!
hash phase stops successfully!
dedup phase stops successfully: 379 segments of 1021 chunks on average
Dedup time(s) 7.757
rewrite phase stops successfully!
Record 0 sparse containers, and 0 of them are inherited
CMA: update 433 records.
filter phase stops successfully!
flushing hash table!
flushing hash table successfully!
append phase stops successfully!
==== backup end ====
job id: 0
backup path: /dbRepo/FIO8192/
number of files: 1
number of chunks: 387080 (5547 bytes on average)
number of unique chunks: 344491
total size(B): 2147483648
stored data size(B): 1799888574
deduplication ratio: 0.1619, 1.1931
Total time(s): 7.758
throughput(MB/s): 264.00
number of zero chunks: 0
size of zero chunks: 0
number of rewritten chunks: 0
size of rewritten chunks: 0
rewritten rate in size: 0.000
read_time : 0.585s, 3500.53MB/s
chunk_time : 6.103s, 335.59MB/s
hash_time : 2.964s, 690.85MB/s
dedup_time : 1.054s, 1943.49MB/s
rewrite_time : 0.030s, 68453.77MB/s
filter_time : 2.328s, 879.87MB/s
write_time : 1.942s, 1054.74MB/s
+ du -sb /pmem/dedupDir/backup.log /pmem/dedupDir/container.pool /pmem/dedupDir/destor.stat /pmem/dedupDir/index /pmem/dedupDir/manifest /pmem/dedupDir/rebuild /pmem/dedupDir/recipes
118	/pmem/dedupDir/backup.log
1816133640	/pmem/dedupDir/container.pool
80	/pmem/dedupDir/destor.stat
11027812	/pmem/dedupDir/index
2488	/pmem/dedupDir/manifest
242	/pmem/dedupDir/rebuild
12829836	/pmem/dedupDir/recipes
+ set +o xtrace


+ /pmem/dedupDir/rebuild
Clean dir.
+ destor /dbRepo/FIO8192 '-pchunk-algorithm ae' '-pchunk-avg-size 4096'
chunck algorithm:4.
Init recipe store successfully
container file:/pmem/dedupDir//container.pool
Init container store successfully
Init index module successfully
==== backup begin ====
Read 0 inherited sparse containers
job 0, 2147483648 bytes, 511360 chunks, 1 files processed
read phase stops successfully!
chunk phase stops successfully!
hash phase stops successfully!
dedup phase stops successfully: 500 segments of 1022 chunks on average
Dedup time(s) 7.022
rewrite phase stops successfully!
Record 1 sparse containers, and 0 of them are inherited
CMA: update 367 records.
filter phase stops successfully!
flushing hash table!
flushing hash table successfully!
append phase stops successfully!
==== backup end ====
job id: 0
backup path: /dbRepo/FIO8192/
number of files: 1
number of chunks: 511360 (4199 bytes on average)
number of unique chunks: 341243
total size(B): 2147483648
stored data size(B): 1522545671
deduplication ratio: 0.2910, 1.4105
Total time(s): 7.022
throughput(MB/s): 291.65
number of zero chunks: 0
size of zero chunks: 0
number of rewritten chunks: 0
size of rewritten chunks: 0
rewritten rate in size: 0.000
read_time : 0.614s, 3335.49MB/s
chunk_time : 2.478s, 826.38MB/s
hash_time : 2.940s, 696.51MB/s
dedup_time : 2.656s, 771.00MB/s
rewrite_time : 0.033s, 62330.71MB/s
filter_time : 2.341s, 875.01MB/s
write_time : 1.528s, 1340.15MB/s
+ du -sb /pmem/dedupDir/backup.log /pmem/dedupDir/container.pool /pmem/dedupDir/destor.stat /pmem/dedupDir/index /pmem/dedupDir/manifest /pmem/dedupDir/rebuild /pmem/dedupDir/recipes
118	/pmem/dedupDir/backup.log
1539309576	/pmem/dedupDir/container.pool
80	/pmem/dedupDir/destor.stat
10923876	/pmem/dedupDir/index
2092	/pmem/dedupDir/manifest
242	/pmem/dedupDir/rebuild
17669335	/pmem/dedupDir/recipes
+ set +o xtrace


+ /pmem/dedupDir/rebuild
Clean dir.
+ destor /dbRepo/FIO8192 '-pchunk-algorithm rabin' '-pchunk-avg-size 4096'
chunck algorithm:1.
Init recipe store successfully
container file:/pmem/dedupDir//container.pool
Init container store successfully
Init index module successfully
==== backup begin ====
Read 0 inherited sparse containers
job 0, 2147483648 bytes, 387080 chunks, 1 files processed
read phase stops successfully!
chunk phase stops successfully!
hash phase stops successfully!
dedup phase stops successfully: 379 segments of 1021 chunks on average
Dedup time(s) 7.979
rewrite phase stops successfully!
Record 0 sparse containers, and 0 of them are inherited
CMA: update 433 records.
filter phase stops successfully!
flushing hash table!
flushing hash table successfully!
append phase stops successfully!
==== backup end ====
job id: 0
backup path: /dbRepo/FIO8192/
number of files: 1
number of chunks: 387080 (5547 bytes on average)
number of unique chunks: 344491
total size(B): 2147483648
stored data size(B): 1799888574
deduplication ratio: 0.1619, 1.1931
Total time(s): 7.980
throughput(MB/s): 256.64
number of zero chunks: 0
size of zero chunks: 0
number of rewritten chunks: 0
size of rewritten chunks: 0
rewritten rate in size: 0.000
read_time : 0.589s, 3475.22MB/s
chunk_time : 6.179s, 331.45MB/s
hash_time : 2.977s, 688.01MB/s
dedup_time : 1.084s, 1889.50MB/s
rewrite_time : 0.030s, 68168.96MB/s
filter_time : 2.280s, 898.21MB/s
write_time : 1.893s, 1081.88MB/s
+ du -sb /pmem/dedupDir/backup.log /pmem/dedupDir/container.pool /pmem/dedupDir/destor.stat /pmem/dedupDir/index /pmem/dedupDir/manifest /pmem/dedupDir/rebuild /pmem/dedupDir/recipes
118	/pmem/dedupDir/backup.log
1816133640	/pmem/dedupDir/container.pool
80	/pmem/dedupDir/destor.stat
11027812	/pmem/dedupDir/index
2488	/pmem/dedupDir/manifest
242	/pmem/dedupDir/rebuild
12829836	/pmem/dedupDir/recipes
+ set +o xtrace


+ /pmem/dedupDir/rebuild
Clean dir.
+ destor /dbRepo/FIO8192 '-pchunk-algorithm fastcdc' '-pchunk-avg-size 4096'
chunck algorithm:6.
Init recipe store successfully
container file:/pmem/dedupDir//container.pool
Init container store successfully
Init index module successfully
==== backup begin ====
Read 0 inherited sparse containers
job 0, 2147483648 bytes, 427175 chunks, 1 files processed
read phase stops successfully!
chunk phase stops successfully!
hash phase stops successfully!
dedup phase stops successfully: 418 segments of 1021 chunks on average
Dedup time(s) 5.080
rewrite phase stops successfully!
Record 1 sparse containers, and 0 of them are inherited
CMA: update 396 records.
filter phase stops successfully!
flushing hash table!
flushing hash table successfully!
append phase stops successfully!
==== backup end ====
job id: 0
backup path: /dbRepo/FIO8192/
number of files: 1
number of chunks: 427175 (5027 bytes on average)
number of unique chunks: 336401
total size(B): 2147483648
stored data size(B): 1643314804
deduplication ratio: 0.2348, 1.3068
Total time(s): 5.080
throughput(MB/s): 403.15
number of zero chunks: 0
size of zero chunks: 0
number of rewritten chunks: 0
size of rewritten chunks: 0
rewritten rate in size: 0.000
read_time : 0.516s, 3970.90MB/s
chunk_time : 1.318s, 1553.29MB/s
hash_time : 2.817s, 726.96MB/s
dedup_time : 0.478s, 4286.79MB/s
rewrite_time : 0.022s, 92795.65MB/s
filter_time : 2.167s, 945.08MB/s
write_time : 1.470s, 1393.25MB/s
+ du -sb /pmem/dedupDir/backup.log /pmem/dedupDir/container.pool /pmem/dedupDir/destor.stat /pmem/dedupDir/index /pmem/dedupDir/manifest /pmem/dedupDir/rebuild /pmem/dedupDir/recipes
118	/pmem/dedupDir/backup.log
1660944392	/pmem/dedupDir/container.pool
80	/pmem/dedupDir/destor.stat
10768932	/pmem/dedupDir/index
2266	/pmem/dedupDir/manifest
242	/pmem/dedupDir/rebuild
14357111	/pmem/dedupDir/recipes
+ set +o xtrace

