+ /pmem/dedupDir/rebuild
Clean dir.
+ destor /dbRepo/db1024/ '-pchunk-algorithm fixed' '-pchunk-avg-size 128'
chunck algorithm:0.
Init recipe store successfully
container file:/pmem/dedupDir//container.pool
Init container store successfully
Init index module successfully
==== backup begin ====
Read 0 inherited sparse containers
job 0, 7065189800 bytes, 55198619 chunks, 3491 files processed
read phase stops successfully!
chunk phase stops successfully!
hash phase stops successfully!
dedup phase stops successfully: 53905 segments of 1023 chunks on average
Dedup time(s) 1695.873
rewrite phase stops successfully!
Record 2355 sparse containers, and 0 of them are inherited
CMA: update 6918 records.
filter phase stops successfully!
flushing hash table!
flushing hash table successfully!
append phase stops successfully!
==== backup end ====
job id: 0
backup path: /dbRepo/db1024/
number of files: 3491
number of chunks: 55198619 (127 bytes on average)
number of unique chunks: 8086572
total size(B): 7065189800
stored data size(B): 1034966785
deduplication ratio: 0.8535, 6.8265
Total time(s): 1695.887
throughput(MB/s): 3.97
number of zero chunks: 0
size of zero chunks: 0
number of rewritten chunks: 0
size of rewritten chunks: 0
rewritten rate in size: 0.000
read_time : 7.904s, 852.42MB/s
chunk_time : 4.475s, 1505.63MB/s
hash_time : 63.921s, 105.41MB/s
dedup_time : 1317.885s, 5.11MB/s
rewrite_time : 7.828s, 860.75MB/s
filter_time : 211.791s, 31.81MB/s
write_time : 46.190s, 145.87MB/s
+ du -sb /pmem/dedupDir/backup.log /pmem/dedupDir/container.pool /pmem/dedupDir/destor.stat /pmem/dedupDir/index /pmem/dedupDir/manifest /pmem/dedupDir/rebuild /pmem/dedupDir/recipes
118	/pmem/dedupDir/backup.log
29016195080	/pmem/dedupDir/container.pool
80	/pmem/dedupDir/destor.stat
258774404	/pmem/dedupDir/index
47316	/pmem/dedupDir/manifest
242	/pmem/dedupDir/rebuild
1877158969	/pmem/dedupDir/recipes
+ set +o xtrace


+ /pmem/dedupDir/rebuild
Clean dir.
+ destor /dbRepo/db1024/ '-pchunk-algorithm tttd' '-pchunk-avg-size 128'
chunck algorithm:5.
Init recipe store successfully
container file:/pmem/dedupDir//container.pool
Init container store successfully
Init index module successfully
==== backup begin ====
destor: chunk_phase.c:150: start_chunk_phase: Assertion `destor.chunk_avg_size >= destor.chunk_min_size' failed.
./destorDiffChunkSize4KValueSize.sh: line 12:  2406 Aborted                 destor $dbPath -p"chunk-algorithm $cm" -p"chunk-avg-size $s"
+ du -sb /pmem/dedupDir/backup.log /pmem/dedupDir/container.pool /pmem/dedupDir/index /pmem/dedupDir/rebuild /pmem/dedupDir/recipes
118	/pmem/dedupDir/backup.log
0	/pmem/dedupDir/container.pool
4096	/pmem/dedupDir/index
242	/pmem/dedupDir/rebuild
4096	/pmem/dedupDir/recipes
+ set +o xtrace


+ /pmem/dedupDir/rebuild
Clean dir.
+ destor /dbRepo/db1024/ '-pchunk-algorithm ae' '-pchunk-avg-size 128'
chunck algorithm:4.
Init recipe store successfully
container file:/pmem/dedupDir//container.pool
Init container store successfully
Init index module successfully
==== backup begin ====
Read 0 inherited sparse containers
job 0, 7065189800 bytes, 39103063 chunks, 3491 files processed
read phase stops successfully!
chunk phase stops successfully!
hash phase stops successfully!
dedup phase stops successfully: 38187 segments of 1023 chunks on average
Dedup time(s) 244.956
rewrite phase stops successfully!
Record 1531 sparse containers, and 0 of them are inherited
CMA: update 3996 records.
filter phase stops successfully!
flushing hash table!
flushing hash table successfully!
append phase stops successfully!
==== backup end ====
job id: 0
backup path: /dbRepo/db1024/
number of files: 3491
number of chunks: 39103063 (180 bytes on average)
number of unique chunks: 4671063
total size(B): 7065189800
stored data size(B): 884145880
deduplication ratio: 0.8749, 7.9910
Total time(s): 244.961
throughput(MB/s): 27.51
number of zero chunks: 0
size of zero chunks: 0
number of rewritten chunks: 0
size of rewritten chunks: 0
rewritten rate in size: 0.000
read_time : 2.776s, 2427.37MB/s
chunk_time : 14.765s, 456.34MB/s
hash_time : 24.833s, 271.33MB/s
dedup_time : 94.220s, 71.51MB/s
rewrite_time : 2.254s, 2989.42MB/s
filter_time : 68.844s, 97.87MB/s
write_time : 26.707s, 252.29MB/s
+ du -sb /pmem/dedupDir/backup.log /pmem/dedupDir/container.pool /pmem/dedupDir/destor.stat /pmem/dedupDir/index /pmem/dedupDir/manifest /pmem/dedupDir/rebuild /pmem/dedupDir/recipes
118	/pmem/dedupDir/backup.log
16760438792	/pmem/dedupDir/container.pool
80	/pmem/dedupDir/destor.stat
149478116	/pmem/dedupDir/index
26862	/pmem/dedupDir/manifest
242	/pmem/dedupDir/rebuild
1388653150	/pmem/dedupDir/recipes
+ set +o xtrace


+ /pmem/dedupDir/rebuild
Clean dir.
+ destor /dbRepo/db1024/ '-pchunk-algorithm rabin' '-pchunk-avg-size 128'
chunck algorithm:1.
Init recipe store successfully
container file:/pmem/dedupDir//container.pool
Init container store successfully
Init index module successfully
==== backup begin ====
destor: chunk_phase.c:124: start_chunk_phase: Assertion `destor.chunk_avg_size >= destor.chunk_min_size' failed.
./destorDiffChunkSize4KValueSize.sh: line 12:  2451 Aborted                 destor $dbPath -p"chunk-algorithm $cm" -p"chunk-avg-size $s"
+ du -sb /pmem/dedupDir/backup.log /pmem/dedupDir/container.pool /pmem/dedupDir/index /pmem/dedupDir/rebuild /pmem/dedupDir/recipes
118	/pmem/dedupDir/backup.log
0	/pmem/dedupDir/container.pool
4096	/pmem/dedupDir/index
242	/pmem/dedupDir/rebuild
4096	/pmem/dedupDir/recipes
+ set +o xtrace


+ /pmem/dedupDir/rebuild
Clean dir.
+ destor /dbRepo/db1024/ '-pchunk-algorithm fastcdc' '-pchunk-avg-size 128'
chunck algorithm:6.
Init recipe store successfully
container file:/pmem/dedupDir//container.pool
Init container store successfully
Init index module successfully
==== backup begin ====
Read 0 inherited sparse containers
job 0, 7065189800 bytes, 12085022 chunks, 3491 files processed
read phase stops successfully!
chunk phase stops successfully!
hash phase stops successfully!
dedup phase stops successfully: 11802 segments of 1023 chunks on average
Dedup time(s) 460.087
rewrite phase stops successfully!
Record 506 sparse containers, and 0 of them are inherited
CMA: update 4766 records.
filter phase stops successfully!
flushing hash table!
flushing hash table successfully!
append phase stops successfully!
==== backup end ====
job id: 0
backup path: /dbRepo/db1024/
number of files: 3491
number of chunks: 12085022 (584 bytes on average)
number of unique chunks: 5571233
total size(B): 7065189800
stored data size(B): 3319228903
deduplication ratio: 0.5302, 2.1286
Total time(s): 460.097
throughput(MB/s): 14.64
number of zero chunks: 0
size of zero chunks: 0
number of rewritten chunks: 0
size of rewritten chunks: 0
rewritten rate in size: 0.000
read_time : 2.412s, 2793.08MB/s
chunk_time : 3.641s, 1850.81MB/s
hash_time : 34.469s, 195.47MB/s
dedup_time : 354.534s, 19.00MB/s
rewrite_time : 1.977s, 3407.41MB/s
filter_time : 64.990s, 103.68MB/s
write_time : 31.323s, 215.11MB/s
+ du -sb /pmem/dedupDir/backup.log /pmem/dedupDir/container.pool /pmem/dedupDir/destor.stat /pmem/dedupDir/index /pmem/dedupDir/manifest /pmem/dedupDir/rebuild /pmem/dedupDir/recipes
118	/pmem/dedupDir/backup.log
19990052872	/pmem/dedupDir/container.pool
80	/pmem/dedupDir/destor.stat
178283556	/pmem/dedupDir/index
32252	/pmem/dedupDir/manifest
242	/pmem/dedupDir/rebuild
470179622	/pmem/dedupDir/recipes
+ set +o xtrace


+ /pmem/dedupDir/rebuild
Clean dir.
+ destor /dbRepo/db1024/ '-pchunk-algorithm fixed' '-pchunk-avg-size 256'
chunck algorithm:0.
Init recipe store successfully
container file:/pmem/dedupDir//container.pool
Init container store successfully
Init index module successfully
==== backup begin ====
Read 0 inherited sparse containers
job 0, 7065189800 bytes, 27600111 chunks, 3491 files processed
read phase stops successfully!
chunk phase stops successfully!
hash phase stops successfully!
dedup phase stops successfully: 26954 segments of 1023 chunks on average
Dedup time(s) 1458.592
rewrite phase stops successfully!
Record 1180 sparse containers, and 0 of them are inherited
CMA: update 6445 records.
filter phase stops successfully!
flushing hash table!
flushing hash table successfully!
append phase stops successfully!
==== backup end ====
job id: 0
backup path: /dbRepo/db1024/
number of files: 3491
number of chunks: 27600111 (255 bytes on average)
number of unique chunks: 7533587
total size(B): 7065189800
stored data size(B): 1928290940
deduplication ratio: 0.7271, 3.6640
Total time(s): 1458.600
throughput(MB/s): 4.62
number of zero chunks: 0
size of zero chunks: 0
number of rewritten chunks: 0
size of rewritten chunks: 0
rewritten rate in size: 0.000
read_time : 2.207s, 3052.45MB/s
chunk_time : 2.361s, 2853.59MB/s
hash_time : 52.409s, 128.56MB/s
dedup_time : 1234.553s, 5.46MB/s
rewrite_time : 5.018s, 1342.83MB/s
filter_time : 123.350s, 54.62MB/s
write_time : 43.002s, 156.69MB/s
+ du -sb /pmem/dedupDir/backup.log /pmem/dedupDir/container.pool /pmem/dedupDir/destor.stat /pmem/dedupDir/index /pmem/dedupDir/manifest /pmem/dedupDir/rebuild /pmem/dedupDir/recipes
118	/pmem/dedupDir/backup.log
27032289288	/pmem/dedupDir/container.pool
80	/pmem/dedupDir/destor.stat
241078884	/pmem/dedupDir/index
44005	/pmem/dedupDir/manifest
242	/pmem/dedupDir/rebuild
988499190	/pmem/dedupDir/recipes
+ set +o xtrace


+ /pmem/dedupDir/rebuild
Clean dir.
+ destor /dbRepo/db1024/ '-pchunk-algorithm tttd' '-pchunk-avg-size 256'
chunck algorithm:5.
Init recipe store successfully
container file:/pmem/dedupDir//container.pool
Init container store successfully
Init index module successfully
==== backup begin ====
destor: chunk_phase.c:150: start_chunk_phase: Assertion `destor.chunk_avg_size >= destor.chunk_min_size' failed.
./destorDiffChunkSize4KValueSize.sh: line 12:  2566 Aborted                 destor $dbPath -p"chunk-algorithm $cm" -p"chunk-avg-size $s"
+ du -sb /pmem/dedupDir/backup.log /pmem/dedupDir/container.pool /pmem/dedupDir/index /pmem/dedupDir/rebuild /pmem/dedupDir/recipes
118	/pmem/dedupDir/backup.log
0	/pmem/dedupDir/container.pool
4096	/pmem/dedupDir/index
242	/pmem/dedupDir/rebuild
4096	/pmem/dedupDir/recipes
+ set +o xtrace


+ /pmem/dedupDir/rebuild
Clean dir.
+ destor /dbRepo/db1024/ '-pchunk-algorithm ae' '-pchunk-avg-size 256'
chunck algorithm:4.
Init recipe store successfully
container file:/pmem/dedupDir//container.pool
Init container store successfully
Init index module successfully
==== backup begin ====
Read 0 inherited sparse containers
job 0, 7065189800 bytes, 23339012 chunks, 3491 files processed
read phase stops successfully!
chunk phase stops successfully!
hash phase stops successfully!
dedup phase stops successfully: 22793 segments of 1023 chunks on average
Dedup time(s) 182.886
rewrite phase stops successfully!
Record 877 sparse containers, and 0 of them are inherited
CMA: update 3791 records.
filter phase stops successfully!
flushing hash table!
flushing hash table successfully!
append phase stops successfully!
==== backup end ====
job id: 0
backup path: /dbRepo/db1024/
number of files: 3491
number of chunks: 23339012 (302 bytes on average)
number of unique chunks: 4430877
total size(B): 7065189800
stored data size(B): 1507159960
deduplication ratio: 0.7867, 4.6878
Total time(s): 182.892
throughput(MB/s): 36.84
number of zero chunks: 0
size of zero chunks: 0
number of rewritten chunks: 0
size of rewritten chunks: 0
rewritten rate in size: 0.000
read_time : 2.064s, 3263.98MB/s
chunk_time : 13.231s, 509.25MB/s
hash_time : 22.070s, 305.30MB/s
dedup_time : 78.412s, 85.93MB/s
rewrite_time : 1.518s, 4438.12MB/s
filter_time : 57.044s, 118.12MB/s
write_time : 23.208s, 290.33MB/s
+ du -sb /pmem/dedupDir/backup.log /pmem/dedupDir/container.pool /pmem/dedupDir/destor.stat /pmem/dedupDir/index /pmem/dedupDir/manifest /pmem/dedupDir/rebuild /pmem/dedupDir/recipes
118	/pmem/dedupDir/backup.log
15900606472	/pmem/dedupDir/container.pool
80	/pmem/dedupDir/destor.stat
141792164	/pmem/dedupDir/index
25427	/pmem/dedupDir/manifest
242	/pmem/dedupDir/rebuild
880157256	/pmem/dedupDir/recipes
+ set +o xtrace


+ /pmem/dedupDir/rebuild
Clean dir.
+ destor /dbRepo/db1024/ '-pchunk-algorithm rabin' '-pchunk-avg-size 256'
chunck algorithm:1.
Init recipe store successfully
container file:/pmem/dedupDir//container.pool
Init container store successfully
Init index module successfully
==== backup begin ====
destor: chunk_phase.c:124: start_chunk_phase: Assertion `destor.chunk_avg_size >= destor.chunk_min_size' failed.
./destorDiffChunkSize4KValueSize.sh: line 12:  2602 Aborted                 destor $dbPath -p"chunk-algorithm $cm" -p"chunk-avg-size $s"
+ du -sb /pmem/dedupDir/backup.log /pmem/dedupDir/container.pool /pmem/dedupDir/index /pmem/dedupDir/rebuild /pmem/dedupDir/recipes
118	/pmem/dedupDir/backup.log
0	/pmem/dedupDir/container.pool
4096	/pmem/dedupDir/index
242	/pmem/dedupDir/rebuild
4096	/pmem/dedupDir/recipes
+ set +o xtrace


+ /pmem/dedupDir/rebuild
Clean dir.
+ destor /dbRepo/db1024/ '-pchunk-algorithm fastcdc' '-pchunk-avg-size 256'
chunck algorithm:6.
Init recipe store successfully
container file:/pmem/dedupDir//container.pool
Init container store successfully
Init index module successfully
==== backup begin ====
Read 0 inherited sparse containers
job 0, 7065189800 bytes, 10696553 chunks, 3491 files processed
read phase stops successfully!
chunk phase stops successfully!
hash phase stops successfully!
dedup phase stops successfully: 10446 segments of 1023 chunks on average
Dedup time(s) 295.330
rewrite phase stops successfully!
Record 436 sparse containers, and 0 of them are inherited
CMA: update 4318 records.
filter phase stops successfully!
flushing hash table!
flushing hash table successfully!
append phase stops successfully!
==== backup end ====
job id: 0
backup path: /dbRepo/db1024/
number of files: 3491
number of chunks: 10696553 (660 bytes on average)
number of unique chunks: 5046782
total size(B): 7065189800
stored data size(B): 3492261215
deduplication ratio: 0.5057, 2.0231
Total time(s): 295.338
throughput(MB/s): 22.81
number of zero chunks: 0
size of zero chunks: 0
number of rewritten chunks: 0
size of rewritten chunks: 0
rewritten rate in size: 0.000
read_time : 2.141s, 3146.99MB/s
chunk_time : 4.070s, 1655.55MB/s
hash_time : 25.629s, 262.91MB/s
dedup_time : 209.327s, 32.19MB/s
rewrite_time : 1.412s, 4771.22MB/s
filter_time : 50.592s, 133.18MB/s
write_time : 26.248s, 256.70MB/s
+ du -sb /pmem/dedupDir/backup.log /pmem/dedupDir/container.pool /pmem/dedupDir/destor.stat /pmem/dedupDir/index /pmem/dedupDir/manifest /pmem/dedupDir/rebuild /pmem/dedupDir/recipes
118	/pmem/dedupDir/backup.log
18111004680	/pmem/dedupDir/container.pool
80	/pmem/dedupDir/destor.stat
161501124	/pmem/dedupDir/index
29116	/pmem/dedupDir/manifest
242	/pmem/dedupDir/rebuild
409127934	/pmem/dedupDir/recipes
+ set +o xtrace


+ /pmem/dedupDir/rebuild
Clean dir.
+ destor /dbRepo/db1024/ '-pchunk-algorithm fixed' '-pchunk-avg-size 512'
chunck algorithm:0.
Init recipe store successfully
container file:/pmem/dedupDir//container.pool
Init container store successfully
Init index module successfully
==== backup begin ====
Read 0 inherited sparse containers
job 0, 7065189800 bytes, 13800967 chunks, 3491 files processed
read phase stops successfully!
chunk phase stops successfully!
hash phase stops successfully!
dedup phase stops successfully: 13478 segments of 1023 chunks on average
Dedup time(s) 1284.259
rewrite phase stops successfully!
Record 591 sparse containers, and 0 of them are inherited
CMA: update 6030 records.
filter phase stops successfully!
flushing hash table!
flushing hash table successfully!
append phase stops successfully!
==== backup end ====
job id: 0
backup path: /dbRepo/db1024/
number of files: 3491
number of chunks: 13800967 (511 bytes on average)
number of unique chunks: 7048026
total size(B): 7065189800
stored data size(B): 3607848825
deduplication ratio: 0.4893, 1.9583
Total time(s): 1284.269
throughput(MB/s): 5.25
number of zero chunks: 0
size of zero chunks: 0
number of rewritten chunks: 0
size of rewritten chunks: 0
rewritten rate in size: 0.000
read_time : 2.214s, 3043.09MB/s
chunk_time : 1.182s, 5699.88MB/s
hash_time : 42.450s, 158.72MB/s
dedup_time : 1150.623s, 5.86MB/s
rewrite_time : 2.658s, 2534.53MB/s
filter_time : 80.675s, 83.52MB/s
write_time : 39.589s, 170.20MB/s
+ du -sb /pmem/dedupDir/backup.log /pmem/dedupDir/container.pool /pmem/dedupDir/destor.stat /pmem/dedupDir/index /pmem/dedupDir/manifest /pmem/dedupDir/rebuild /pmem/dedupDir/recipes
118	/pmem/dedupDir/backup.log
25291653128	/pmem/dedupDir/container.pool
80	/pmem/dedupDir/destor.stat
225540932	/pmem/dedupDir/index
41100	/pmem/dedupDir/manifest
242	/pmem/dedupDir/rebuild
540743457	/pmem/dedupDir/recipes
+ set +o xtrace


+ /pmem/dedupDir/rebuild
Clean dir.
+ destor /dbRepo/db1024/ '-pchunk-algorithm tttd' '-pchunk-avg-size 512'
chunck algorithm:5.
Init recipe store successfully
container file:/pmem/dedupDir//container.pool
Init container store successfully
Init index module successfully
==== backup begin ====
Read 0 inherited sparse containers
job 0, 7065189800 bytes, 7034272 chunks, 3491 files processed
read phase stops successfully!
chunk phase stops successfully!
hash phase stops successfully!
dedup phase stops successfully: 6870 segments of 1023 chunks on average
Dedup time(s) 150.394
rewrite phase stops successfully!
Record 273 sparse containers, and 0 of them are inherited
CMA: update 3435 records.
filter phase stops successfully!
flushing hash table!
flushing hash table successfully!
append phase stops successfully!
==== backup end ====
job id: 0
backup path: /dbRepo/db1024/
number of files: 3491
number of chunks: 7034272 (1004 bytes on average)
number of unique chunks: 4015321
total size(B): 7065189800
stored data size(B): 4534646585
deduplication ratio: 0.3582, 1.5580
Total time(s): 150.398
throughput(MB/s): 44.80
number of zero chunks: 0
size of zero chunks: 0
number of rewritten chunks: 0
size of rewritten chunks: 0
rewritten rate in size: 0.000
read_time : 2.096s, 3214.75MB/s
chunk_time : 22.684s, 297.04MB/s
hash_time : 21.088s, 319.52MB/s
dedup_time : 100.816s, 66.83MB/s
rewrite_time : 0.734s, 9185.01MB/s
filter_time : 32.668s, 206.25MB/s
write_time : 20.133s, 334.66MB/s
+ du -sb /pmem/dedupDir/backup.log /pmem/dedupDir/container.pool /pmem/dedupDir/destor.stat /pmem/dedupDir/index /pmem/dedupDir/manifest /pmem/dedupDir/rebuild /pmem/dedupDir/recipes
118	/pmem/dedupDir/backup.log
14407434248	/pmem/dedupDir/container.pool
80	/pmem/dedupDir/destor.stat
128494372	/pmem/dedupDir/index
22935	/pmem/dedupDir/manifest
242	/pmem/dedupDir/rebuild
257576595	/pmem/dedupDir/recipes
+ set +o xtrace


+ /pmem/dedupDir/rebuild
Clean dir.
+ destor /dbRepo/db1024/ '-pchunk-algorithm ae' '-pchunk-avg-size 512'
chunck algorithm:4.
Init recipe store successfully
container file:/pmem/dedupDir//container.pool
Init container store successfully
Init index module successfully
==== backup begin ====
Read 0 inherited sparse containers
job 0, 7065189800 bytes, 12759053 chunks, 3491 files processed
read phase stops successfully!
chunk phase stops successfully!
hash phase stops successfully!
dedup phase stops successfully: 12461 segments of 1023 chunks on average
Dedup time(s) 132.654
rewrite phase stops successfully!
Record 479 sparse containers, and 0 of them are inherited
CMA: update 3827 records.
filter phase stops successfully!
flushing hash table!
flushing hash table successfully!
append phase stops successfully!
==== backup end ====
job id: 0
backup path: /dbRepo/db1024/
number of files: 3491
number of chunks: 12759053 (553 bytes on average)
number of unique chunks: 4473392
total size(B): 7065189800
stored data size(B): 2821442488
deduplication ratio: 0.6007, 2.5041
Total time(s): 132.661
throughput(MB/s): 50.79
number of zero chunks: 0
size of zero chunks: 0
number of rewritten chunks: 0
size of rewritten chunks: 0
rewritten rate in size: 0.000
read_time : 2.097s, 3212.36MB/s
chunk_time : 12.876s, 523.30MB/s
hash_time : 17.682s, 381.07MB/s
dedup_time : 65.992s, 102.10MB/s
rewrite_time : 0.904s, 7450.36MB/s
filter_time : 42.067s, 160.17MB/s
write_time : 20.541s, 328.03MB/s
+ du -sb /pmem/dedupDir/backup.log /pmem/dedupDir/container.pool /pmem/dedupDir/destor.stat /pmem/dedupDir/index /pmem/dedupDir/manifest /pmem/dedupDir/rebuild /pmem/dedupDir/recipes
118	/pmem/dedupDir/backup.log
16051601416	/pmem/dedupDir/container.pool
80	/pmem/dedupDir/destor.stat
143152644	/pmem/dedupDir/index
25679	/pmem/dedupDir/manifest
242	/pmem/dedupDir/rebuild
502106926	/pmem/dedupDir/recipes
+ set +o xtrace


+ /pmem/dedupDir/rebuild
Clean dir.
+ destor /dbRepo/db1024/ '-pchunk-algorithm rabin' '-pchunk-avg-size 512'
chunck algorithm:1.
Init recipe store successfully
container file:/pmem/dedupDir//container.pool
Init container store successfully
Init index module successfully
==== backup begin ====
Read 0 inherited sparse containers
job 0, 7065189800 bytes, 7033101 chunks, 3491 files processed
read phase stops successfully!
chunk phase stops successfully!
hash phase stops successfully!
dedup phase stops successfully: 6869 segments of 1023 chunks on average
Dedup time(s) 149.708
rewrite phase stops successfully!
Record 273 sparse containers, and 0 of them are inherited
CMA: update 3435 records.
filter phase stops successfully!
flushing hash table!
flushing hash table successfully!
append phase stops successfully!
==== backup end ====
job id: 0
backup path: /dbRepo/db1024/
number of files: 3491
number of chunks: 7033101 (1004 bytes on average)
number of unique chunks: 4014662
total size(B): 7065189800
stored data size(B): 4535022647
deduplication ratio: 0.3581, 1.5579
Total time(s): 149.713
throughput(MB/s): 45.01
number of zero chunks: 0
size of zero chunks: 0
number of rewritten chunks: 0
size of rewritten chunks: 0
rewritten rate in size: 0.000
read_time : 2.095s, 3216.28MB/s
chunk_time : 22.555s, 298.73MB/s
hash_time : 21.077s, 319.68MB/s
dedup_time : 99.943s, 67.42MB/s
rewrite_time : 0.755s, 8925.28MB/s
filter_time : 33.999s, 198.18MB/s
write_time : 19.660s, 342.72MB/s
+ du -sb /pmem/dedupDir/backup.log /pmem/dedupDir/container.pool /pmem/dedupDir/destor.stat /pmem/dedupDir/index /pmem/dedupDir/manifest /pmem/dedupDir/rebuild /pmem/dedupDir/recipes
118	/pmem/dedupDir/backup.log
14407434248	/pmem/dedupDir/container.pool
80	/pmem/dedupDir/destor.stat
128473284	/pmem/dedupDir/index
22935	/pmem/dedupDir/manifest
242	/pmem/dedupDir/rebuild
257533434	/pmem/dedupDir/recipes
+ set +o xtrace


+ /pmem/dedupDir/rebuild
Clean dir.
+ destor /dbRepo/db1024/ '-pchunk-algorithm fastcdc' '-pchunk-avg-size 512'
chunck algorithm:6.
Init recipe store successfully
container file:/pmem/dedupDir//container.pool
Init container store successfully
Init index module successfully
==== backup begin ====
Read 0 inherited sparse containers
job 0, 7065189800 bytes, 8835049 chunks, 3491 files processed
read phase stops successfully!
chunk phase stops successfully!
hash phase stops successfully!
dedup phase stops successfully: 8628 segments of 1023 chunks on average
Dedup time(s) 174.419
rewrite phase stops successfully!
Record 350 sparse containers, and 0 of them are inherited
CMA: update 3881 records.
filter phase stops successfully!
flushing hash table!
flushing hash table successfully!
append phase stops successfully!
==== backup end ====
job id: 0
backup path: /dbRepo/db1024/
number of files: 3491
number of chunks: 8835049 (799 bytes on average)
number of unique chunks: 4535868
total size(B): 7065189800
stored data size(B): 3938145095
deduplication ratio: 0.4426, 1.7940
Total time(s): 174.423
throughput(MB/s): 38.63
number of zero chunks: 0
size of zero chunks: 0
number of rewritten chunks: 0
size of rewritten chunks: 0
rewritten rate in size: 0.000
read_time : 2.200s, 3063.12MB/s
chunk_time : 4.361s, 1544.99MB/s
hash_time : 20.283s, 332.19MB/s
dedup_time : 111.360s, 60.51MB/s
rewrite_time : 0.883s, 7627.13MB/s
filter_time : 38.634s, 174.40MB/s
write_time : 22.123s, 304.57MB/s
+ du -sb /pmem/dedupDir/backup.log /pmem/dedupDir/container.pool /pmem/dedupDir/destor.stat /pmem/dedupDir/index /pmem/dedupDir/manifest /pmem/dedupDir/rebuild /pmem/dedupDir/recipes
118	/pmem/dedupDir/backup.log
16278093832	/pmem/dedupDir/container.pool
80	/pmem/dedupDir/destor.stat
145151876	/pmem/dedupDir/index
26057	/pmem/dedupDir/manifest
242	/pmem/dedupDir/rebuild
330500656	/pmem/dedupDir/recipes
+ set +o xtrace


+ /pmem/dedupDir/rebuild
Clean dir.
+ destor /dbRepo/db1024/ '-pchunk-algorithm fixed' '-pchunk-avg-size 1024'
chunck algorithm:0.
Init recipe store successfully
container file:/pmem/dedupDir//container.pool
Init container store successfully
Init index module successfully
==== backup begin ====
Read 0 inherited sparse containers
job 0, 7065189800 bytes, 6901251 chunks, 3491 files processed
read phase stops successfully!
chunk phase stops successfully!
hash phase stops successfully!
dedup phase stops successfully: 6740 segments of 1023 chunks on average
Dedup time(s) 104.316
rewrite phase stops successfully!
Record 295 sparse containers, and 0 of them are inherited
CMA: update 5480 records.
filter phase stops successfully!
flushing hash table!
flushing hash table successfully!
append phase stops successfully!
==== backup end ====
job id: 0
backup path: /dbRepo/db1024/
number of files: 3491
number of chunks: 6901251 (1023 bytes on average)
number of unique chunks: 6406032
total size(B): 7065189800
stored data size(B): 6558142937
deduplication ratio: 0.0718, 1.0773
Total time(s): 104.326
throughput(MB/s): 64.59
number of zero chunks: 0
size of zero chunks: 0
number of rewritten chunks: 0
size of rewritten chunks: 0
rewritten rate in size: 0.000
read_time : 2.187s, 3080.58MB/s
chunk_time : 0.337s, 19999.32MB/s
hash_time : 15.917s, 423.31MB/s
dedup_time : 58.870s, 114.45MB/s
rewrite_time : 0.455s, 14798.50MB/s
filter_time : 31.866s, 211.45MB/s
write_time : 25.700s, 262.18MB/s
+ du -sb /pmem/dedupDir/backup.log /pmem/dedupDir/container.pool /pmem/dedupDir/destor.stat /pmem/dedupDir/index /pmem/dedupDir/manifest /pmem/dedupDir/rebuild /pmem/dedupDir/recipes
118	/pmem/dedupDir/backup.log
22984785928	/pmem/dedupDir/container.pool
80	/pmem/dedupDir/destor.stat
204997124	/pmem/dedupDir/index
37250	/pmem/dedupDir/manifest
242	/pmem/dedupDir/rebuild
222205569	/pmem/dedupDir/recipes
+ set +o xtrace


+ /pmem/dedupDir/rebuild
Clean dir.
+ destor /dbRepo/db1024/ '-pchunk-algorithm tttd' '-pchunk-avg-size 1024'
chunck algorithm:5.
Init recipe store successfully
container file:/pmem/dedupDir//container.pool
Init container store successfully
Init index module successfully
==== backup begin ====
Read 0 inherited sparse containers
job 0, 7065189800 bytes, 4643749 chunks, 3491 files processed
read phase stops successfully!
chunk phase stops successfully!
hash phase stops successfully!
dedup phase stops successfully: 4535 segments of 1023 chunks on average
Dedup time(s) 84.533
rewrite phase stops successfully!
Record 183 sparse containers, and 0 of them are inherited
CMA: update 2594 records.
filter phase stops successfully!
flushing hash table!
flushing hash table successfully!
append phase stops successfully!
==== backup end ====
job id: 0
backup path: /dbRepo/db1024/
number of files: 3491
number of chunks: 4643749 (1521 bytes on average)
number of unique chunks: 3031820
total size(B): 7065189800
stored data size(B): 5268011429
deduplication ratio: 0.2544, 1.3411
Total time(s): 84.536
throughput(MB/s): 79.70
number of zero chunks: 0
size of zero chunks: 0
number of rewritten chunks: 0
size of rewritten chunks: 0
rewritten rate in size: 0.000
read_time : 2.245s, 3000.80MB/s
chunk_time : 22.104s, 304.83MB/s
hash_time : 16.477s, 408.94MB/s
dedup_time : 50.083s, 134.53MB/s
rewrite_time : 0.413s, 16301.20MB/s
filter_time : 22.406s, 300.72MB/s
write_time : 13.370s, 503.96MB/s
+ du -sb /pmem/dedupDir/backup.log /pmem/dedupDir/container.pool /pmem/dedupDir/destor.stat /pmem/dedupDir/index /pmem/dedupDir/manifest /pmem/dedupDir/rebuild /pmem/dedupDir/recipes
118	/pmem/dedupDir/backup.log
10880024584	/pmem/dedupDir/container.pool
80	/pmem/dedupDir/destor.stat
97022340	/pmem/dedupDir/index
17048	/pmem/dedupDir/manifest
242	/pmem/dedupDir/rebuild
165390936	/pmem/dedupDir/recipes
+ set +o xtrace


+ /pmem/dedupDir/rebuild
Clean dir.
+ destor /dbRepo/db1024/ '-pchunk-algorithm ae' '-pchunk-avg-size 1024'
chunck algorithm:4.
Init recipe store successfully
container file:/pmem/dedupDir//container.pool
Init container store successfully
Init index module successfully
==== backup begin ====
Read 0 inherited sparse containers
job 0, 7065189800 bytes, 6769330 chunks, 3491 files processed
read phase stops successfully!
chunk phase stops successfully!
hash phase stops successfully!
dedup phase stops successfully: 6611 segments of 1023 chunks on average
Dedup time(s) 105.031
rewrite phase stops successfully!
Record 289 sparse containers, and 0 of them are inherited
CMA: update 4121 records.
filter phase stops successfully!
flushing hash table!
flushing hash table successfully!
append phase stops successfully!
==== backup end ====
job id: 0
backup path: /dbRepo/db1024/
number of files: 3491
number of chunks: 6769330 (1043 bytes on average)
number of unique chunks: 4817081
total size(B): 7065189800
stored data size(B): 5028083961
deduplication ratio: 0.2883, 1.4051
Total time(s): 105.040
throughput(MB/s): 64.15
number of zero chunks: 0
size of zero chunks: 0
number of rewritten chunks: 0
size of rewritten chunks: 0
rewritten rate in size: 0.000
read_time : 2.170s, 3105.43MB/s
chunk_time : 14.132s, 476.79MB/s
hash_time : 16.533s, 407.55MB/s
dedup_time : 60.072s, 112.16MB/s
rewrite_time : 0.487s, 13832.75MB/s
filter_time : 31.413s, 214.50MB/s
write_time : 20.067s, 335.76MB/s
+ du -sb /pmem/dedupDir/backup.log /pmem/dedupDir/container.pool /pmem/dedupDir/destor.stat /pmem/dedupDir/index /pmem/dedupDir/manifest /pmem/dedupDir/rebuild /pmem/dedupDir/recipes
118	/pmem/dedupDir/backup.log
17284726792	/pmem/dedupDir/container.pool
80	/pmem/dedupDir/destor.stat
154150692	/pmem/dedupDir/index
27737	/pmem/dedupDir/manifest
242	/pmem/dedupDir/rebuild
232865770	/pmem/dedupDir/recipes
+ set +o xtrace


+ /pmem/dedupDir/rebuild
Clean dir.
+ destor /dbRepo/db1024/ '-pchunk-algorithm rabin' '-pchunk-avg-size 1024'
chunck algorithm:1.
Init recipe store successfully
container file:/pmem/dedupDir//container.pool
Init container store successfully
Init index module successfully
==== backup begin ====
Read 0 inherited sparse containers
job 0, 7065189800 bytes, 4642367 chunks, 3491 files processed
read phase stops successfully!
chunk phase stops successfully!
hash phase stops successfully!
dedup phase stops successfully: 4534 segments of 1023 chunks on average
Dedup time(s) 82.250
rewrite phase stops successfully!
Record 183 sparse containers, and 0 of them are inherited
CMA: update 2593 records.
filter phase stops successfully!
flushing hash table!
flushing hash table successfully!
append phase stops successfully!
==== backup end ====
job id: 0
backup path: /dbRepo/db1024/
number of files: 3491
number of chunks: 4642367 (1521 bytes on average)
number of unique chunks: 3030984
total size(B): 7065189800
stored data size(B): 5268294292
deduplication ratio: 0.2543, 1.3411
Total time(s): 82.253
throughput(MB/s): 81.92
number of zero chunks: 0
size of zero chunks: 0
number of rewritten chunks: 0
size of rewritten chunks: 0
rewritten rate in size: 0.000
read_time : 2.158s, 3122.52MB/s
chunk_time : 21.208s, 317.70MB/s
hash_time : 16.102s, 418.46MB/s
dedup_time : 48.550s, 138.78MB/s
rewrite_time : 0.375s, 17953.44MB/s
filter_time : 22.362s, 301.30MB/s
write_time : 13.784s, 488.83MB/s
+ du -sb /pmem/dedupDir/backup.log /pmem/dedupDir/container.pool /pmem/dedupDir/destor.stat /pmem/dedupDir/index /pmem/dedupDir/manifest /pmem/dedupDir/rebuild /pmem/dedupDir/recipes
118	/pmem/dedupDir/backup.log
10875830280	/pmem/dedupDir/container.pool
80	/pmem/dedupDir/destor.stat
96995588	/pmem/dedupDir/index
17041	/pmem/dedupDir/manifest
242	/pmem/dedupDir/rebuild
165338255	/pmem/dedupDir/recipes
+ set +o xtrace


+ /pmem/dedupDir/rebuild
Clean dir.
+ destor /dbRepo/db1024/ '-pchunk-algorithm fastcdc' '-pchunk-avg-size 1024'
chunck algorithm:6.
Init recipe store successfully
container file:/pmem/dedupDir//container.pool
Init container store successfully
Init index module successfully
==== backup begin ====
Read 0 inherited sparse containers
job 0, 7065189800 bytes, 4926671 chunks, 3491 files processed
read phase stops successfully!
chunk phase stops successfully!
hash phase stops successfully!
dedup phase stops successfully: 4812 segments of 1023 chunks on average
Dedup time(s) 82.751
rewrite phase stops successfully!
Record 204 sparse containers, and 0 of them are inherited
CMA: update 3010 records.
filter phase stops successfully!
flushing hash table!
flushing hash table successfully!
append phase stops successfully!
==== backup end ====
job id: 0
backup path: /dbRepo/db1024/
number of files: 3491
number of chunks: 4926671 (1434 bytes on average)
number of unique chunks: 3518032
total size(B): 7065189800
stored data size(B): 5359743288
deduplication ratio: 0.2414, 1.3182
Total time(s): 82.754
throughput(MB/s): 81.42
number of zero chunks: 0
size of zero chunks: 0
number of rewritten chunks: 0
size of rewritten chunks: 0
rewritten rate in size: 0.000
read_time : 2.182s, 3088.31MB/s
chunk_time : 5.683s, 1185.53MB/s
hash_time : 15.423s, 436.86MB/s
dedup_time : 47.253s, 142.59MB/s
rewrite_time : 0.368s, 18311.92MB/s
filter_time : 23.199s, 290.44MB/s
write_time : 14.751s, 456.77MB/s
+ du -sb /pmem/dedupDir/backup.log /pmem/dedupDir/container.pool /pmem/dedupDir/destor.stat /pmem/dedupDir/index /pmem/dedupDir/manifest /pmem/dedupDir/rebuild /pmem/dedupDir/recipes
118	/pmem/dedupDir/backup.log
12624855048	/pmem/dedupDir/container.pool
80	/pmem/dedupDir/destor.stat
112581124	/pmem/dedupDir/index
19960	/pmem/dedupDir/manifest
242	/pmem/dedupDir/rebuild
171079862	/pmem/dedupDir/recipes
+ set +o xtrace


+ /pmem/dedupDir/rebuild
Clean dir.
+ destor /dbRepo/db1024/ '-pchunk-algorithm fixed' '-pchunk-avg-size 4096'
chunck algorithm:0.
Init recipe store successfully
container file:/pmem/dedupDir//container.pool
Init container store successfully
Init index module successfully
==== backup begin ====
Read 0 inherited sparse containers
job 0, 7065189800 bytes, 1726659 chunks, 3491 files processed
read phase stops successfully!
chunk phase stops successfully!
hash phase stops successfully!
dedup phase stops successfully: 1687 segments of 1023 chunks on average
Dedup time(s) 21.328
rewrite phase stops successfully!
Record 1 sparse containers, and 0 of them are inherited
CMA: update 1589 records.
filter phase stops successfully!
flushing hash table!
flushing hash table successfully!
append phase stops successfully!
==== backup end ====
job id: 0
backup path: /dbRepo/db1024/
number of files: 3491
number of chunks: 1726659 (4091 bytes on average)
number of unique chunks: 1614688
total size(B): 7065189800
stored data size(B): 6606566797
deduplication ratio: 0.0649, 1.0694
Total time(s): 21.329
throughput(MB/s): 315.90
number of zero chunks: 0
size of zero chunks: 0
number of rewritten chunks: 0
size of rewritten chunks: 0
rewritten rate in size: 0.000
read_time : 1.836s, 3669.61MB/s
chunk_time : 0.057s, 118549.69MB/s
hash_time : 9.263s, 727.39MB/s
dedup_time : 6.637s, 1015.16MB/s
rewrite_time : 0.095s, 70890.09MB/s
filter_time : 8.021s, 840.05MB/s
write_time : 5.976s, 1127.41MB/s
+ du -sb /pmem/dedupDir/backup.log /pmem/dedupDir/container.pool /pmem/dedupDir/destor.stat /pmem/dedupDir/index /pmem/dedupDir/manifest /pmem/dedupDir/rebuild /pmem/dedupDir/recipes
118	/pmem/dedupDir/backup.log
6664749064	/pmem/dedupDir/container.pool
80	/pmem/dedupDir/destor.stat
51674116	/pmem/dedupDir/index
10013	/pmem/dedupDir/manifest
242	/pmem/dedupDir/rebuild
55491650	/pmem/dedupDir/recipes
+ set +o xtrace


+ /pmem/dedupDir/rebuild
Clean dir.
+ destor /dbRepo/db1024/ '-pchunk-algorithm tttd' '-pchunk-avg-size 4096'
chunck algorithm:5.
Init recipe store successfully
container file:/pmem/dedupDir//container.pool
Init container store successfully
Init index module successfully
==== backup begin ====
Read 0 inherited sparse containers
job 0, 7065189800 bytes, 1592082 chunks, 3491 files processed
read phase stops successfully!
chunk phase stops successfully!
hash phase stops successfully!
dedup phase stops successfully: 1555 segments of 1023 chunks on average
Dedup time(s) 40.455
rewrite phase stops successfully!
Record 1 sparse containers, and 0 of them are inherited
CMA: update 1492 records.
filter phase stops successfully!
flushing hash table!
flushing hash table successfully!
append phase stops successfully!
==== backup end ====
job id: 0
backup path: /dbRepo/db1024/
number of files: 3491
number of chunks: 1592082 (4437 bytes on average)
number of unique chunks: 1267103
total size(B): 7065189800
stored data size(B): 6200692152
deduplication ratio: 0.1224, 1.1394
Total time(s): 40.456
throughput(MB/s): 166.55
number of zero chunks: 0
size of zero chunks: 0
number of rewritten chunks: 0
size of rewritten chunks: 0
rewritten rate in size: 0.000
read_time : 2.121s, 3176.17MB/s
chunk_time : 21.537s, 312.86MB/s
hash_time : 12.301s, 547.74MB/s
dedup_time : 16.786s, 401.39MB/s
rewrite_time : 0.160s, 42204.93MB/s
filter_time : 9.772s, 689.48MB/s
write_time : 7.997s, 842.50MB/s
+ du -sb /pmem/dedupDir/backup.log /pmem/dedupDir/container.pool /pmem/dedupDir/destor.stat /pmem/dedupDir/index /pmem/dedupDir/manifest /pmem/dedupDir/rebuild /pmem/dedupDir/recipes
118	/pmem/dedupDir/backup.log
6257901576	/pmem/dedupDir/container.pool
80	/pmem/dedupDir/destor.stat
40551396	/pmem/dedupDir/index
9334	/pmem/dedupDir/manifest
242	/pmem/dedupDir/rebuild
54021611	/pmem/dedupDir/recipes
+ set +o xtrace


+ /pmem/dedupDir/rebuild
Clean dir.
+ destor /dbRepo/db1024/ '-pchunk-algorithm ae' '-pchunk-avg-size 4096'
chunck algorithm:4.
Init recipe store successfully
container file:/pmem/dedupDir//container.pool
Init container store successfully
Init index module successfully
==== backup begin ====
Read 0 inherited sparse containers
job 0, 7065189800 bytes, 1645502 chunks, 3491 files processed
read phase stops successfully!
chunk phase stops successfully!
hash phase stops successfully!
dedup phase stops successfully: 1607 segments of 1023 chunks on average
Dedup time(s) 26.489
rewrite phase stops successfully!
Record 1 sparse containers, and 0 of them are inherited
CMA: update 1519 records.
filter phase stops successfully!
flushing hash table!
flushing hash table successfully!
append phase stops successfully!
==== backup end ====
job id: 0
backup path: /dbRepo/db1024/
number of files: 3491
number of chunks: 1645502 (4293 bytes on average)
number of unique chunks: 1471810
total size(B): 7065189800
stored data size(B): 6314870207
deduplication ratio: 0.1062, 1.1188
Total time(s): 26.490
throughput(MB/s): 254.35
number of zero chunks: 0
size of zero chunks: 0
number of rewritten chunks: 0
size of rewritten chunks: 0
rewritten rate in size: 0.000
read_time : 2.090s, 3224.42MB/s
chunk_time : 9.071s, 742.79MB/s
hash_time : 10.317s, 653.07MB/s
dedup_time : 12.214s, 551.64MB/s
rewrite_time : 0.109s, 61942.23MB/s
filter_time : 8.527s, 790.20MB/s
write_time : 6.760s, 996.66MB/s
+ du -sb /pmem/dedupDir/backup.log /pmem/dedupDir/container.pool /pmem/dedupDir/destor.stat /pmem/dedupDir/index /pmem/dedupDir/manifest /pmem/dedupDir/rebuild /pmem/dedupDir/recipes
118	/pmem/dedupDir/backup.log
6371147784	/pmem/dedupDir/container.pool
80	/pmem/dedupDir/destor.stat
47102020	/pmem/dedupDir/index
9523	/pmem/dedupDir/manifest
242	/pmem/dedupDir/rebuild
53351563	/pmem/dedupDir/recipes
+ set +o xtrace


+ /pmem/dedupDir/rebuild
Clean dir.
+ destor /dbRepo/db1024/ '-pchunk-algorithm rabin' '-pchunk-avg-size 4096'
chunck algorithm:1.
Init recipe store successfully
container file:/pmem/dedupDir//container.pool
Init container store successfully
Init index module successfully
==== backup begin ====
Read 0 inherited sparse containers
job 0, 7065189800 bytes, 1590935 chunks, 3491 files processed
read phase stops successfully!
chunk phase stops successfully!
hash phase stops successfully!
dedup phase stops successfully: 1554 segments of 1023 chunks on average
Dedup time(s) 40.966
rewrite phase stops successfully!
Record 1 sparse containers, and 0 of them are inherited
CMA: update 1492 records.
filter phase stops successfully!
flushing hash table!
flushing hash table successfully!
append phase stops successfully!
==== backup end ====
job id: 0
backup path: /dbRepo/db1024/
number of files: 3491
number of chunks: 1590935 (4440 bytes on average)
number of unique chunks: 1265981
total size(B): 7065189800
stored data size(B): 6200709610
deduplication ratio: 0.1224, 1.1394
Total time(s): 40.967
throughput(MB/s): 164.47
number of zero chunks: 0
size of zero chunks: 0
number of rewritten chunks: 0
size of rewritten chunks: 0
rewritten rate in size: 0.000
read_time : 2.102s, 3205.57MB/s
chunk_time : 21.615s, 311.72MB/s
hash_time : 11.938s, 564.39MB/s
dedup_time : 16.900s, 398.69MB/s
rewrite_time : 0.158s, 42522.15MB/s
filter_time : 9.591s, 702.51MB/s
write_time : 7.836s, 859.91MB/s
+ du -sb /pmem/dedupDir/backup.log /pmem/dedupDir/container.pool /pmem/dedupDir/destor.stat /pmem/dedupDir/index /pmem/dedupDir/manifest /pmem/dedupDir/rebuild /pmem/dedupDir/recipes
118	/pmem/dedupDir/backup.log
6257901576	/pmem/dedupDir/container.pool
80	/pmem/dedupDir/destor.stat
40515492	/pmem/dedupDir/index
9334	/pmem/dedupDir/manifest
242	/pmem/dedupDir/rebuild
53984515	/pmem/dedupDir/recipes
+ set +o xtrace


+ /pmem/dedupDir/rebuild
Clean dir.
+ destor /dbRepo/db1024/ '-pchunk-algorithm fastcdc' '-pchunk-avg-size 4096'
chunck algorithm:6.
Init recipe store successfully
container file:/pmem/dedupDir//container.pool
Init container store successfully
Init index module successfully
==== backup begin ====
Read 0 inherited sparse containers
job 0, 7065189800 bytes, 1440350 chunks, 3491 files processed
read phase stops successfully!
chunk phase stops successfully!
hash phase stops successfully!
dedup phase stops successfully: 1407 segments of 1023 chunks on average
Dedup time(s) 29.176
rewrite phase stops successfully!
Record 1 sparse containers, and 0 of them are inherited
CMA: update 1515 records.
filter phase stops successfully!
flushing hash table!
flushing hash table successfully!
append phase stops successfully!
==== backup end ====
job id: 0
backup path: /dbRepo/db1024/
number of files: 3491
number of chunks: 1440350 (4905 bytes on average)
number of unique chunks: 1236971
total size(B): 7065189800
stored data size(B): 6297541223
deduplication ratio: 0.1087, 1.1219
Total time(s): 29.176
throughput(MB/s): 230.94
number of zero chunks: 0
size of zero chunks: 0
number of rewritten chunks: 0
size of rewritten chunks: 0
rewritten rate in size: 0.000
read_time : 1.968s, 3422.93MB/s
chunk_time : 6.052s, 1113.33MB/s
hash_time : 12.029s, 560.14MB/s
dedup_time : 12.838s, 524.85MB/s
rewrite_time : 0.115s, 58787.67MB/s
filter_time : 8.655s, 778.47MB/s
write_time : 6.907s, 975.52MB/s
+ du -sb /pmem/dedupDir/backup.log /pmem/dedupDir/container.pool /pmem/dedupDir/destor.stat /pmem/dedupDir/index /pmem/dedupDir/manifest /pmem/dedupDir/rebuild /pmem/dedupDir/recipes
118	/pmem/dedupDir/backup.log
6354370568	/pmem/dedupDir/container.pool
80	/pmem/dedupDir/destor.stat
39587172	/pmem/dedupDir/index
9495	/pmem/dedupDir/manifest
242	/pmem/dedupDir/rebuild
47560563	/pmem/dedupDir/recipes
+ set +o xtrace


+ /pmem/dedupDir/rebuild
Clean dir.
+ destor /dbRepo/db1024/ '-pchunk-algorithm fixed' '-pchunk-avg-size 8192'
chunck algorithm:0.
Init recipe store successfully
container file:/pmem/dedupDir//container.pool
Init container store successfully
Init index module successfully
==== backup begin ====
Read 0 inherited sparse containers
job 0, 7065189800 bytes, 863995 chunks, 3491 files processed
read phase stops successfully!
chunk phase stops successfully!
hash phase stops successfully!
dedup phase stops successfully: 844 segments of 1023 chunks on average
Dedup time(s) 16.260
rewrite phase stops successfully!
Record 1 sparse containers, and 0 of them are inherited
CMA: update 1590 records.
filter phase stops successfully!
flushing hash table!
flushing hash table successfully!
append phase stops successfully!
==== backup end ====
job id: 0
backup path: /dbRepo/db1024/
number of files: 3491
number of chunks: 863995 (8177 bytes on average)
number of unique chunks: 808149
total size(B): 7065189800
stored data size(B): 6607725965
deduplication ratio: 0.0647, 1.0692
Total time(s): 16.261
throughput(MB/s): 414.35
number of zero chunks: 0
size of zero chunks: 0
number of rewritten chunks: 0
size of rewritten chunks: 0
rewritten rate in size: 0.000
read_time : 1.770s, 3806.59MB/s
chunk_time : 0.034s, 196812.91MB/s
hash_time : 9.530s, 707.03MB/s
dedup_time : 3.532s, 1907.59MB/s
rewrite_time : 0.059s, 114671.88MB/s
filter_time : 5.451s, 1236.04MB/s
write_time : 5.643s, 1193.98MB/s
+ du -sb /pmem/dedupDir/backup.log /pmem/dedupDir/container.pool /pmem/dedupDir/destor.stat /pmem/dedupDir/index /pmem/dedupDir/manifest /pmem/dedupDir/rebuild /pmem/dedupDir/recipes
118	/pmem/dedupDir/backup.log
6668943368	/pmem/dedupDir/container.pool
80	/pmem/dedupDir/destor.stat
25864868	/pmem/dedupDir/index
10020	/pmem/dedupDir/manifest
242	/pmem/dedupDir/rebuild
27831386	/pmem/dedupDir/recipes
+ set +o xtrace


+ /pmem/dedupDir/rebuild
Clean dir.
+ destor /dbRepo/db1024/ '-pchunk-algorithm tttd' '-pchunk-avg-size 8192'
chunck algorithm:5.
Init recipe store successfully
container file:/pmem/dedupDir//container.pool
Init container store successfully
Init index module successfully
==== backup begin ====
Read 0 inherited sparse containers
job 0, 7065189800 bytes, 862644 chunks, 3491 files processed
read phase stops successfully!
chunk phase stops successfully!
hash phase stops successfully!
dedup phase stops successfully: 843 segments of 1023 chunks on average
Dedup time(s) 31.929
rewrite phase stops successfully!
Record 0 sparse containers, and 0 of them are inherited
CMA: update 1535 records.
filter phase stops successfully!
flushing hash table!
flushing hash table successfully!
append phase stops successfully!
==== backup end ====
job id: 0
backup path: /dbRepo/db1024/
number of files: 3491
number of chunks: 862644 (8190 bytes on average)
number of unique chunks: 717392
total size(B): 7065189800
stored data size(B): 6375257157
deduplication ratio: 0.0977, 1.1082
Total time(s): 31.930
throughput(MB/s): 211.02
number of zero chunks: 0
size of zero chunks: 0
number of rewritten chunks: 0
size of rewritten chunks: 0
rewritten rate in size: 0.000
read_time : 2.062s, 3267.58MB/s
chunk_time : 21.558s, 312.55MB/s
hash_time : 11.221s, 600.46MB/s
dedup_time : 9.974s, 675.52MB/s
rewrite_time : 0.100s, 67662.41MB/s
filter_time : 6.776s, 994.44MB/s
write_time : 7.002s, 962.24MB/s
+ du -sb /pmem/dedupDir/backup.log /pmem/dedupDir/container.pool /pmem/dedupDir/destor.stat /pmem/dedupDir/index /pmem/dedupDir/manifest /pmem/dedupDir/rebuild /pmem/dedupDir/recipes
118	/pmem/dedupDir/backup.log
6438256648	/pmem/dedupDir/container.pool
80	/pmem/dedupDir/destor.stat
22960644	/pmem/dedupDir/index
9635	/pmem/dedupDir/manifest
242	/pmem/dedupDir/rebuild
28961390	/pmem/dedupDir/recipes
+ set +o xtrace


+ /pmem/dedupDir/rebuild
Clean dir.
+ destor /dbRepo/db1024/ '-pchunk-algorithm ae' '-pchunk-avg-size 8192'
chunck algorithm:4.
Init recipe store successfully
container file:/pmem/dedupDir//container.pool
Init container store successfully
Init index module successfully
==== backup begin ====
Read 0 inherited sparse containers
job 0, 7065189800 bytes, 304248 chunks, 3491 files processed
read phase stops successfully!
chunk phase stops successfully!
hash phase stops successfully!
dedup phase stops successfully: 298 segments of 1020 chunks on average
Dedup time(s) 13.056
rewrite phase stops successfully!
Record 0 sparse containers, and 0 of them are inherited
CMA: update 1575 records.
filter phase stops successfully!
flushing hash table!
flushing hash table successfully!
append phase stops successfully!
==== backup end ====
job id: 0
backup path: /dbRepo/db1024/
number of files: 3491
number of chunks: 304248 (23221 bytes on average)
number of unique chunks: 270781
total size(B): 7065189800
stored data size(B): 6515598440
deduplication ratio: 0.0778, 1.0844
Total time(s): 13.057
throughput(MB/s): 516.03
number of zero chunks: 0
size of zero chunks: 0
number of rewritten chunks: 0
size of rewritten chunks: 0
rewritten rate in size: 0.000
read_time : 1.611s, 4182.37MB/s
chunk_time : 7.962s, 846.27MB/s
hash_time : 9.366s, 719.43MB/s
dedup_time : 2.660s, 2533.32MB/s
rewrite_time : 0.025s, 272469.17MB/s
filter_time : 4.067s, 1656.90MB/s
write_time : 5.168s, 1303.86MB/s
+ du -sb /pmem/dedupDir/backup.log /pmem/dedupDir/container.pool /pmem/dedupDir/destor.stat /pmem/dedupDir/index /pmem/dedupDir/manifest /pmem/dedupDir/rebuild /pmem/dedupDir/recipes
118	/pmem/dedupDir/backup.log
6606028808	/pmem/dedupDir/container.pool
80	/pmem/dedupDir/destor.stat
8669092	/pmem/dedupDir/index
9915	/pmem/dedupDir/manifest
242	/pmem/dedupDir/rebuild
9917198	/pmem/dedupDir/recipes
+ set +o xtrace


+ /pmem/dedupDir/rebuild
Clean dir.
+ destor /dbRepo/db1024/ '-pchunk-algorithm rabin' '-pchunk-avg-size 8192'
chunck algorithm:1.
Init recipe store successfully
container file:/pmem/dedupDir//container.pool
Init container store successfully
Init index module successfully
==== backup begin ====
Read 0 inherited sparse containers
job 0, 7065189800 bytes, 861563 chunks, 3491 files processed
read phase stops successfully!
chunk phase stops successfully!
hash phase stops successfully!
dedup phase stops successfully: 842 segments of 1023 chunks on average
Dedup time(s) 32.373
rewrite phase stops successfully!
Record 0 sparse containers, and 0 of them are inherited
CMA: update 1535 records.
filter phase stops successfully!
flushing hash table!
flushing hash table successfully!
append phase stops successfully!
==== backup end ====
job id: 0
backup path: /dbRepo/db1024/
number of files: 3491
number of chunks: 861563 (8200 bytes on average)
number of unique chunks: 716332
total size(B): 7065189800
stored data size(B): 6375299229
deduplication ratio: 0.0976, 1.1082
Total time(s): 32.374
throughput(MB/s): 208.13
number of zero chunks: 0
size of zero chunks: 0
number of rewritten chunks: 0
size of rewritten chunks: 0
rewritten rate in size: 0.000
read_time : 2.029s, 3321.38MB/s
chunk_time : 21.995s, 306.33MB/s
hash_time : 11.079s, 608.16MB/s
dedup_time : 9.994s, 674.19MB/s
rewrite_time : 0.099s, 67875.75MB/s
filter_time : 6.757s, 997.22MB/s
write_time : 6.976s, 965.91MB/s
+ du -sb /pmem/dedupDir/backup.log /pmem/dedupDir/container.pool /pmem/dedupDir/destor.stat /pmem/dedupDir/index /pmem/dedupDir/manifest /pmem/dedupDir/rebuild /pmem/dedupDir/recipes
118	/pmem/dedupDir/backup.log
6438256648	/pmem/dedupDir/container.pool
80	/pmem/dedupDir/destor.stat
22926724	/pmem/dedupDir/index
9635	/pmem/dedupDir/manifest
242	/pmem/dedupDir/rebuild
28926518	/pmem/dedupDir/recipes
+ set +o xtrace


+ /pmem/dedupDir/rebuild
Clean dir.
+ destor /dbRepo/db1024/ '-pchunk-algorithm fastcdc' '-pchunk-avg-size 8192'
chunck algorithm:6.
Init recipe store successfully
container file:/pmem/dedupDir//container.pool
Init container store successfully
Init index module successfully
==== backup begin ====
Read 0 inherited sparse containers
job 0, 7065189800 bytes, 706334 chunks, 3491 files processed
read phase stops successfully!
chunk phase stops successfully!
hash phase stops successfully!
dedup phase stops successfully: 690 segments of 1023 chunks on average
Dedup time(s) 17.346
rewrite phase stops successfully!
Record 0 sparse containers, and 0 of them are inherited
CMA: update 1550 records.
filter phase stops successfully!
flushing hash table!
flushing hash table successfully!
append phase stops successfully!
==== backup end ====
job id: 0
backup path: /dbRepo/db1024/
number of files: 3491
number of chunks: 706334 (10002 bytes on average)
number of unique chunks: 632527
total size(B): 7065189800
stored data size(B): 6437925343
deduplication ratio: 0.0888, 1.0974
Total time(s): 17.347
throughput(MB/s): 388.41
number of zero chunks: 0
size of zero chunks: 0
number of rewritten chunks: 0
size of rewritten chunks: 0
rewritten rate in size: 0.000
read_time : 1.760s, 3827.98MB/s
chunk_time : 5.401s, 1247.61MB/s
hash_time : 9.922s, 679.12MB/s
dedup_time : 6.094s, 1105.63MB/s
rewrite_time : 0.057s, 118955.72MB/s
filter_time : 5.514s, 1221.87MB/s
write_time : 5.587s, 1205.96MB/s
+ du -sb /pmem/dedupDir/backup.log /pmem/dedupDir/container.pool /pmem/dedupDir/destor.stat /pmem/dedupDir/index /pmem/dedupDir/manifest /pmem/dedupDir/rebuild /pmem/dedupDir/recipes
118	/pmem/dedupDir/backup.log
6501171208	/pmem/dedupDir/container.pool
80	/pmem/dedupDir/destor.stat
20244964	/pmem/dedupDir/index
9740	/pmem/dedupDir/manifest
242	/pmem/dedupDir/rebuild
23043438	/pmem/dedupDir/recipes
+ set +o xtrace

+ /pmem/dedupDir/rebuild
Clean dir.
+ destor /dbRepo/db1024/ '-pchunk-algorithm fixed' '-pchunk-avg-size 2048'
chunck algorithm:0.
Init recipe store successfully
container file:/pmem/dedupDir//container.pool
Init container store successfully
Init index module successfully
==== backup begin ====
Read 0 inherited sparse containers
job 0, 7065189800 bytes, 3451156 chunks, 3491 files processed
read phase stops successfully!
chunk phase stops successfully!
hash phase stops successfully!
dedup phase stops successfully: 3371 segments of 1023 chunks on average
Dedup time(s) 40.746
rewrite phase stops successfully!
Record 1 sparse containers, and 0 of them are inherited
CMA: update 2761 records.
filter phase stops successfully!
flushing hash table!
flushing hash table successfully!
append phase stops successfully!
==== backup end ====
job id: 0
backup path: /dbRepo/db1024/
number of files: 3491
number of chunks: 3451156 (2047 bytes on average)
number of unique chunks: 3226579
total size(B): 7065189800
stored data size(B): 6605343431
deduplication ratio: 0.0651, 1.0696
Total time(s): 40.747
throughput(MB/s): 165.36
number of zero chunks: 0
size of zero chunks: 0
number of rewritten chunks: 0
size of rewritten chunks: 0
rewritten rate in size: 0.000
read_time : 2.027s, 3323.71MB/s
chunk_time : 0.136s, 49681.76MB/s
hash_time : 10.833s, 621.99MB/s
dedup_time : 16.196s, 416.01MB/s
rewrite_time : 0.190s, 35372.47MB/s
filter_time : 15.186s, 443.69MB/s
write_time : 10.675s, 631.19MB/s
+ du -sb /pmem/dedupDir/backup.log /pmem/dedupDir/container.pool /pmem/dedupDir/destor.stat /pmem/dedupDir/index /pmem/dedupDir/manifest /pmem/dedupDir/rebuild /pmem/dedupDir/recipes
118	/pmem/dedupDir/backup.log
11580473352	/pmem/dedupDir/container.pool
80	/pmem/dedupDir/destor.stat
103254628	/pmem/dedupDir/index
18217	/pmem/dedupDir/manifest
242	/pmem/dedupDir/rebuild
110799042	/pmem/dedupDir/recipes
+ set +o xtrace


+ /pmem/dedupDir/rebuild
Clean dir.
+ destor /dbRepo/db1024/ '-pchunk-algorithm tttd' '-pchunk-avg-size 2048'
chunck algorithm:5.
Init recipe store successfully
container file:/pmem/dedupDir//container.pool
Init container store successfully
Init index module successfully
==== backup begin ====
Read 0 inherited sparse containers
job 0, 7065189800 bytes, 2765835 chunks, 3491 files processed
read phase stops successfully!
chunk phase stops successfully!
hash phase stops successfully!
dedup phase stops successfully: 2702 segments of 1023 chunks on average
Dedup time(s) 54.749
rewrite phase stops successfully!
Record 0 sparse containers, and 0 of them are inherited
CMA: update 1746 records.
filter phase stops successfully!
flushing hash table!
flushing hash table successfully!
append phase stops successfully!
==== backup end ====
job id: 0
backup path: /dbRepo/db1024/
number of files: 3491
number of chunks: 2765835 (2554 bytes on average)
number of unique chunks: 2040777
total size(B): 7065189800
stored data size(B): 5871564061
deduplication ratio: 0.1689, 1.2033
Total time(s): 54.750
throughput(MB/s): 123.07
number of zero chunks: 0
size of zero chunks: 0
number of rewritten chunks: 0
size of rewritten chunks: 0
rewritten rate in size: 0.000
read_time : 2.024s, 3329.55MB/s
chunk_time : 22.771s, 295.89MB/s
hash_time : 13.820s, 487.54MB/s
dedup_time : 26.055s, 258.60MB/s
rewrite_time : 0.246s, 27344.22MB/s
filter_time : 14.285s, 471.67MB/s
write_time : 8.519s, 790.93MB/s
+ du -sb /pmem/dedupDir/backup.log /pmem/dedupDir/container.pool /pmem/dedupDir/destor.stat /pmem/dedupDir/index /pmem/dedupDir/manifest /pmem/dedupDir/rebuild /pmem/dedupDir/recipes
118	/pmem/dedupDir/backup.log
7323254792	/pmem/dedupDir/container.pool
80	/pmem/dedupDir/destor.stat
65308964	/pmem/dedupDir/index
11112	/pmem/dedupDir/manifest
242	/pmem/dedupDir/rebuild
95701526	/pmem/dedupDir/recipes
+ set +o xtrace


+ /pmem/dedupDir/rebuild
Clean dir.
+ destor /dbRepo/db1024/ '-pchunk-algorithm ae' '-pchunk-avg-size 2048'
chunck algorithm:4.
Init recipe store successfully
container file:/pmem/dedupDir//container.pool
Init container store successfully
Init index module successfully
==== backup begin ====
Read 0 inherited sparse containers
job 0, 7065189800 bytes, 2532430 chunks, 3491 files processed
read phase stops successfully!
chunk phase stops successfully!
hash phase stops successfully!
dedup phase stops successfully: 2474 segments of 1023 chunks on average
Dedup time(s) 37.025
rewrite phase stops successfully!
Record 1 sparse containers, and 0 of them are inherited
CMA: update 1882 records.
filter phase stops successfully!
flushing hash table!
flushing hash table successfully!
append phase stops successfully!
==== backup end ====
job id: 0
backup path: /dbRepo/db1024/
number of files: 3491
number of chunks: 2532430 (2789 bytes on average)
number of unique chunks: 2198324
total size(B): 7065189800
stored data size(B): 6158813576
deduplication ratio: 0.1283, 1.1472
Total time(s): 37.026
throughput(MB/s): 181.98
number of zero chunks: 0
size of zero chunks: 0
number of rewritten chunks: 0
size of rewritten chunks: 0
rewritten rate in size: 0.000
read_time : 2.005s, 3360.74MB/s
chunk_time : 9.668s, 696.92MB/s
hash_time : 11.453s, 588.31MB/s
dedup_time : 17.682s, 381.05MB/s
rewrite_time : 0.156s, 43290.12MB/s
filter_time : 13.960s, 482.65MB/s
write_time : 8.464s, 796.07MB/s
+ du -sb /pmem/dedupDir/backup.log /pmem/dedupDir/container.pool /pmem/dedupDir/destor.stat /pmem/dedupDir/index /pmem/dedupDir/manifest /pmem/dedupDir/rebuild /pmem/dedupDir/recipes
118	/pmem/dedupDir/backup.log
7893680136	/pmem/dedupDir/container.pool
80	/pmem/dedupDir/destor.stat
70350468	/pmem/dedupDir/index
12064	/pmem/dedupDir/manifest
242	/pmem/dedupDir/rebuild
82597562	/pmem/dedupDir/recipes
+ set +o xtrace


+ /pmem/dedupDir/rebuild
Clean dir.
+ destor /dbRepo/db1024/ '-pchunk-algorithm rabin' '-pchunk-avg-size 2048'
chunck algorithm:1.
Init recipe store successfully
container file:/pmem/dedupDir//container.pool
Init container store successfully
Init index module successfully
==== backup begin ====
Read 0 inherited sparse containers
job 0, 7065189800 bytes, 2764548 chunks, 3491 files processed
read phase stops successfully!
chunk phase stops successfully!
hash phase stops successfully!
dedup phase stops successfully: 2700 segments of 1023 chunks on average
Dedup time(s) 54.268
rewrite phase stops successfully!
Record 0 sparse containers, and 0 of them are inherited
CMA: update 1745 records.
filter phase stops successfully!
flushing hash table!
flushing hash table successfully!
append phase stops successfully!
==== backup end ====
job id: 0
backup path: /dbRepo/db1024/
number of files: 3491
number of chunks: 2764548 (2555 bytes on average)
number of unique chunks: 2039619
total size(B): 7065189800
stored data size(B): 5871613796
deduplication ratio: 0.1689, 1.2033
Total time(s): 54.269
throughput(MB/s): 124.16
number of zero chunks: 0
size of zero chunks: 0
number of rewritten chunks: 0
size of rewritten chunks: 0
rewritten rate in size: 0.000
read_time : 2.039s, 3304.15MB/s
chunk_time : 22.795s, 295.58MB/s
hash_time : 13.847s, 486.59MB/s
dedup_time : 26.361s, 255.60MB/s
rewrite_time : 0.246s, 27399.71MB/s
filter_time : 14.088s, 478.27MB/s
write_time : 8.817s, 764.19MB/s
+ du -sb /pmem/dedupDir/backup.log /pmem/dedupDir/container.pool /pmem/dedupDir/destor.stat /pmem/dedupDir/index /pmem/dedupDir/manifest /pmem/dedupDir/rebuild /pmem/dedupDir/recipes
118	/pmem/dedupDir/backup.log
7319060488	/pmem/dedupDir/container.pool
80	/pmem/dedupDir/destor.stat
65271908	/pmem/dedupDir/index
11105	/pmem/dedupDir/manifest
242	/pmem/dedupDir/rebuild
95658686	/pmem/dedupDir/recipes
+ set +o xtrace


+ /pmem/dedupDir/rebuild
Clean dir.
+ destor /dbRepo/db1024/ '-pchunk-algorithm fastcdc' '-pchunk-avg-size 2048'
chunck algorithm:6.
Init recipe store successfully
container file:/pmem/dedupDir//container.pool
Init container store successfully
Init index module successfully
==== backup begin ====
Read 0 inherited sparse containers
job 0, 7065189800 bytes, 2746172 chunks, 3491 files processed
read phase stops successfully!
chunk phase stops successfully!
hash phase stops successfully!
dedup phase stops successfully: 2682 segments of 1023 chunks on average
Dedup time(s) 43.773
rewrite phase stops successfully!
Record 1 sparse containers, and 0 of them are inherited
CMA: update 1888 records.
filter phase stops successfully!
flushing hash table!
flushing hash table successfully!
append phase stops successfully!
==== backup end ====
job id: 0
backup path: /dbRepo/db1024/
number of files: 3491
number of chunks: 2746172 (2572 bytes on average)
number of unique chunks: 2206363
total size(B): 7065189800
stored data size(B): 5985480290
deduplication ratio: 0.1528, 1.1804
Total time(s): 43.774
throughput(MB/s): 153.92
number of zero chunks: 0
size of zero chunks: 0
number of rewritten chunks: 0
size of rewritten chunks: 0
rewritten rate in size: 0.000
read_time : 2.028s, 3322.14MB/s
chunk_time : 5.491s, 1227.14MB/s
hash_time : 12.231s, 550.87MB/s
dedup_time : 22.715s, 296.63MB/s
rewrite_time : 0.193s, 34870.51MB/s
filter_time : 14.401s, 467.87MB/s
write_time : 8.635s, 780.30MB/s
+ du -sb /pmem/dedupDir/backup.log /pmem/dedupDir/container.pool /pmem/dedupDir/destor.stat /pmem/dedupDir/index /pmem/dedupDir/manifest /pmem/dedupDir/rebuild /pmem/dedupDir/recipes
118	/pmem/dedupDir/backup.log
7918845960	/pmem/dedupDir/container.pool
80	/pmem/dedupDir/destor.stat
70607716	/pmem/dedupDir/index
12106	/pmem/dedupDir/manifest
242	/pmem/dedupDir/rebuild
92462587	/pmem/dedupDir/recipes
+ set +o xtrace

