+ /pmem/dedupDir/rebuild
Clean dir.
+ destor /dbRepo/db8192/ '-pchunk-avg-size 512'
chunck algorithm:1.
Init recipe store successfully
container file:/pmem/dedupDir//container.pool
Init container store successfully
Init index module successfully
==== backup begin ====
Read 0 inherited sparse containers
job 0, 90239600826 bytes, 89855661 chunks, 49883 files processed
read phase stops successfully!
chunk phase stops successfully!
hash phase stops successfully!
dedup phase stops successfully: 87750 segments of 1023 chunks on average
Dedup time(s) 776.851
rewrite phase stops successfully!
Record 1434 sparse containers, and 0 of them are inherited
CMA: update 4312 records.
filter phase stops successfully!
flushing hash table!
flushing hash table successfully!
append phase stops successfully!
==== backup end ====
job id: 0
backup path: /dbRepo/db8192/
number of files: 49883
number of chunks: 89855661 (1004 bytes on average)
number of unique chunks: 5039946
total size(B): 90239600826
stored data size(B): 5854398794
deduplication ratio: 0.9351, 15.4140
Total time(s): 776.855
throughput(MB/s): 110.78
number of zero chunks: 0
size of zero chunks: 0
number of rewritten chunks: 0
size of rewritten chunks: 0
rewritten rate in size: 0.000
read_time : 55.785s, 1542.69MB/s
chunk_time : 166.100s, 518.12MB/s
hash_time : 171.358s, 502.22MB/s
dedup_time : 328.321s, 262.12MB/s
rewrite_time : 5.649s, 15235.13MB/s
filter_time : 248.638s, 346.12MB/s
write_time : 29.488s, 2918.46MB/s
+ du -sb /pmem/dedupDir/backup.log /pmem/dedupDir/container.pool /pmem/dedupDir/destor.stat /pmem/dedupDir/index /pmem/dedupDir/manifest /pmem/dedupDir/rebuild /pmem/dedupDir/recipes
118	/pmem/dedupDir/backup.log
18085838856	/pmem/dedupDir/container.pool
80	/pmem/dedupDir/destor.stat
161282372	/pmem/dedupDir/index
29074	/pmem/dedupDir/manifest
242	/pmem/dedupDir/rebuild
3080462893	/pmem/dedupDir/recipes
+ set +o xtrace


+ /pmem/dedupDir/rebuild
Clean dir.
+ destor /dbRepo/db8192/ '-pchunk-avg-size 1024'
chunck algorithm:1.
Init recipe store successfully
container file:/pmem/dedupDir//container.pool
Init container store successfully
Init index module successfully
==== backup begin ====
Read 0 inherited sparse containers
job 0, 90239600826 bytes, 58614033 chunks, 49883 files processed
read phase stops successfully!
chunk phase stops successfully!
hash phase stops successfully!
dedup phase stops successfully: 57241 segments of 1023 chunks on average
Dedup time(s) 641.152
rewrite phase stops successfully!
Record 7 sparse containers, and 0 of them are inherited
CMA: update 4197 records.
filter phase stops successfully!
flushing hash table!
flushing hash table successfully!
append phase stops successfully!
==== backup end ====
job id: 0
backup path: /dbRepo/db8192/
number of files: 49883
number of chunks: 58614033 (1539 bytes on average)
number of unique chunks: 4905830
total size(B): 90239600826
stored data size(B): 9951642673
deduplication ratio: 0.8897, 9.0678
Total time(s): 641.155
throughput(MB/s): 134.23
number of zero chunks: 0
size of zero chunks: 0
number of rewritten chunks: 0
size of rewritten chunks: 0
rewritten rate in size: 0.000
read_time : 40.801s, 2109.22MB/s
chunk_time : 212.616s, 404.76MB/s
hash_time : 158.185s, 544.04MB/s
dedup_time : 277.366s, 310.27MB/s
rewrite_time : 4.547s, 18926.55MB/s
filter_time : 160.946s, 534.71MB/s
write_time : 27.524s, 3126.70MB/s
+ du -sb /pmem/dedupDir/backup.log /pmem/dedupDir/container.pool /pmem/dedupDir/destor.stat /pmem/dedupDir/index /pmem/dedupDir/manifest /pmem/dedupDir/rebuild /pmem/dedupDir/recipes
118	/pmem/dedupDir/backup.log
17603493896	/pmem/dedupDir/container.pool
80	/pmem/dedupDir/destor.stat
156990660	/pmem/dedupDir/index
28269	/pmem/dedupDir/manifest
242	/pmem/dedupDir/rebuild
2062926105	/pmem/dedupDir/recipes
+ set +o xtrace


+ /pmem/dedupDir/rebuild
Clean dir.
+ destor /dbRepo/db8192/ '-pchunk-avg-size 2048'
chunck algorithm:1.
Init recipe store successfully
container file:/pmem/dedupDir//container.pool
Init container store successfully
Init index module successfully
==== backup begin ====
Read 0 inherited sparse containers
job 0, 90239600826 bytes, 35399572 chunks, 49883 files processed
read phase stops successfully!
chunk phase stops successfully!
hash phase stops successfully!
dedup phase stops successfully: 34570 segments of 1023 chunks on average
Dedup time(s) 532.233
rewrite phase stops successfully!
Record 1 sparse containers, and 0 of them are inherited
CMA: update 4181 records.
filter phase stops successfully!
flushing hash table!
flushing hash table successfully!
append phase stops successfully!
==== backup end ====
job id: 0
backup path: /dbRepo/db8192/
number of files: 49883
number of chunks: 35399572 (2549 bytes on average)
number of unique chunks: 4773403
total size(B): 90239600826
stored data size(B): 17358298475
deduplication ratio: 0.8076, 5.1986
Total time(s): 532.236
throughput(MB/s): 161.69
number of zero chunks: 0
size of zero chunks: 0
number of rewritten chunks: 0
size of rewritten chunks: 0
rewritten rate in size: 0.000
read_time : 37.152s, 2316.41MB/s
chunk_time : 243.669s, 353.18MB/s
hash_time : 150.747s, 570.88MB/s
dedup_time : 219.279s, 392.46MB/s
rewrite_time : 3.694s, 23294.24MB/s
filter_time : 106.728s, 806.34MB/s
write_time : 28.373s, 3033.09MB/s
+ du -sb /pmem/dedupDir/backup.log /pmem/dedupDir/container.pool /pmem/dedupDir/destor.stat /pmem/dedupDir/index /pmem/dedupDir/manifest /pmem/dedupDir/rebuild /pmem/dedupDir/recipes
118	/pmem/dedupDir/backup.log
17536385032	/pmem/dedupDir/container.pool
80	/pmem/dedupDir/destor.stat
152752996	/pmem/dedupDir/index
28157	/pmem/dedupDir/manifest
242	/pmem/dedupDir/rebuild
1295729731	/pmem/dedupDir/recipes
+ set +o xtrace


+ /pmem/dedupDir/rebuild
Clean dir.
+ destor /dbRepo/db8192/ '-pchunk-avg-size 4096'
chunck algorithm:1.
Init recipe store successfully
container file:/pmem/dedupDir//container.pool
Init container store successfully
Init index module successfully
==== backup begin ====
Read 0 inherited sparse containers
job 0, 90239600826 bytes, 20493078 chunks, 49883 files processed
read phase stops successfully!
chunk phase stops successfully!
hash phase stops successfully!
dedup phase stops successfully: 20013 segments of 1023 chunks on average
Dedup time(s) 429.460
rewrite phase stops successfully!
Record 1 sparse containers, and 0 of them are inherited
CMA: update 7004 records.
filter phase stops successfully!
flushing hash table!
flushing hash table successfully!
append phase stops successfully!
==== backup end ====
job id: 0
backup path: /dbRepo/db8192/
number of files: 49883
number of chunks: 20493078 (4403 bytes on average)
number of unique chunks: 4454686
total size(B): 90239600826
stored data size(B): 29112523312
deduplication ratio: 0.6774, 3.0997
Total time(s): 429.464
throughput(MB/s): 200.39
number of zero chunks: 0
size of zero chunks: 0
number of rewritten chunks: 0
size of rewritten chunks: 0
rewritten rate in size: 0.000
read_time : 35.159s, 2447.70MB/s
chunk_time : 265.109s, 324.62MB/s
hash_time : 150.255s, 572.76MB/s
dedup_time : 134.180s, 641.37MB/s
rewrite_time : 2.517s, 34187.60MB/s
filter_time : 75.360s, 1141.97MB/s
write_time : 44.529s, 1932.68MB/s
+ du -sb /pmem/dedupDir/backup.log /pmem/dedupDir/container.pool /pmem/dedupDir/destor.stat /pmem/dedupDir/index /pmem/dedupDir/manifest /pmem/dedupDir/rebuild /pmem/dedupDir/recipes
118	/pmem/dedupDir/backup.log
29376905224	/pmem/dedupDir/container.pool
80	/pmem/dedupDir/destor.stat
142554052	/pmem/dedupDir/index
47918	/pmem/dedupDir/manifest
242	/pmem/dedupDir/rebuild
771675251	/pmem/dedupDir/recipes
+ set +o xtrace


+ /pmem/dedupDir/rebuild
Clean dir.
+ destor /dbRepo/db8192/ '-pchunk-avg-size 8192'
chunck algorithm:1.
Init recipe store successfully
container file:/pmem/dedupDir//container.pool
Init container store successfully
Init index module successfully
==== backup begin ====
Read 0 inherited sparse containers
job 0, 90239600826 bytes, 10657711 chunks, 49883 files processed
read phase stops successfully!
chunk phase stops successfully!
hash phase stops successfully!
dedup phase stops successfully: 10408 segments of 1023 chunks on average
Dedup time(s) 369.251
rewrite phase stops successfully!
Record 2 sparse containers, and 0 of them are inherited
CMA: update 10589 records.
filter phase stops successfully!
flushing hash table!
flushing hash table successfully!
append phase stops successfully!
==== backup end ====
job id: 0
backup path: /dbRepo/db8192/
number of files: 49883
number of chunks: 10657711 (8467 bytes on average)
number of unique chunks: 3496855
total size(B): 90239600826
stored data size(B): 43961996741
deduplication ratio: 0.5128, 2.0527
Total time(s): 369.256
throughput(MB/s): 233.06
number of zero chunks: 0
size of zero chunks: 0
number of rewritten chunks: 0
size of rewritten chunks: 0
rewritten rate in size: 0.000
read_time : 39.062s, 2203.13MB/s
chunk_time : 273.411s, 314.76MB/s
hash_time : 140.210s, 613.79MB/s
dedup_time : 96.279s, 893.86MB/s
rewrite_time : 1.605s, 53614.76MB/s
filter_time : 61.822s, 1392.04MB/s
write_time : 61.006s, 1410.66MB/s
+ du -sb /pmem/dedupDir/backup.log /pmem/dedupDir/container.pool /pmem/dedupDir/destor.stat /pmem/dedupDir/index /pmem/dedupDir/manifest /pmem/dedupDir/rebuild /pmem/dedupDir/recipes
118	/pmem/dedupDir/backup.log
44413485064	/pmem/dedupDir/container.pool
80	/pmem/dedupDir/destor.stat
111903460	/pmem/dedupDir/index
73602	/pmem/dedupDir/manifest
242	/pmem/dedupDir/rebuild
400090473	/pmem/dedupDir/recipes
+ set +o xtrace

