+ /pmem/dedupDir/rebuild
Clean dir.
+ destor /dbRepo/db4096/ '-pchunk-avg-size 512'
chunck algorithm:1.
Init recipe store successfully
container file:/pmem/dedupDir//container.pool
Init container store successfully
Init index module successfully
==== backup begin ====
Read 0 inherited sparse containers
job 0, 41534026142 bytes, 41364868 chunks, 22535 files processed
read phase stops successfully!
chunk phase stops successfully!
hash phase stops successfully!
dedup phase stops successfully: 40396 segments of 1023 chunks on average
Dedup time(s) 489.388
rewrite phase stops successfully!
Record 1171 sparse containers, and 0 of them are inherited
CMA: update 4099 records.
filter phase stops successfully!
flushing hash table!
flushing hash table successfully!
append phase stops successfully!
==== backup end ====
job id: 0
backup path: /dbRepo/db4096/
number of files: 22535
number of chunks: 41364868 (1004 bytes on average)
number of unique chunks: 4790585
total size(B): 41534026142
stored data size(B): 5631201073
deduplication ratio: 0.8644, 7.3757
Total time(s): 489.394
throughput(MB/s): 80.94
number of zero chunks: 0
size of zero chunks: 0
number of rewritten chunks: 0
size of rewritten chunks: 0
rewritten rate in size: 0.000
read_time : 49.215s, 804.84MB/s
chunk_time : 94.721s, 418.17MB/s
hash_time : 93.511s, 423.58MB/s
dedup_time : 270.332s, 146.52MB/s
rewrite_time : 3.567s, 11104.47MB/s
filter_time : 120.444s, 328.87MB/s
write_time : 27.971s, 1416.12MB/s
+ du -sb /pmem/dedupDir/backup.log /pmem/dedupDir/container.pool /pmem/dedupDir/destor.stat /pmem/dedupDir/index /pmem/dedupDir/manifest /pmem/dedupDir/rebuild /pmem/dedupDir/recipes
118	/pmem/dedupDir/backup.log
17192452104	/pmem/dedupDir/container.pool
80	/pmem/dedupDir/destor.stat
153302820	/pmem/dedupDir/index
27583	/pmem/dedupDir/manifest
242	/pmem/dedupDir/rebuild
1506863100	/pmem/dedupDir/recipes
+ set +o xtrace


+ /pmem/dedupDir/rebuild
Clean dir.
+ destor /dbRepo/db4096/ '-pchunk-avg-size 1024'
chunck algorithm:1.
Init recipe store successfully
container file:/pmem/dedupDir//container.pool
Init container store successfully
Init index module successfully
==== backup begin ====
Read 0 inherited sparse containers
job 0, 41534026142 bytes, 27158546 chunks, 22535 files processed
read phase stops successfully!
chunk phase stops successfully!
hash phase stops successfully!
dedup phase stops successfully: 26523 segments of 1023 chunks on average
Dedup time(s) 383.096
rewrite phase stops successfully!
Record 3 sparse containers, and 0 of them are inherited
CMA: update 3944 records.
filter phase stops successfully!
flushing hash table!
flushing hash table successfully!
append phase stops successfully!
==== backup end ====
job id: 0
backup path: /dbRepo/db4096/
number of files: 22535
number of chunks: 27158546 (1529 bytes on average)
number of unique chunks: 4610073
total size(B): 41534026142
stored data size(B): 9447118140
deduplication ratio: 0.7725, 4.3965
Total time(s): 383.098
throughput(MB/s): 103.39
number of zero chunks: 0
size of zero chunks: 0
number of rewritten chunks: 0
size of rewritten chunks: 0
rewritten rate in size: 0.000
read_time : 23.147s, 1711.23MB/s
chunk_time : 110.445s, 358.64MB/s
hash_time : 82.807s, 478.34MB/s
dedup_time : 204.327s, 193.86MB/s
rewrite_time : 2.448s, 16178.38MB/s
filter_time : 90.511s, 437.63MB/s
write_time : 27.894s, 1420.02MB/s
+ du -sb /pmem/dedupDir/backup.log /pmem/dedupDir/container.pool /pmem/dedupDir/destor.stat /pmem/dedupDir/index /pmem/dedupDir/manifest /pmem/dedupDir/rebuild /pmem/dedupDir/recipes
118	/pmem/dedupDir/backup.log
16542334984	/pmem/dedupDir/container.pool
80	/pmem/dedupDir/destor.stat
147526436	/pmem/dedupDir/index
26498	/pmem/dedupDir/manifest
242	/pmem/dedupDir/rebuild
1015766478	/pmem/dedupDir/recipes
+ set +o xtrace


+ /pmem/dedupDir/rebuild
Clean dir.
+ destor /dbRepo/db4096/ '-pchunk-avg-size 2048'
chunck algorithm:1.
Init recipe store successfully
container file:/pmem/dedupDir//container.pool
Init container store successfully
Init index module successfully
==== backup begin ====
Read 0 inherited sparse containers
job 0, 41534026142 bytes, 16204337 chunks, 22535 files processed
read phase stops successfully!
chunk phase stops successfully!
hash phase stops successfully!
dedup phase stops successfully: 15825 segments of 1023 chunks on average
Dedup time(s) 295.269
rewrite phase stops successfully!
Record 0 sparse containers, and 0 of them are inherited
CMA: update 3675 records.
filter phase stops successfully!
flushing hash table!
flushing hash table successfully!
append phase stops successfully!
==== backup end ====
job id: 0
backup path: /dbRepo/db4096/
number of files: 22535
number of chunks: 16204337 (2563 bytes on average)
number of unique chunks: 4177643
total size(B): 41534026142
stored data size(B): 15215890060
deduplication ratio: 0.6337, 2.7296
Total time(s): 295.271
throughput(MB/s): 134.15
number of zero chunks: 0
size of zero chunks: 0
number of rewritten chunks: 0
size of rewritten chunks: 0
rewritten rate in size: 0.000
read_time : 15.991s, 2477.03MB/s
chunk_time : 128.360s, 308.59MB/s
hash_time : 78.743s, 503.03MB/s
dedup_time : 136.835s, 289.47MB/s
rewrite_time : 1.781s, 22238.92MB/s
filter_time : 58.880s, 672.72MB/s
write_time : 24.045s, 1647.35MB/s
+ du -sb /pmem/dedupDir/backup.log /pmem/dedupDir/container.pool /pmem/dedupDir/destor.stat /pmem/dedupDir/index /pmem/dedupDir/manifest /pmem/dedupDir/rebuild /pmem/dedupDir/recipes
118	/pmem/dedupDir/backup.log
15414067208	/pmem/dedupDir/container.pool
80	/pmem/dedupDir/destor.stat
133688676	/pmem/dedupDir/index
24615	/pmem/dedupDir/manifest
242	/pmem/dedupDir/rebuild
613080150	/pmem/dedupDir/recipes
+ set +o xtrace


+ /pmem/dedupDir/rebuild
Clean dir.
+ destor /dbRepo/db4096/ '-pchunk-avg-size 4096'
chunck algorithm:1.
Init recipe store successfully
container file:/pmem/dedupDir//container.pool
Init container store successfully
Init index module successfully
==== backup begin ====
Read 0 inherited sparse containers
job 0, 41534026142 bytes, 9356263 chunks, 22535 files processed
read phase stops successfully!
chunk phase stops successfully!
hash phase stops successfully!
dedup phase stops successfully: 9137 segments of 1023 chunks on average
Dedup time(s) 215.598
rewrite phase stops successfully!
Record 1 sparse containers, and 0 of them are inherited
CMA: update 5030 records.
filter phase stops successfully!
flushing hash table!
flushing hash table successfully!
append phase stops successfully!
==== backup end ====
job id: 0
backup path: /dbRepo/db4096/
number of files: 22535
number of chunks: 9356263 (4439 bytes on average)
number of unique chunks: 3376851
total size(B): 41534026142
stored data size(B): 20908274002
deduplication ratio: 0.4966, 1.9865
Total time(s): 215.600
throughput(MB/s): 183.72
number of zero chunks: 0
size of zero chunks: 0
number of rewritten chunks: 0
size of rewritten chunks: 0
rewritten rate in size: 0.000
read_time : 14.470s, 2737.46MB/s
chunk_time : 124.631s, 317.82MB/s
hash_time : 70.458s, 562.18MB/s
dedup_time : 77.242s, 512.81MB/s
rewrite_time : 1.172s, 33804.66MB/s
filter_time : 41.658s, 950.83MB/s
write_time : 29.656s, 1335.66MB/s
+ du -sb /pmem/dedupDir/backup.log /pmem/dedupDir/container.pool /pmem/dedupDir/destor.stat /pmem/dedupDir/index /pmem/dedupDir/manifest /pmem/dedupDir/rebuild /pmem/dedupDir/recipes
118	/pmem/dedupDir/backup.log
21097349128	/pmem/dedupDir/container.pool
80	/pmem/dedupDir/destor.stat
108063332	/pmem/dedupDir/index
34100	/pmem/dedupDir/manifest
242	/pmem/dedupDir/rebuild
347482523	/pmem/dedupDir/recipes
+ set +o xtrace


+ /pmem/dedupDir/rebuild
Clean dir.
+ destor /dbRepo/db4096/ '-pchunk-avg-size 8192'
chunck algorithm:1.
Init recipe store successfully
container file:/pmem/dedupDir//container.pool
Init container store successfully
Init index module successfully
==== backup begin ====
Read 0 inherited sparse containers
job 0, 41534026142 bytes, 4914478 chunks, 22535 files processed
read phase stops successfully!
chunk phase stops successfully!
hash phase stops successfully!
dedup phase stops successfully: 4800 segments of 1023 chunks on average
Dedup time(s) 174.822
rewrite phase stops successfully!
Record 0 sparse containers, and 0 of them are inherited
CMA: update 6402 records.
filter phase stops successfully!
flushing hash table!
flushing hash table successfully!
append phase stops successfully!
==== backup end ====
job id: 0
backup path: /dbRepo/db4096/
number of files: 22535
number of chunks: 4914478 (8451 bytes on average)
number of unique chunks: 2294451
total size(B): 41534026142
stored data size(B): 26583009841
deduplication ratio: 0.3600, 1.5624
Total time(s): 174.828
throughput(MB/s): 226.57
number of zero chunks: 0
size of zero chunks: 0
number of rewritten chunks: 0
size of rewritten chunks: 0
rewritten rate in size: 0.000
read_time : 14.352s, 2759.95MB/s
chunk_time : 127.206s, 311.38MB/s
hash_time : 66.281s, 597.60MB/s
dedup_time : 50.603s, 782.76MB/s
rewrite_time : 0.693s, 57161.15MB/s
filter_time : 32.343s, 1224.68MB/s
write_time : 32.896s, 1204.08MB/s
+ du -sb /pmem/dedupDir/backup.log /pmem/dedupDir/container.pool /pmem/dedupDir/destor.stat /pmem/dedupDir/index /pmem/dedupDir/manifest /pmem/dedupDir/rebuild /pmem/dedupDir/recipes
118	/pmem/dedupDir/backup.log
26851934216	/pmem/dedupDir/container.pool
80	/pmem/dedupDir/destor.stat
73426532	/pmem/dedupDir/index
43704	/pmem/dedupDir/manifest
242	/pmem/dedupDir/rebuild
180586782	/pmem/dedupDir/recipes
+ set +o xtrace

