+ find /dbRepo/db128/ -type f -exec rm '{}' ';'
+ /dbRepo/db128//rebuild
./diffSize.sh: line 15: /dbRepo/db128//rebuild: No such file or directory
+ /pmem/benchmark/db_bench_modified --benchmarks=fillrandom --value_size=128 --db=/dbRepo/db128/
LevelDB:    version 1.22
Date:       Wed Jun 30 22:06:18 2021
CPU:        40 * Intel(R) Xeon(R) Gold 6230 CPU @ 2.10GHz
CPUCache:   28160 KB
Keys:       16 bytes each
Values:     128 bytes each (64 bytes after compression)
Entries:    1000000
RawSize:    137.3 MB (estimated)
FileSize:   76.3 MB (estimated)
------------------------------------------------
fillrandom   :       4.502 micros/op;   30.5 MB/s     
MSG(F:print_statistics L:28): ts_write bytes :332373709
MSG(F:print_statistics L:30): ts_write same bytes :275928614, occupy 83.02%

real	0m4.544s
user	0m4.854s
sys	0m2.667s
+ find /dbRepo/db128/ -type f -exec rm '{}' ';'
+ /pmem/benchmark/db_bench --benchmarks=fillrandom --value_size=128 --db=/dbRepo/db128/
LevelDB:    version 1.22
Date:       Wed Jun 30 22:06:23 2021
CPU:        40 * Intel(R) Xeon(R) Gold 6230 CPU @ 2.10GHz
CPUCache:   28160 KB
Keys:       16 bytes each
Values:     128 bytes each (64 bytes after compression)
Entries:    1000000
RawSize:    137.3 MB (estimated)
FileSize:   76.3 MB (estimated)
------------------------------------------------
fillrandom   :       3.099 micros/op;   44.3 MB/s     

real	0m3.149s
user	0m2.682s
sys	0m2.777s
+ set +o xtrace
526239523	/dbRepo/db128/


+ find /dbRepo/db256/ -type f -exec rm '{}' ';'
+ /dbRepo/db256//rebuild
./diffSize.sh: line 15: /dbRepo/db256//rebuild: No such file or directory
+ /pmem/benchmark/db_bench_modified --benchmarks=fillrandom --value_size=256 --db=/dbRepo/db256/
LevelDB:    version 1.22
Date:       Wed Jun 30 22:06:26 2021
CPU:        40 * Intel(R) Xeon(R) Gold 6230 CPU @ 2.10GHz
CPUCache:   28160 KB
Keys:       16 bytes each
Values:     256 bytes each (128 bytes after compression)
Entries:    1000000
RawSize:    259.4 MB (estimated)
FileSize:   137.3 MB (estimated)
------------------------------------------------
fillrandom   :       6.843 micros/op;   37.9 MB/s     
MSG(F:print_statistics L:28): ts_write bytes :820057017
MSG(F:print_statistics L:30): ts_write same bytes :688398914, occupy 83.95%

real	0m6.895s
user	0m5.571s
sys	0m4.398s
+ find /dbRepo/db256/ -type f -exec rm '{}' ';'
+ /pmem/benchmark/db_bench --benchmarks=fillrandom --value_size=256 --db=/dbRepo/db256/
LevelDB:    version 1.22
Date:       Wed Jun 30 22:06:34 2021
CPU:        40 * Intel(R) Xeon(R) Gold 6230 CPU @ 2.10GHz
CPUCache:   28160 KB
Keys:       16 bytes each
Values:     256 bytes each (128 bytes after compression)
Entries:    1000000
RawSize:    259.4 MB (estimated)
FileSize:   137.3 MB (estimated)
------------------------------------------------
fillrandom   :       5.205 micros/op;   49.8 MB/s     

real	0m5.262s
user	0m3.436s
sys	0m4.523s
+ set +o xtrace
1193702215	/dbRepo/db256/


+ find /dbRepo/db512/ -type f -exec rm '{}' ';'
+ /dbRepo/db512//rebuild
./diffSize.sh: line 15: /dbRepo/db512//rebuild: No such file or directory
+ /pmem/benchmark/db_bench_modified --benchmarks=fillrandom --value_size=512 --db=/dbRepo/db512/
LevelDB:    version 1.22
Date:       Wed Jun 30 22:06:39 2021
CPU:        40 * Intel(R) Xeon(R) Gold 6230 CPU @ 2.10GHz
CPUCache:   28160 KB
Keys:       16 bytes each
Values:     512 bytes each (256 bytes after compression)
Entries:    1000000
RawSize:    503.5 MB (estimated)
FileSize:   259.4 MB (estimated)
------------------------------------------------
fillrandom   :      11.550 micros/op;   43.6 MB/s     
MSG(F:print_statistics L:28): ts_write bytes :2322668469
MSG(F:print_statistics L:30): ts_write same bytes :2090846011, occupy 90.02%

real	0m11.610s
user	0m8.554s
sys	0m6.574s
+ find /dbRepo/db512/ -type f -exec rm '{}' ';'
+ /pmem/benchmark/db_bench --benchmarks=fillrandom --value_size=512 --db=/dbRepo/db512/
LevelDB:    version 1.22
Date:       Wed Jun 30 22:06:54 2021
CPU:        40 * Intel(R) Xeon(R) Gold 6230 CPU @ 2.10GHz
CPUCache:   28160 KB
Keys:       16 bytes each
Values:     512 bytes each (256 bytes after compression)
Entries:    1000000
RawSize:    503.5 MB (estimated)
FileSize:   259.4 MB (estimated)
------------------------------------------------
fillrandom   :       8.275 micros/op;   60.8 MB/s     

real	0m8.337s
user	0m4.978s
sys	0m6.372s
+ set +o xtrace
2902163202	/dbRepo/db512/


+ find /dbRepo/db1024/ -type f -exec rm '{}' ';'
+ /dbRepo/db1024//rebuild
./diffSize.sh: line 15: /dbRepo/db1024//rebuild: No such file or directory
+ /pmem/benchmark/db_bench_modified --benchmarks=fillrandom --value_size=1024 --db=/dbRepo/db1024/
LevelDB:    version 1.22
Date:       Wed Jun 30 22:07:03 2021
CPU:        40 * Intel(R) Xeon(R) Gold 6230 CPU @ 2.10GHz
CPUCache:   28160 KB
Keys:       16 bytes each
Values:     1024 bytes each (512 bytes after compression)
Entries:    1000000
RawSize:    991.8 MB (estimated)
FileSize:   503.5 MB (estimated)
------------------------------------------------
fillrandom   :      23.868 micros/op;   41.6 MB/s     
MSG(F:print_statistics L:28): ts_write bytes :6010582510
MSG(F:print_statistics L:30): ts_write same bytes :5622059013, occupy 93.54%

real	0m23.933s
user	0m14.640s
sys	0m13.275s
+ find /dbRepo/db1024/ -type f -exec rm '{}' ';'
+ /pmem/benchmark/db_bench --benchmarks=fillrandom --value_size=1024 --db=/dbRepo/db1024/
LevelDB:    version 1.22
Date:       Wed Jun 30 22:07:35 2021
CPU:        40 * Intel(R) Xeon(R) Gold 6230 CPU @ 2.10GHz
CPUCache:   28160 KB
Keys:       16 bytes each
Values:     1024 bytes each (512 bytes after compression)
Entries:    1000000
RawSize:    991.8 MB (estimated)
FileSize:   503.5 MB (estimated)
------------------------------------------------
fillrandom   :      18.052 micros/op;   54.9 MB/s     

real	0m18.116s
user	0m8.630s
sys	0m13.022s
+ set +o xtrace
7068131335	/dbRepo/db1024/


+ find /dbRepo/db4096/ -type f -exec rm '{}' ';'
+ /dbRepo/db4096//rebuild
./diffSize.sh: line 15: /dbRepo/db4096//rebuild: No such file or directory
+ /pmem/benchmark/db_bench_modified --benchmarks=fillrandom --value_size=4096 --db=/dbRepo/db4096/
LevelDB:    version 1.22
Date:       Wed Jun 30 22:07:53 2021
CPU:        40 * Intel(R) Xeon(R) Gold 6230 CPU @ 2.10GHz
CPUCache:   28160 KB
Keys:       16 bytes each
Values:     4096 bytes each (2048 bytes after compression)
Entries:    1000000
RawSize:    3921.5 MB (estimated)
FileSize:   1968.4 MB (estimated)
------------------------------------------------
fillrandom   :     136.467 micros/op;   28.7 MB/s     
MSG(F:print_statistics L:28): ts_write bytes :37419090820
MSG(F:print_statistics L:30): ts_write same bytes :37091784401, occupy 99.13%

real	2m16.571s
user	1m0.739s
sys	1m25.672s
+ find /dbRepo/db4096/ -type f -exec rm '{}' ';'
+ /pmem/benchmark/db_bench --benchmarks=fillrandom --value_size=4096 --db=/dbRepo/db4096/
LevelDB:    version 1.22
Date:       Wed Jun 30 22:11:10 2021
CPU:        40 * Intel(R) Xeon(R) Gold 6230 CPU @ 2.10GHz
CPUCache:   28160 KB
Keys:       16 bytes each
Values:     4096 bytes each (2048 bytes after compression)
Entries:    1000000
RawSize:    3921.5 MB (estimated)
FileSize:   1968.4 MB (estimated)
------------------------------------------------
fillrandom   :     115.627 micros/op;   33.9 MB/s     

real	1m55.698s
user	0m39.985s
sys	1m24.604s
+ set +o xtrace
41750689749	/dbRepo/db4096/


+ find /dbRepo/db8192/ -type f -exec rm '{}' ';'
+ /dbRepo/db8192//rebuild
./diffSize.sh: line 15: /dbRepo/db8192//rebuild: No such file or directory
+ /pmem/benchmark/db_bench_modified --benchmarks=fillrandom --value_size=8192 --db=/dbRepo/db8192/
LevelDB:    version 1.22
Date:       Wed Jun 30 22:13:06 2021
CPU:        40 * Intel(R) Xeon(R) Gold 6230 CPU @ 2.10GHz
CPUCache:   28160 KB
Keys:       16 bytes each
Values:     8192 bytes each (4096 bytes after compression)
Entries:    1000000
RawSize:    7827.8 MB (estimated)
FileSize:   3921.5 MB (estimated)
------------------------------------------------
fillrandom   :     328.517 micros/op;   23.8 MB/s     
MSG(F:print_statistics L:28): ts_write bytes :81953654669
MSG(F:print_statistics L:30): ts_write same bytes :81424590768, occupy 99.35%

real	5m28.708s
user	1m55.861s
sys	3m53.271s
+ find /dbRepo/db8192/ -type f -exec rm '{}' ';'
+ /pmem/benchmark/db_bench --benchmarks=fillrandom --value_size=8192 --db=/dbRepo/db8192/
LevelDB:    version 1.22
Date:       Wed Jun 30 22:21:14 2021
CPU:        40 * Intel(R) Xeon(R) Gold 6230 CPU @ 2.10GHz
CPUCache:   28160 KB
Keys:       16 bytes each
Values:     8192 bytes each (4096 bytes after compression)
Entries:    1000000
RawSize:    7827.8 MB (estimated)
FileSize:   3921.5 MB (estimated)
------------------------------------------------
fillrandom   :     300.498 micros/op;   26.0 MB/s     

real	5m0.601s
user	1m28.751s
sys	3m50.986s
+ set +o xtrace
91136683725	/dbRepo/db8192/

