+ find /dbRepo/db128/ -type f -exec rm '{}' ';'
+ /pmem/dedupDir/rebuild
Clean dir.
+ /pmem/benchmark/db_bench_modified --benchmarks=fillrandom --value_size=128 --db=/dbRepo/db128/
MSG(F:init L:369):Initializing the libawn.so.
MSG(F:init L:531):Allocate 5990304 bytes memory.
MSG(F:init L:586):init: END
LevelDB:    version 1.22
Date:       Fri Jul  2 16:48:55 2021
CPU:        40 * Intel(R) Xeon(R) Gold 6230 CPU @ 2.10GHz
CPUCache:   28160 KB
Keys:       16 bytes each
Values:     128 bytes each (64 bytes after compression)
Entries:    1000000
RawSize:    137.3 MB (estimated)
FileSize:   76.3 MB (estimated)
------------------------------------------------
fillrandom   :       4.556 micros/op;   30.1 MB/s     
MSG(F:print_statistics L:9):====================== IO statistics: ======================
MSG(F:print_statistics L:10): mmap 0
MSG(F:print_statistics L:13): memcpy READ: count 0, size 0, average 0
MSG(F:print_statistics L:16): memcpy WRITE: count 0, size 0, average 0
MSG(F:print_statistics L:18): RECTREENODEPOOLIDX:2300
MSG(F:print_statistics L:20): TAILHEADPOOLIDX:2300
MSG(F:print_statistics L:21): RECBLOCKENTRYPOOLIDX:5800
MSG(F:print_statistics L:22): RECARRPOOLIDX:5800
MSG(F:print_statistics L:27): Really used memory:25600
MSG(F:print_statistics L:28): Total allocated memory:5990304
MSG(F:print_statistics L:29): ts_write bytes :339592486
MSG(F:print_statistics L:31): ts_write same bytes :267165947, occupy 78.67%
MSG(F:print_statistics L:33): ts_write not found bytes :2638488, occupy 0.78%
MSG(F:print_statistics L:35): ts_write new metadata item :1050615, metadata occupy 9.90% write data.

real	0m4.606s
user	0m4.924s
sys	0m2.715s
+ du -sb /dbRepo/db128/
488764525	/dbRepo/db128/
+ /usr/local/bin/destor /dbRepo/db128/ '-pchunk-algorithm fastcdc'
chunck algorithm:6.
Init recipe store successfully
container file:/pmem/dedupDir//container.pool
Init container store successfully
Init index module successfully
==== backup begin ====
Read 0 inherited sparse containers
job 0, 488752237 bytes, 44187 chunks, 233 files processed
read phase stops successfully!
chunk phase stops successfully!
hash phase stops successfully!
dedup phase stops successfully: 44 segments of 1004 chunks on average
Dedup time(s) 0.797
rewrite phase stops successfully!
Record 0 sparse containers, and 0 of them are inherited
CMA: update 112 records.
filter phase stops successfully!
flushing hash table!
flushing hash table successfully!
append phase stops successfully!
==== backup end ====
job id: 0
backup path: /dbRepo/db128/
number of files: 233
number of chunks: 44187 (11060 bytes on average)
number of unique chunks: 41917
total size(B): 488752237
stored data size(B): 463578384
deduplication ratio: 0.0515, 1.0543
Total time(s): 0.797
throughput(MB/s): 584.56
number of zero chunks: 0
size of zero chunks: 0
number of rewritten chunks: 0
size of rewritten chunks: 0
rewritten rate in size: 0.000
read_time : 0.147s, 3178.34MB/s
chunk_time : 0.300s, 1554.16MB/s
hash_time : 0.628s, 742.06MB/s
dedup_time : 0.051s, 9062.65MB/s
rewrite_time : 0.003s, 146391.47MB/s
filter_time : 0.293s, 1590.20MB/s
write_time : 0.325s, 1436.36MB/s
+ set +o xtrace


+ find /dbRepo/db256/ -type f -exec rm '{}' ';'
+ /pmem/dedupDir/rebuild
Clean dir.
+ /pmem/benchmark/db_bench_modified --benchmarks=fillrandom --value_size=256 --db=/dbRepo/db256/
MSG(F:init L:369):Initializing the libawn.so.
MSG(F:init L:531):Allocate 5990304 bytes memory.
MSG(F:init L:586):init: END
LevelDB:    version 1.22
Date:       Fri Jul  2 16:49:02 2021
CPU:        40 * Intel(R) Xeon(R) Gold 6230 CPU @ 2.10GHz
CPUCache:   28160 KB
Keys:       16 bytes each
Values:     256 bytes each (128 bytes after compression)
Entries:    1000000
RawSize:    259.4 MB (estimated)
FileSize:   137.3 MB (estimated)
------------------------------------------------
fillrandom   :       7.093 micros/op;   36.6 MB/s     
MSG(F:print_statistics L:9):====================== IO statistics: ======================
MSG(F:print_statistics L:10): mmap 0
MSG(F:print_statistics L:13): memcpy READ: count 0, size 0, average 0
MSG(F:print_statistics L:16): memcpy WRITE: count 0, size 0, average 0
MSG(F:print_statistics L:18): RECTREENODEPOOLIDX:2004
MSG(F:print_statistics L:20): TAILHEADPOOLIDX:2004
MSG(F:print_statistics L:21): RECBLOCKENTRYPOOLIDX:5504
MSG(F:print_statistics L:22): RECARRPOOLIDX:5504
MSG(F:print_statistics L:27): Really used memory:63488
MSG(F:print_statistics L:28): Total allocated memory:5990304
MSG(F:print_statistics L:29): ts_write bytes :820057017
MSG(F:print_statistics L:31): ts_write same bytes :690230247, occupy 84.17%
MSG(F:print_statistics L:33): ts_write not found bytes :3459501, occupy 0.42%
MSG(F:print_statistics L:35): ts_write new metadata item :1444564, metadata occupy 5.64% write data.

real	0m7.171s
user	0m5.755s
sys	0m4.491s
+ du -sb /dbRepo/db256/
1098646146	/dbRepo/db256/
+ /usr/local/bin/destor /dbRepo/db256/ '-pchunk-algorithm fastcdc'
chunck algorithm:6.
Init recipe store successfully
container file:/pmem/dedupDir//container.pool
Init container store successfully
Init index module successfully
==== backup begin ====
Read 0 inherited sparse containers
job 0, 1098625666 bytes, 98522 chunks, 520 files processed
read phase stops successfully!
chunk phase stops successfully!
hash phase stops successfully!
dedup phase stops successfully: 97 segments of 1015 chunks on average
Dedup time(s) 1.815
rewrite phase stops successfully!
Record 0 sparse containers, and 0 of them are inherited
CMA: update 248 records.
filter phase stops successfully!
flushing hash table!
flushing hash table successfully!
append phase stops successfully!
==== backup end ====
job id: 0
backup path: /dbRepo/db256/
number of files: 520
number of chunks: 98522 (11151 bytes on average)
number of unique chunks: 92267
total size(B): 1098625666
stored data size(B): 1028796201
deduplication ratio: 0.0636, 1.0679
Total time(s): 1.816
throughput(MB/s): 576.98
number of zero chunks: 0
size of zero chunks: 0
number of rewritten chunks: 0
size of rewritten chunks: 0
rewritten rate in size: 0.000
read_time : 0.335s, 3129.26MB/s
chunk_time : 0.659s, 1590.29MB/s
hash_time : 1.416s, 739.67MB/s
dedup_time : 0.183s, 5710.61MB/s
rewrite_time : 0.007s, 145700.33MB/s
filter_time : 0.677s, 1547.38MB/s
write_time : 0.739s, 1417.84MB/s
+ set +o xtrace


+ find /dbRepo/db512/ -type f -exec rm '{}' ';'
+ /pmem/dedupDir/rebuild
Clean dir.
+ /pmem/benchmark/db_bench_modified --benchmarks=fillrandom --value_size=512 --db=/dbRepo/db512/
MSG(F:init L:369):Initializing the libawn.so.
MSG(F:init L:531):Allocate 5990304 bytes memory.
MSG(F:init L:586):init: END
LevelDB:    version 1.22
Date:       Fri Jul  2 16:49:14 2021
CPU:        40 * Intel(R) Xeon(R) Gold 6230 CPU @ 2.10GHz
CPUCache:   28160 KB
Keys:       16 bytes each
Values:     512 bytes each (256 bytes after compression)
Entries:    1000000
RawSize:    503.5 MB (estimated)
FileSize:   259.4 MB (estimated)
------------------------------------------------
MSG(F:addTreeNode L:232):RECTREENODETHRESHOLD: 1500, RECTREENODEPOOLIDX: 1499
MSG(F:recTreeNodeGrabageReclaim L:356):Reclaimed recNode:293
fillrandom   :      12.307 micros/op;   40.9 MB/s     
MSG(F:print_statistics L:9):====================== IO statistics: ======================
MSG(F:print_statistics L:10): mmap 0
MSG(F:print_statistics L:13): memcpy READ: count 0, size 0, average 0
MSG(F:print_statistics L:16): memcpy WRITE: count 0, size 0, average 0
MSG(F:print_statistics L:18): RECTREENODEPOOLIDX:1435
MSG(F:print_statistics L:20): TAILHEADPOOLIDX:1435
MSG(F:print_statistics L:21): RECBLOCKENTRYPOOLIDX:4935
MSG(F:print_statistics L:22): RECARRPOOLIDX:4935
MSG(F:print_statistics L:27): Really used memory:136320
MSG(F:print_statistics L:28): Total allocated memory:5990304
MSG(F:print_statistics L:29): ts_write bytes :2401742651
MSG(F:print_statistics L:31): ts_write same bytes :2170244874, occupy 90.36%
MSG(F:print_statistics L:33): ts_write not found bytes :22515256, occupy 0.94%
MSG(F:print_statistics L:35): ts_write new metadata item :2311217, metadata occupy 3.08% write data.

real	0m12.380s
user	0m8.930s
sys	0m7.015s
+ du -sb /dbRepo/db512/
2936772127	/dbRepo/db512/
+ /usr/local/bin/destor /dbRepo/db512/ '-pchunk-algorithm fastcdc'
chunck algorithm:6.
Init recipe store successfully
container file:/pmem/dedupDir//container.pool
Init container store successfully
Init index module successfully
==== backup begin ====
Read 0 inherited sparse containers
job 0, 2936731167 bytes, 264504 chunks, 1435 files processed
read phase stops successfully!
chunk phase stops successfully!
hash phase stops successfully!
dedup phase stops successfully: 259 segments of 1021 chunks on average
Dedup time(s) 5.700
rewrite phase stops successfully!
Record 0 sparse containers, and 0 of them are inherited
CMA: update 661 records.
filter phase stops successfully!
flushing hash table!
flushing hash table successfully!
append phase stops successfully!
==== backup end ====
job id: 0
backup path: /dbRepo/db512/
number of files: 1435
number of chunks: 264504 (11102 bytes on average)
number of unique chunks: 247282
total size(B): 2936731167
stored data size(B): 2746047166
deduplication ratio: 0.0649, 1.0694
Total time(s): 5.701
throughput(MB/s): 491.28
number of zero chunks: 0
size of zero chunks: 0
number of rewritten chunks: 0
size of rewritten chunks: 0
rewritten rate in size: 0.000
read_time : 0.788s, 3553.90MB/s
chunk_time : 1.870s, 1497.65MB/s
hash_time : 3.839s, 729.52MB/s
dedup_time : 1.272s, 2201.13MB/s
rewrite_time : 0.021s, 136326.18MB/s
filter_time : 1.992s, 1405.63MB/s
write_time : 2.190s, 1278.87MB/s
+ set +o xtrace


+ find /dbRepo/db1024/ -type f -exec rm '{}' ';'
+ /pmem/dedupDir/rebuild
Clean dir.
+ /pmem/benchmark/db_bench_modified --benchmarks=fillrandom --value_size=1024 --db=/dbRepo/db1024/
MSG(F:init L:369):Initializing the libawn.so.
MSG(F:init L:531):Allocate 5990304 bytes memory.
MSG(F:init L:586):init: END
LevelDB:    version 1.22
Date:       Fri Jul  2 16:49:39 2021
CPU:        40 * Intel(R) Xeon(R) Gold 6230 CPU @ 2.10GHz
CPUCache:   28160 KB
Keys:       16 bytes each
Values:     1024 bytes each (512 bytes after compression)
Entries:    1000000
RawSize:    991.8 MB (estimated)
FileSize:   503.5 MB (estimated)
------------------------------------------------
MSG(F:addTreeNode L:232):RECTREENODETHRESHOLD: 1500, RECTREENODEPOOLIDX: 1499
MSG(F:recTreeNodeGrabageReclaim L:356):Reclaimed recNode:256
MSG(F:addTreeNode L:232):RECTREENODETHRESHOLD: 1053, RECTREENODEPOOLIDX: 1052
MSG(F:recTreeNodeGrabageReclaim L:356):Reclaimed recNode:513
MSG(F:addTreeNode L:232):RECTREENODETHRESHOLD: 939, RECTREENODEPOOLIDX: 938
MSG(F:recTreeNodeGrabageReclaim L:356):Reclaimed recNode:673
MSG(F:addTreeNode L:232):RECTREENODETHRESHOLD: 966, RECTREENODEPOOLIDX: 965
MSG(F:recTreeNodeGrabageReclaim L:356):Reclaimed recNode:676
fillrandom   :      24.106 micros/op;   41.1 MB/s     
MSG(F:print_statistics L:9):====================== IO statistics: ======================
MSG(F:print_statistics L:10): mmap 0
MSG(F:print_statistics L:13): memcpy READ: count 0, size 0, average 0
MSG(F:print_statistics L:16): memcpy WRITE: count 0, size 0, average 0
MSG(F:print_statistics L:18): RECTREENODEPOOLIDX:1326
MSG(F:print_statistics L:20): TAILHEADPOOLIDX:1326
MSG(F:print_statistics L:21): RECBLOCKENTRYPOOLIDX:4826
MSG(F:print_statistics L:22): RECARRPOOLIDX:4826
MSG(F:print_statistics L:27): Really used memory:150272
MSG(F:print_statistics L:28): Total allocated memory:5990304
MSG(F:print_statistics L:29): ts_write bytes :6009875114
MSG(F:print_statistics L:31): ts_write same bytes :5622920055, occupy 93.56%
MSG(F:print_statistics L:33): ts_write not found bytes :48788835, occupy 0.81%
MSG(F:print_statistics L:35): ts_write new metadata item :3517663, metadata occupy 1.87% write data.

real	0m24.181s
user	0m14.444s
sys	0m13.463s
+ du -sb /dbRepo/db1024/
7065308584	/dbRepo/db1024/
+ /usr/local/bin/destor /dbRepo/db1024/ '-pchunk-algorithm fastcdc'
chunck algorithm:6.
Init recipe store successfully
container file:/pmem/dedupDir//container.pool
Init container store successfully
Init index module successfully
==== backup begin ====
Read 0 inherited sparse containers
job 0, 7065189800 bytes, 636404 chunks, 3491 files processed
read phase stops successfully!
chunk phase stops successfully!
hash phase stops successfully!
dedup phase stops successfully: 622 segments of 1023 chunks on average
Dedup time(s) 15.303
rewrite phase stops successfully!
Record 1 sparse containers, and 0 of them are inherited
CMA: update 1559 records.
filter phase stops successfully!
flushing hash table!
flushing hash table successfully!
append phase stops successfully!
==== backup end ====
job id: 0
backup path: /dbRepo/db1024/
number of files: 3491
number of chunks: 636404 (11101 bytes on average)
number of unique chunks: 582238
total size(B): 7065189800
stored data size(B): 6474263400
deduplication ratio: 0.0836, 1.0913
Total time(s): 15.304
throughput(MB/s): 440.27
number of zero chunks: 0
size of zero chunks: 0
number of rewritten chunks: 0
size of rewritten chunks: 0
rewritten rate in size: 0.000
read_time : 1.955s, 3446.11MB/s
chunk_time : 4.632s, 1454.67MB/s
hash_time : 9.472s, 711.34MB/s
dedup_time : 4.538s, 1484.86MB/s
rewrite_time : 0.055s, 122120.75MB/s
filter_time : 4.815s, 1399.23MB/s
write_time : 5.392s, 1249.72MB/s
+ set +o xtrace


+ find /dbRepo/db4096/ -type f -exec rm '{}' ';'
+ /pmem/dedupDir/rebuild
Clean dir.
+ /pmem/benchmark/db_bench_modified --benchmarks=fillrandom --value_size=4096 --db=/dbRepo/db4096/
MSG(F:init L:369):Initializing the libawn.so.
MSG(F:init L:531):Allocate 5990304 bytes memory.
MSG(F:init L:586):init: END
LevelDB:    version 1.22
Date:       Fri Jul  2 16:51:11 2021
CPU:        40 * Intel(R) Xeon(R) Gold 6230 CPU @ 2.10GHz
CPUCache:   28160 KB
Keys:       16 bytes each
Values:     4096 bytes each (2048 bytes after compression)
Entries:    1000000
RawSize:    3921.5 MB (estimated)
FileSize:   1968.4 MB (estimated)
------------------------------------------------
MSG(F:addTreeNode L:232):RECTREENODETHRESHOLD: 1500, RECTREENODEPOOLIDX: 1499
MSG(F:recTreeNodeGrabageReclaim L:356):Reclaimed recNode:313
MSG(F:addTreeNode L:232):RECTREENODETHRESHOLD: 1087, RECTREENODEPOOLIDX: 1086
MSG(F:recTreeNodeGrabageReclaim L:356):Reclaimed recNode:684
MSG(F:addTreeNode L:232):RECTREENODETHRESHOLD: 1062, RECTREENODEPOOLIDX: 1061
MSG(F:recTreeNodeGrabageReclaim L:356):Reclaimed recNode:632
MSG(F:addTreeNode L:232):RECTREENODETHRESHOLD: 1015, RECTREENODEPOOLIDX: 1014
MSG(F:recTreeNodeGrabageReclaim L:356):Reclaimed recNode:440
MSG(F:addTreeNode L:232):RECTREENODETHRESHOLD: 872, RECTREENODEPOOLIDX: 871
MSG(F:recTreeNodeGrabageReclaim L:356):Reclaimed recNode:416
MSG(F:addTreeNode L:232):RECTREENODETHRESHOLD: 772, RECTREENODEPOOLIDX: 771
MSG(F:recTreeNodeGrabageReclaim L:356):Reclaimed recNode:464
MSG(F:addTreeNode L:232):RECTREENODETHRESHOLD: 741, RECTREENODEPOOLIDX: 740
MSG(F:recTreeNodeGrabageReclaim L:356):Reclaimed recNode:507
MSG(F:addTreeNode L:232):RECTREENODETHRESHOLD: 748, RECTREENODEPOOLIDX: 747
MSG(F:recTreeNodeGrabageReclaim L:356):Reclaimed recNode:515
MSG(F:addTreeNode L:232):RECTREENODETHRESHOLD: 757, RECTREENODEPOOLIDX: 756
MSG(F:recTreeNodeGrabageReclaim L:356):Reclaimed recNode:843
MSG(F:addTreeNode L:232):RECTREENODETHRESHOLD: 959, RECTREENODEPOOLIDX: 958
MSG(F:recTreeNodeGrabageReclaim L:356):Reclaimed recNode:515
MSG(F:addTreeNode L:232):RECTREENODETHRESHOLD: 883, RECTREENODEPOOLIDX: 882
MSG(F:recTreeNodeGrabageReclaim L:356):Reclaimed recNode:384
MSG(F:addTreeNode L:232):RECTREENODETHRESHOLD: 759, RECTREENODEPOOLIDX: 758
MSG(F:recTreeNodeGrabageReclaim L:356):Reclaimed recNode:550
MSG(F:addTreeNode L:232):RECTREENODETHRESHOLD: 784, RECTREENODEPOOLIDX: 783
MSG(F:recTreeNodeGrabageReclaim L:356):Reclaimed recNode:834
MSG(F:addTreeNode L:232):RECTREENODETHRESHOLD: 970, RECTREENODEPOOLIDX: 969
MSG(F:recTreeNodeGrabageReclaim L:356):Reclaimed recNode:523
MSG(F:addTreeNode L:232):RECTREENODETHRESHOLD: 895, RECTREENODEPOOLIDX: 894
MSG(F:recTreeNodeGrabageReclaim L:356):Reclaimed recNode:657
MSG(F:addTreeNode L:232):RECTREENODETHRESHOLD: 930, RECTREENODEPOOLIDX: 929
MSG(F:recTreeNodeGrabageReclaim L:356):Reclaimed recNode:574
MSG(F:addTreeNode L:232):RECTREENODETHRESHOLD: 901, RECTREENODEPOOLIDX: 900
MSG(F:recTreeNodeGrabageReclaim L:356):Reclaimed recNode:640
MSG(F:addTreeNode L:232):RECTREENODETHRESHOLD: 924, RECTREENODEPOOLIDX: 923
MSG(F:recTreeNodeGrabageReclaim L:356):Reclaimed recNode:712
MSG(F:addTreeNode L:232):RECTREENODETHRESHOLD: 981, RECTREENODEPOOLIDX: 980
MSG(F:recTreeNodeGrabageReclaim L:356):Reclaimed recNode:504
MSG(F:addTreeNode L:232):RECTREENODETHRESHOLD: 890, RECTREENODEPOOLIDX: 889
MSG(F:recTreeNodeGrabageReclaim L:356):Reclaimed recNode:517
MSG(F:addTreeNode L:232):RECTREENODETHRESHOLD: 843, RECTREENODEPOOLIDX: 842
MSG(F:recTreeNodeGrabageReclaim L:356):Reclaimed recNode:646
MSG(F:addTreeNode L:232):RECTREENODETHRESHOLD: 892, RECTREENODEPOOLIDX: 891
MSG(F:recTreeNodeGrabageReclaim L:356):Reclaimed recNode:645
MSG(F:addTreeNode L:232):RECTREENODETHRESHOLD: 921, RECTREENODEPOOLIDX: 920
MSG(F:recTreeNodeGrabageReclaim L:356):Reclaimed recNode:643
MSG(F:addTreeNode L:232):RECTREENODETHRESHOLD: 937, RECTREENODEPOOLIDX: 936
MSG(F:recTreeNodeGrabageReclaim L:356):Reclaimed recNode:537
MSG(F:addTreeNode L:232):RECTREENODETHRESHOLD: 883, RECTREENODEPOOLIDX: 882
MSG(F:recTreeNodeGrabageReclaim L:356):Reclaimed recNode:762
MSG(F:addTreeNode L:232):RECTREENODETHRESHOLD: 986, RECTREENODEPOOLIDX: 985
MSG(F:recTreeNodeGrabageReclaim L:356):Reclaimed recNode:741
MSG(F:addTreeNode L:232):RECTREENODETHRESHOLD: 1035, RECTREENODEPOOLIDX: 1034
MSG(F:recTreeNodeGrabageReclaim L:356):Reclaimed recNode:710
MSG(F:addTreeNode L:232):RECTREENODETHRESHOLD: 1046, RECTREENODEPOOLIDX: 1045
MSG(F:recTreeNodeGrabageReclaim L:356):Reclaimed recNode:680
MSG(F:addTreeNode L:232):RECTREENODETHRESHOLD: 1035, RECTREENODEPOOLIDX: 1034
MSG(F:recTreeNodeGrabageReclaim L:356):Reclaimed recNode:514
MSG(F:addTreeNode L:232):RECTREENODETHRESHOLD: 928, RECTREENODEPOOLIDX: 927
MSG(F:recTreeNodeGrabageReclaim L:356):Reclaimed recNode:422
MSG(F:addTreeNode L:232):RECTREENODETHRESHOLD: 809, RECTREENODEPOOLIDX: 808
MSG(F:recTreeNodeGrabageReclaim L:356):Reclaimed recNode:494
MSG(F:addTreeNode L:232):RECTREENODETHRESHOLD: 781, RECTREENODEPOOLIDX: 780
MSG(F:recTreeNodeGrabageReclaim L:356):Reclaimed recNode:770
MSG(F:addTreeNode L:232):RECTREENODETHRESHOLD: 930, RECTREENODEPOOLIDX: 929
MSG(F:recTreeNodeGrabageReclaim L:356):Reclaimed recNode:700
MSG(F:addTreeNode L:232):RECTREENODETHRESHOLD: 977, RECTREENODEPOOLIDX: 976
MSG(F:recTreeNodeGrabageReclaim L:356):Reclaimed recNode:496
fillrandom   :     138.789 micros/op;   28.3 MB/s     
MSG(F:print_statistics L:9):====================== IO statistics: ======================
MSG(F:print_statistics L:10): mmap 0
MSG(F:print_statistics L:13): memcpy READ: count 0, size 0, average 0
MSG(F:print_statistics L:16): memcpy WRITE: count 0, size 0, average 0
MSG(F:print_statistics L:18): RECTREENODEPOOLIDX:885
MSG(F:print_statistics L:20): TAILHEADPOOLIDX:885
MSG(F:print_statistics L:21): RECBLOCKENTRYPOOLIDX:4385
MSG(F:print_statistics L:22): RECARRPOOLIDX:4385
MSG(F:print_statistics L:27): Really used memory:206720
MSG(F:print_statistics L:28): Total allocated memory:5990304
MSG(F:print_statistics L:29): ts_write bytes :37352493347
MSG(F:print_statistics L:31): ts_write same bytes :37015477386, occupy 99.10%
MSG(F:print_statistics L:33): ts_write not found bytes :237887329, occupy 0.64%
MSG(F:print_statistics L:35): ts_write new metadata item :8968987, metadata occupy 0.77% write data.

real	2m18.928s
user	1m0.043s
sys	1m27.802s
+ du -sb /dbRepo/db4096/
41534652830	/dbRepo/db4096/
+ /usr/local/bin/destor /dbRepo/db4096/ '-pchunk-algorithm fastcdc'
chunck algorithm:6.
Init recipe store successfully
container file:/pmem/dedupDir//container.pool
Init container store successfully
Init index module successfully
==== backup begin ====
Read 0 inherited sparse containers
job 0, 41534026142 bytes, 3725935 chunks, 22535 files processed
read phase stops successfully!
chunk phase stops successfully!
hash phase stops successfully!
dedup phase stops successfully: 3639 segments of 1023 chunks on average
Dedup time(s) 100.018
rewrite phase stops successfully!
Record 0 sparse containers, and 0 of them are inherited
CMA: update 7242 records.
filter phase stops successfully!
flushing hash table!
flushing hash table successfully!
append phase stops successfully!
==== backup end ====
job id: 0
backup path: /dbRepo/db4096/
number of files: 22535
number of chunks: 3725935 (11147 bytes on average)
number of unique chunks: 2628843
total size(B): 41534026142
stored data size(B): 30092514309
deduplication ratio: 0.2755, 1.3802
Total time(s): 100.023
throughput(MB/s): 396.01
number of zero chunks: 0
size of zero chunks: 0
number of rewritten chunks: 0
size of rewritten chunks: 0
rewritten rate in size: 0.000
read_time : 12.910s, 3068.09MB/s
chunk_time : 27.735s, 1428.17MB/s
hash_time : 56.707s, 698.50MB/s
dedup_time : 34.318s, 1154.19MB/s
rewrite_time : 0.401s, 98798.09MB/s
filter_time : 28.622s, 1383.89MB/s
write_time : 32.257s, 1227.94MB/s
+ set +o xtrace


+ find /dbRepo/db8192/ -type f -exec rm '{}' ';'
+ /pmem/dedupDir/rebuild
Clean dir.
+ /pmem/benchmark/db_bench_modified --benchmarks=fillrandom --value_size=8192 --db=/dbRepo/db8192/
MSG(F:init L:369):Initializing the libawn.so.
MSG(F:init L:531):Allocate 5990304 bytes memory.
MSG(F:init L:586):init: END
LevelDB:    version 1.22
Date:       Fri Jul  2 16:57:43 2021
CPU:        40 * Intel(R) Xeon(R) Gold 6230 CPU @ 2.10GHz
CPUCache:   28160 KB
Keys:       16 bytes each
Values:     8192 bytes each (4096 bytes after compression)
Entries:    1000000
RawSize:    7827.8 MB (estimated)
FileSize:   3921.5 MB (estimated)
------------------------------------------------
MSG(F:addTreeNode L:232):RECTREENODETHRESHOLD: 1500, RECTREENODEPOOLIDX: 1499
MSG(F:recTreeNodeGrabageReclaim L:356):Reclaimed recNode:320
MSG(F:addTreeNode L:232):RECTREENODETHRESHOLD: 1091, RECTREENODEPOOLIDX: 1090
MSG(F:recTreeNodeGrabageReclaim L:356):Reclaimed recNode:383
MSG(F:addTreeNode L:232):RECTREENODETHRESHOLD: 883, RECTREENODEPOOLIDX: 882
MSG(F:recTreeNodeGrabageReclaim L:356):Reclaimed recNode:573
MSG(F:addTreeNode L:232):RECTREENODETHRESHOLD: 873, RECTREENODEPOOLIDX: 872
MSG(F:recTreeNodeGrabageReclaim L:356):Reclaimed recNode:726
MSG(F:addTreeNode L:232):RECTREENODETHRESHOLD: 958, RECTREENODEPOOLIDX: 957
MSG(F:recTreeNodeGrabageReclaim L:356):Reclaimed recNode:490
MSG(F:addTreeNode L:232):RECTREENODETHRESHOLD: 868, RECTREENODEPOOLIDX: 867
MSG(F:recTreeNodeGrabageReclaim L:356):Reclaimed recNode:421
MSG(F:addTreeNode L:232):RECTREENODETHRESHOLD: 772, RECTREENODEPOOLIDX: 771
MSG(F:recTreeNodeGrabageReclaim L:356):Reclaimed recNode:641
MSG(F:addTreeNode L:232):RECTREENODETHRESHOLD: 847, RECTREENODEPOOLIDX: 846
MSG(F:recTreeNodeGrabageReclaim L:356):Reclaimed recNode:452
MSG(F:addTreeNode L:232):RECTREENODETHRESHOLD: 778, RECTREENODEPOOLIDX: 777
MSG(F:recTreeNodeGrabageReclaim L:356):Reclaimed recNode:749
MSG(F:addTreeNode L:232):RECTREENODETHRESHOLD: 915, RECTREENODEPOOLIDX: 914
MSG(F:recTreeNodeGrabageReclaim L:356):Reclaimed recNode:558
MSG(F:addTreeNode L:232):RECTREENODETHRESHOLD: 883, RECTREENODEPOOLIDX: 882
MSG(F:recTreeNodeGrabageReclaim L:356):Reclaimed recNode:392
MSG(F:addTreeNode L:232):RECTREENODETHRESHOLD: 764, RECTREENODEPOOLIDX: 763
MSG(F:recTreeNodeGrabageReclaim L:356):Reclaimed recNode:496
MSG(F:addTreeNode L:232):RECTREENODETHRESHOLD: 755, RECTREENODEPOOLIDX: 754
MSG(F:recTreeNodeGrabageReclaim L:356):Reclaimed recNode:842
MSG(F:addTreeNode L:232):RECTREENODETHRESHOLD: 957, RECTREENODEPOOLIDX: 956
MSG(F:recTreeNodeGrabageReclaim L:356):Reclaimed recNode:653
MSG(F:addTreeNode L:232):RECTREENODETHRESHOLD: 965, RECTREENODEPOOLIDX: 964
MSG(F:recTreeNodeGrabageReclaim L:356):Reclaimed recNode:547
MSG(F:addTreeNode L:232):RECTREENODETHRESHOLD: 906, RECTREENODEPOOLIDX: 905
MSG(F:recTreeNodeGrabageReclaim L:356):Reclaimed recNode:610
MSG(F:addTreeNode L:232):RECTREENODETHRESHOLD: 909, RECTREENODEPOOLIDX: 908
MSG(F:recTreeNodeGrabageReclaim L:356):Reclaimed recNode:646
MSG(F:addTreeNode L:232):RECTREENODETHRESHOLD: 932, RECTREENODEPOOLIDX: 931
MSG(F:recTreeNodeGrabageReclaim L:356):Reclaimed recNode:713
MSG(F:addTreeNode L:232):RECTREENODETHRESHOLD: 986, RECTREENODEPOOLIDX: 985
MSG(F:recTreeNodeGrabageReclaim L:356):Reclaimed recNode:554
MSG(F:addTreeNode L:232):RECTREENODETHRESHOLD: 923, RECTREENODEPOOLIDX: 922
MSG(F:recTreeNodeGrabageReclaim L:356):Reclaimed recNode:764
MSG(F:addTreeNode L:232):RECTREENODETHRESHOLD: 1011, RECTREENODEPOOLIDX: 1010
MSG(F:recTreeNodeGrabageReclaim L:356):Reclaimed recNode:654
MSG(F:addTreeNode L:232):RECTREENODETHRESHOLD: 998, RECTREENODEPOOLIDX: 997
MSG(F:recTreeNodeGrabageReclaim L:356):Reclaimed recNode:576
MSG(F:addTreeNode L:232):RECTREENODETHRESHOLD: 943, RECTREENODEPOOLIDX: 942
MSG(F:recTreeNodeGrabageReclaim L:356):Reclaimed recNode:758
MSG(F:addTreeNode L:232):RECTREENODETHRESHOLD: 1020, RECTREENODEPOOLIDX: 1019
MSG(F:recTreeNodeGrabageReclaim L:356):Reclaimed recNode:703
MSG(F:addTreeNode L:232):RECTREENODETHRESHOLD: 1033, RECTREENODEPOOLIDX: 1032
MSG(F:recTreeNodeGrabageReclaim L:356):Reclaimed recNode:622
MSG(F:addTreeNode L:232):RECTREENODETHRESHOLD: 992, RECTREENODEPOOLIDX: 991
MSG(F:recTreeNodeGrabageReclaim L:356):Reclaimed recNode:453
MSG(F:addTreeNode L:232):RECTREENODETHRESHOLD: 866, RECTREENODEPOOLIDX: 865
MSG(F:recTreeNodeGrabageReclaim L:356):Reclaimed recNode:652
MSG(F:addTreeNode L:232):RECTREENODETHRESHOLD: 910, RECTREENODEPOOLIDX: 909
MSG(F:recTreeNodeGrabageReclaim L:356):Reclaimed recNode:743
MSG(F:addTreeNode L:232):RECTREENODETHRESHOLD: 991, RECTREENODEPOOLIDX: 990
MSG(F:recTreeNodeGrabageReclaim L:356):Reclaimed recNode:699
MSG(F:addTreeNode L:232):RECTREENODETHRESHOLD: 1013, RECTREENODEPOOLIDX: 1012
MSG(F:recTreeNodeGrabageReclaim L:356):Reclaimed recNode:483
MSG(F:addTreeNode L:232):RECTREENODETHRESHOLD: 897, RECTREENODEPOOLIDX: 896
MSG(F:recTreeNodeGrabageReclaim L:356):Reclaimed recNode:599
MSG(F:addTreeNode L:232):RECTREENODETHRESHOLD: 897, RECTREENODEPOOLIDX: 896
MSG(F:recTreeNodeGrabageReclaim L:356):Reclaimed recNode:577
MSG(F:addTreeNode L:232):RECTREENODETHRESHOLD: 883, RECTREENODEPOOLIDX: 882
MSG(F:recTreeNodeGrabageReclaim L:356):Reclaimed recNode:662
MSG(F:addTreeNode L:232):RECTREENODETHRESHOLD: 926, RECTREENODEPOOLIDX: 925
MSG(F:recTreeNodeGrabageReclaim L:356):Reclaimed recNode:526
MSG(F:addTreeNode L:232):RECTREENODETHRESHOLD: 870, RECTREENODEPOOLIDX: 869
MSG(F:recTreeNodeGrabageReclaim L:356):Reclaimed recNode:639
MSG(F:addTreeNode L:232):RECTREENODETHRESHOLD: 904, RECTREENODEPOOLIDX: 903
MSG(F:recTreeNodeGrabageReclaim L:356):Reclaimed recNode:683
MSG(F:addTreeNode L:232):RECTREENODETHRESHOLD: 951, RECTREENODEPOOLIDX: 950
MSG(F:recTreeNodeGrabageReclaim L:356):Reclaimed recNode:753
MSG(F:addTreeNode L:232):RECTREENODETHRESHOLD: 1021, RECTREENODEPOOLIDX: 1020
MSG(F:recTreeNodeGrabageReclaim L:356):Reclaimed recNode:721
MSG(F:addTreeNode L:232):RECTREENODETHRESHOLD: 1044, RECTREENODEPOOLIDX: 1043
MSG(F:recTreeNodeGrabageReclaim L:356):Reclaimed recNode:481
MSG(F:addTreeNode L:232):RECTREENODETHRESHOLD: 914, RECTREENODEPOOLIDX: 913
MSG(F:recTreeNodeGrabageReclaim L:356):Reclaimed recNode:665
MSG(F:addTreeNode L:232):RECTREENODETHRESHOLD: 946, RECTREENODEPOOLIDX: 945
MSG(F:recTreeNodeGrabageReclaim L:356):Reclaimed recNode:546
MSG(F:addTreeNode L:232):RECTREENODETHRESHOLD: 894, RECTREENODEPOOLIDX: 893
MSG(F:recTreeNodeGrabageReclaim L:356):Reclaimed recNode:753
MSG(F:addTreeNode L:232):RECTREENODETHRESHOLD: 987, RECTREENODEPOOLIDX: 986
MSG(F:recTreeNodeGrabageReclaim L:356):Reclaimed recNode:564
MSG(F:addTreeNode L:232):RECTREENODETHRESHOLD: 930, RECTREENODEPOOLIDX: 929
MSG(F:recTreeNodeGrabageReclaim L:356):Reclaimed recNode:712
MSG(F:addTreeNode L:232):RECTREENODETHRESHOLD: 984, RECTREENODEPOOLIDX: 983
MSG(F:recTreeNodeGrabageReclaim L:356):Reclaimed recNode:682
MSG(F:addTreeNode L:232):RECTREENODETHRESHOLD: 999, RECTREENODEPOOLIDX: 998
MSG(F:recTreeNodeGrabageReclaim L:356):Reclaimed recNode:703
MSG(F:addTreeNode L:232):RECTREENODETHRESHOLD: 1020, RECTREENODEPOOLIDX: 1019
MSG(F:recTreeNodeGrabageReclaim L:356):Reclaimed recNode:659
MSG(F:addTreeNode L:232):RECTREENODETHRESHOLD: 1006, RECTREENODEPOOLIDX: 1005
MSG(F:recTreeNodeGrabageReclaim L:356):Reclaimed recNode:579
MSG(F:addTreeNode L:232):RECTREENODETHRESHOLD: 950, RECTREENODEPOOLIDX: 949
MSG(F:recTreeNodeGrabageReclaim L:356):Reclaimed recNode:400
MSG(F:addTreeNode L:232):RECTREENODETHRESHOLD: 809, RECTREENODEPOOLIDX: 808
MSG(F:recTreeNodeGrabageReclaim L:356):Reclaimed recNode:506
MSG(F:addTreeNode L:232):RECTREENODETHRESHOLD: 788, RECTREENODEPOOLIDX: 787
MSG(F:recTreeNodeGrabageReclaim L:356):Reclaimed recNode:611
MSG(F:addTreeNode L:232):RECTREENODETHRESHOLD: 838, RECTREENODEPOOLIDX: 837
MSG(F:recTreeNodeGrabageReclaim L:356):Reclaimed recNode:802
MSG(F:addTreeNode L:232):RECTREENODETHRESHOLD: 983, RECTREENODEPOOLIDX: 982
MSG(F:recTreeNodeGrabageReclaim L:356):Reclaimed recNode:583
MSG(F:addTreeNode L:232):RECTREENODETHRESHOLD: 939, RECTREENODEPOOLIDX: 938
MSG(F:recTreeNodeGrabageReclaim L:356):Reclaimed recNode:571
MSG(F:addTreeNode L:232):RECTREENODETHRESHOLD: 905, RECTREENODEPOOLIDX: 904
MSG(F:recTreeNodeGrabageReclaim L:356):Reclaimed recNode:772
MSG(F:addTreeNode L:232):RECTREENODETHRESHOLD: 1005, RECTREENODEPOOLIDX: 1004
MSG(F:recTreeNodeGrabageReclaim L:356):Reclaimed recNode:389
MSG(F:addTreeNode L:232):RECTREENODETHRESHOLD: 835, RECTREENODEPOOLIDX: 834
MSG(F:recTreeNodeGrabageReclaim L:356):Reclaimed recNode:633
MSG(F:addTreeNode L:232):RECTREENODETHRESHOLD: 880, RECTREENODEPOOLIDX: 879
MSG(F:recTreeNodeGrabageReclaim L:356):Reclaimed recNode:785
MSG(F:addTreeNode L:232):RECTREENODETHRESHOLD: 998, RECTREENODEPOOLIDX: 997
MSG(F:recTreeNodeGrabageReclaim L:356):Reclaimed recNode:548
MSG(F:addTreeNode L:232):RECTREENODETHRESHOLD: 927, RECTREENODEPOOLIDX: 926
MSG(F:recTreeNodeGrabageReclaim L:356):Reclaimed recNode:577
MSG(F:addTreeNode L:232):RECTREENODETHRESHOLD: 901, RECTREENODEPOOLIDX: 900
MSG(F:recTreeNodeGrabageReclaim L:356):Reclaimed recNode:755
MSG(F:addTreeNode L:232):RECTREENODETHRESHOLD: 993, RECTREENODEPOOLIDX: 992
MSG(F:recTreeNodeGrabageReclaim L:356):Reclaimed recNode:385
MSG(F:addTreeNode L:232):RECTREENODETHRESHOLD: 826, RECTREENODEPOOLIDX: 825
MSG(F:recTreeNodeGrabageReclaim L:356):Reclaimed recNode:640
MSG(F:addTreeNode L:232):RECTREENODETHRESHOLD: 879, RECTREENODEPOOLIDX: 878
MSG(F:recTreeNodeGrabageReclaim L:356):Reclaimed recNode:769
MSG(F:addTreeNode L:232):RECTREENODETHRESHOLD: 988, RECTREENODEPOOLIDX: 987
MSG(F:recTreeNodeGrabageReclaim L:356):Reclaimed recNode:518
MSG(F:addTreeNode L:232):RECTREENODETHRESHOLD: 903, RECTREENODEPOOLIDX: 902
MSG(F:recTreeNodeGrabageReclaim L:356):Reclaimed recNode:485
MSG(F:addTreeNode L:232):RECTREENODETHRESHOLD: 832, RECTREENODEPOOLIDX: 831
MSG(F:recTreeNodeGrabageReclaim L:356):Reclaimed recNode:678
MSG(F:addTreeNode L:232):RECTREENODETHRESHOLD: 905, RECTREENODEPOOLIDX: 904
MSG(F:recTreeNodeGrabageReclaim L:356):Reclaimed recNode:546
MSG(F:addTreeNode L:232):RECTREENODETHRESHOLD: 870, RECTREENODEPOOLIDX: 869
MSG(F:recTreeNodeGrabageReclaim L:356):Reclaimed recNode:613
MSG(F:addTreeNode L:232):RECTREENODETHRESHOLD: 889, RECTREENODEPOOLIDX: 888
MSG(F:recTreeNodeGrabageReclaim L:356):Reclaimed recNode:576
MSG(F:addTreeNode L:232):RECTREENODETHRESHOLD: 878, RECTREENODEPOOLIDX: 877
MSG(F:recTreeNodeGrabageReclaim L:356):Reclaimed recNode:622
MSG(F:addTreeNode L:232):RECTREENODETHRESHOLD: 899, RECTREENODEPOOLIDX: 898
MSG(F:recTreeNodeGrabageReclaim L:356):Reclaimed recNode:674
MSG(F:addTreeNode L:232):RECTREENODETHRESHOLD: 943, RECTREENODEPOOLIDX: 942
MSG(F:recTreeNodeGrabageReclaim L:356):Reclaimed recNode:547
MSG(F:addTreeNode L:232):RECTREENODETHRESHOLD: 893, RECTREENODEPOOLIDX: 892
MSG(F:recTreeNodeGrabageReclaim L:356):Reclaimed recNode:755
MSG(F:addTreeNode L:232):RECTREENODETHRESHOLD: 988, RECTREENODEPOOLIDX: 987
MSG(F:recTreeNodeGrabageReclaim L:356):Reclaimed recNode:728
MSG(F:addTreeNode L:232):RECTREENODETHRESHOLD: 1029, RECTREENODEPOOLIDX: 1028
MSG(F:recTreeNodeGrabageReclaim L:356):Reclaimed recNode:713
fillrandom   :     331.642 micros/op;   23.6 MB/s     
MSG(F:print_statistics L:9):====================== IO statistics: ======================
MSG(F:print_statistics L:10): mmap 0
MSG(F:print_statistics L:13): memcpy READ: count 0, size 0, average 0
MSG(F:print_statistics L:16): memcpy WRITE: count 0, size 0, average 0
MSG(F:print_statistics L:18): RECTREENODEPOOLIDX:1085
MSG(F:print_statistics L:20): TAILHEADPOOLIDX:1085
MSG(F:print_statistics L:21): RECBLOCKENTRYPOOLIDX:4585
MSG(F:print_statistics L:22): RECARRPOOLIDX:4585
MSG(F:print_statistics L:27): Really used memory:181120
MSG(F:print_statistics L:28): Total allocated memory:5990304
MSG(F:print_statistics L:29): ts_write bytes :81960309496
MSG(F:print_statistics L:31): ts_write same bytes :81480632752, occupy 99.41%
MSG(F:print_statistics L:33): ts_write not found bytes :240514877, occupy 0.29%
MSG(F:print_statistics L:35): ts_write new metadata item :9944659, metadata occupy 0.39% write data.

real	5m31.911s
user	1m56.056s
sys	3m53.196s
+ du -sb /dbRepo/db8192/
90241034426	/dbRepo/db8192/
+ /usr/local/bin/destor /dbRepo/db8192/ '-pchunk-algorithm fastcdc'
chunck algorithm:6.
Init recipe store successfully
container file:/pmem/dedupDir//container.pool
Init container store successfully
Init index module successfully
==== backup begin ====
Read 0 inherited sparse containers
job 0, 90239600826 bytes, 8036995 chunks, 49883 files processed
read phase stops successfully!
chunk phase stops successfully!
hash phase stops successfully!
dedup phase stops successfully: 7849 segments of 1023 chunks on average
Dedup time(s) 215.545
rewrite phase stops successfully!
Record 1 sparse containers, and 0 of them are inherited
CMA: update 12591 records.
filter phase stops successfully!
flushing hash table!
flushing hash table successfully!
append phase stops successfully!
==== backup end ====
job id: 0
backup path: /dbRepo/db8192/
number of files: 49883
number of chunks: 8036995 (11228 bytes on average)
number of unique chunks: 4465759
total size(B): 90239600826
stored data size(B): 52315205047
deduplication ratio: 0.4203, 1.7249
Total time(s): 215.553
throughput(MB/s): 399.25
number of zero chunks: 0
size of zero chunks: 0
number of rewritten chunks: 0
size of rewritten chunks: 0
rewritten rate in size: 0.000
read_time : 47.571s, 1809.06MB/s
chunk_time : 61.034s, 1410.02MB/s
hash_time : 123.889s, 694.65MB/s
dedup_time : 75.765s, 1135.87MB/s
rewrite_time : 0.927s, 92797.59MB/s
filter_time : 54.884s, 1568.03MB/s
write_time : 58.528s, 1470.40MB/s
+ set +o xtrace

